110.04.28 11:17 B I:\lessons\hebrews\Bible Study Lesson Sheets.gif <-- home.hiwaay.net /public_html/lessons/hebrews Bible Study Lesson Sheets.gif
110.04.28 11:17 B I:\lessons\hebrews\Hebrews.pdf <-- home.hiwaay.net /public_html/lessons/hebrews Hebrews.pdf
110.04.28 11:17 B I:\lessons\hebrews\bible-hebrews.gif <-- home.hiwaay.net /public_html/lessons/hebrews bible-hebrews.gif
110.04.28 11:17 B I:\lessons\hebrews\bible-james.gif <-- home.hiwaay.net /public_html/lessons/hebrews bible-james.gif
110.04.28 11:17 B I:\lessons\hebrews\hebrews-index.htm <-- home.hiwaay.net /public_html/lessons/hebrews hebrews-index.htm
110.04.28 11:17 B I:\lessons\hebrews\hebrews_01-07.pdf <-- home.hiwaay.net /public_html/lessons/hebrews hebrews_01-07.pdf
110.04.28 11:17 B I:\lessons\hebrews\hebrews_01.pdf <-- home.hiwaay.net /public_html/lessons/hebrews hebrews_01.pdf
110.04.28 11:17 B I:\lessons\hebrews\hebrews_02.pdf <-- home.hiwaay.net /public_html/lessons/hebrews hebrews_02.pdf
110.04.28 11:17 B I:\lessons\hebrews\hebrews_03.pdf <-- home.hiwaay.net /public_html/lessons/hebrews hebrews_03.pdf
110.04.28 11:17 B I:\lessons\hebrews\hebrews_04.pdf <-- home.hiwaay.net /public_html/lessons/hebrews hebrews_04.pdf
110.04.28 11:17 B I:\lessons\hebrews\hebrews_05.pdf <-- home.hiwaay.net /public_html/lessons/hebrews hebrews_05.pdf
110.04.28 11:17 B I:\lessons\hebrews\hebrews_06.pdf <-- home.hiwaay.net /public_html/lessons/hebrews hebrews_06.pdf
110.04.28 11:17 B I:\lessons\hebrews\hebrews_07.pdf <-- home.hiwaay.net /public_html/lessons/hebrews hebrews_07.pdf
110.04.28 11:17 B I:\lessons\hebrews\hebrews_08-13.pdf <-- home.hiwaay.net /public_html/lessons/hebrews hebrews_08-13.pdf
110.04.28 11:17 B I:\lessons\hebrews\hebrews_08.pdf <-- home.hiwaay.net /public_html/lessons/hebrews hebrews_08.pdf
110.04.28 11:18 B I:\lessons\hebrews\hebrews_09.pdf <-- home.hiwaay.net /public_html/lessons/hebrews hebrews_09.pdf
110.04.28 11:18 B I:\lessons\hebrews\hebrews_10.pdf <-- home.hiwaay.net /public_html/lessons/hebrews hebrews_10.pdf
110.04.28 11:18 B I:\lessons\hebrews\hebrews_11.pdf <-- home.hiwaay.net /public_html/lessons/hebrews hebrews_11.pdf
110.04.28 11:18 B I:\lessons\hebrews\hebrews_12.pdf <-- home.hiwaay.net /public_html/lessons/hebrews hebrews_12.pdf
110.04.28 11:18 B I:\lessons\hebrews\hebrews_13.pdf <-- home.hiwaay.net /public_html/lessons/hebrews hebrews_13.pdf
110.04.28 11:18 B I:\lessons\hebrews\hebrews_index.htm <-- home.hiwaay.net /public_html/lessons/hebrews hebrews_index.htm
110.04.28 11:18 B I:\lessons\hebrews\hebrews_lessons-WP.zip <-- home.hiwaay.net /public_html/lessons/hebrews hebrews_lessons-WP.zip
110.04.28 11:20 B I:\lessons\hebrews\hebrews_lessons.zip <-- home.hiwaay.net /public_html/lessons/hebrews hebrews_lessons.zip
110.04.28 11:20 B I:\lessons\hebrews\james-index.htm <-- home.hiwaay.net /public_html/lessons/hebrews james-index.htm
110.04.28 11:20 B I:\lessons\hebrews\james_pdf.zip <-- home.hiwaay.net /public_html/lessons/hebrews james_pdf.zip
110.06.02 07:20 B M:\~wgann\lessons\hebrews\Bible Study Lesson Sheets.gif --> home.hiwaay.net /public_html/lessons/hebrews Bible Study Lesson Sheets.gif
110.06.02 07:20 B M:\~wgann\lessons\hebrews\bible-hebrews.gif --> home.hiwaay.net /public_html/lessons/hebrews bible-hebrews.gif
110.06.02 07:21 B M:\~wgann\lessons\hebrews\bible-james.gif --> home.hiwaay.net /public_html/lessons/hebrews bible-james.gif
110.06.02 07:21 B M:\~wgann\lessons\hebrews\hebrews-index.htm --> home.hiwaay.net /public_html/lessons/hebrews hebrews-index.htm
110.06.02 07:21 B M:\~wgann\lessons\hebrews\Hebrews.pdf --> home.hiwaay.net /public_html/lessons/hebrews Hebrews.pdf
110.06.02 07:21 B M:\~wgann\lessons\hebrews\hebrews_01-07.pdf --> home.hiwaay.net /public_html/lessons/hebrews hebrews_01-07.pdf
110.06.02 07:21 B M:\~wgann\lessons\hebrews\hebrews_01.pdf --> home.hiwaay.net /public_html/lessons/hebrews hebrews_01.pdf
110.06.02 07:21 B M:\~wgann\lessons\hebrews\hebrews_02.pdf --> home.hiwaay.net /public_html/lessons/hebrews hebrews_02.pdf
110.06.02 07:21 B M:\~wgann\lessons\hebrews\hebrews_03.pdf --> home.hiwaay.net /public_html/lessons/hebrews hebrews_03.pdf
110.06.02 07:21 B M:\~wgann\lessons\hebrews\hebrews_04.pdf --> home.hiwaay.net /public_html/lessons/hebrews hebrews_04.pdf
110.06.02 07:21 B M:\~wgann\lessons\hebrews\hebrews_05.pdf --> home.hiwaay.net /public_html/lessons/hebrews hebrews_05.pdf
110.06.02 07:21 B M:\~wgann\lessons\hebrews\hebrews_06.pdf --> home.hiwaay.net /public_html/lessons/hebrews hebrews_06.pdf
110.06.02 07:21 B M:\~wgann\lessons\hebrews\hebrews_07.pdf --> home.hiwaay.net /public_html/lessons/hebrews hebrews_07.pdf
110.06.02 07:21 B M:\~wgann\lessons\hebrews\hebrews_08-13.pdf --> home.hiwaay.net /public_html/lessons/hebrews hebrews_08-13.pdf
110.06.02 07:21 B M:\~wgann\lessons\hebrews\hebrews_08.pdf --> home.hiwaay.net /public_html/lessons/hebrews hebrews_08.pdf
110.06.02 07:21 B M:\~wgann\lessons\hebrews\hebrews_09.pdf --> home.hiwaay.net /public_html/lessons/hebrews hebrews_09.pdf
110.06.02 07:21 B M:\~wgann\lessons\hebrews\hebrews_10.pdf --> home.hiwaay.net /public_html/lessons/hebrews hebrews_10.pdf
110.06.02 07:21 B M:\~wgann\lessons\hebrews\hebrews_11.pdf --> home.hiwaay.net /public_html/lessons/hebrews hebrews_11.pdf
110.06.02 07:21 B M:\~wgann\lessons\hebrews\hebrews_12.pdf --> home.hiwaay.net /public_html/lessons/hebrews hebrews_12.pdf
110.06.02 07:21 B M:\~wgann\lessons\hebrews\hebrews_13.pdf --> home.hiwaay.net /public_html/lessons/hebrews hebrews_13.pdf
110.06.02 07:21 B M:\~wgann\lessons\hebrews\hebrews_index.htm --> home.hiwaay.net /public_html/lessons/hebrews hebrews_index.htm
110.06.02 07:21 B M:\~wgann\lessons\hebrews\hebrews_lessons-WP.zip --> home.hiwaay.net /public_html/lessons/hebrews hebrews_lessons-WP.zip
110.06.02 07:22 B M:\~wgann\lessons\hebrews\hebrews_lessons.zip --> home.hiwaay.net /public_html/lessons/hebrews hebrews_lessons.zip
110.06.02 07:22 B M:\~wgann\lessons\hebrews\james_pdf.zip --> home.hiwaay.net /public_html/lessons/hebrews james_pdf.zip
