109.09.19 07:36 B C:\My D Documents\My Webs\~wgann\bbom_NEW\colossians_bbom\col-02tn.htm --> home.hiwaay.net /public_html/bbom_NEW col-02tn.htm
109.09.19 07:36 B C:\My D Documents\My Webs\~wgann\bbom_NEW\colossians_bbom\col-old.htm --> home.hiwaay.net /public_html/bbom_NEW col-old.htm
109.09.19 07:36 B C:\My D Documents\My Webs\~wgann\bbom_NEW\colossians_bbom\col-01.htm --> home.hiwaay.net /public_html/bbom_NEW col-01.htm
109.09.19 07:36 B C:\My D Documents\My Webs\~wgann\bbom_NEW\colossians_bbom\col-01tn.htm --> home.hiwaay.net /public_html/bbom_NEW col-01tn.htm
109.09.19 07:36 B C:\My D Documents\My Webs\~wgann\bbom_NEW\colossians_bbom\col-02.htm --> home.hiwaay.net /public_html/bbom_NEW col-02.htm
109.09.19 07:37 B C:\My D Documents\My Webs\~wgann\bbom_NEW\colossians_bbom\col-03.htm --> home.hiwaay.net /public_html/bbom_NEW col-03.htm
109.09.19 07:37 B C:\My D Documents\My Webs\~wgann\bbom_NEW\colossians_bbom\col-03tn.htm --> home.hiwaay.net /public_html/bbom_NEW col-03tn.htm
109.09.19 07:37 B C:\My D Documents\My Webs\~wgann\bbom_NEW\colossians_bbom\col-04.htm --> home.hiwaay.net /public_html/bbom_NEW col-04.htm
109.09.19 07:37 B C:\My D Documents\My Webs\~wgann\bbom_NEW\colossians_bbom\col-05.htm --> home.hiwaay.net /public_html/bbom_NEW col-05.htm
109.09.19 07:37 B C:\My D Documents\My Webs\~wgann\bbom_NEW\colossians_bbom\col-tit.gif --> home.hiwaay.net /public_html/bbom_NEW col-tit.gif
109.09.19 07:37 B C:\My D Documents\My Webs\~wgann\bbom_NEW\colossians_bbom\colossians_wpd_bbom.zip --> home.hiwaay.net /public_html/bbom_NEW colossians_wpd_bbom.zip
109.09.19 07:37 B C:\My D Documents\My Webs\~wgann\bbom_NEW\colossians_bbom\colossian_ques_answers_bbom.pdf --> home.hiwaay.net /public_html/bbom_NEW colossian_ques_answers_bbom.pdf
109.09.19 07:37 B C:\My D Documents\My Webs\~wgann\bbom_NEW\colossians_bbom\colossians_1_bbom.pdf --> home.hiwaay.net /public_html/bbom_NEW colossians_1_bbom.pdf
109.09.19 07:37 B C:\My D Documents\My Webs\~wgann\bbom_NEW\colossians_bbom\colossians_2_bbom.pdf --> home.hiwaay.net /public_html/bbom_NEW colossians_2_bbom.pdf
109.09.19 07:37 B C:\My D Documents\My Webs\~wgann\bbom_NEW\colossians_bbom\colossians_3_bbom.pdf --> home.hiwaay.net /public_html/bbom_NEW colossians_3_bbom.pdf
109.09.19 07:37 B C:\My D Documents\My Webs\~wgann\bbom_NEW\colossians_bbom\colossians_4_bbom.pdf --> home.hiwaay.net /public_html/bbom_NEW colossians_4_bbom.pdf
109.09.19 07:37 B C:\My D Documents\My Webs\~wgann\bbom_NEW\colossians_bbom\colossians_5_bbom.pdf --> home.hiwaay.net /public_html/bbom_NEW colossians_5_bbom.pdf
109.09.19 07:37 B C:\My D Documents\My Webs\~wgann\bbom_NEW\colossians_bbom\colossians_bkgd_bbom.pdf --> home.hiwaay.net /public_html/bbom_NEW colossians_bkgd_bbom.pdf
109.09.19 07:37 B C:\My D Documents\My Webs\~wgann\bbom_NEW\colossians_bbom\colossians_questions_bbom.pdf --> home.hiwaay.net /public_html/bbom_NEW colossians_questions_bbom.pdf
109.09.19 07:37 B C:\My D Documents\My Webs\~wgann\bbom_NEW\colossians_bbom\col.htm --> home.hiwaay.net /public_html/bbom_NEW col.htm
109.09.19 07:37 B C:\My D Documents\My Webs\~wgann\bbom_NEW\colossians_bbom\bbom .jpg --> home.hiwaay.net /public_html/bbom_NEW bbom .jpg
109.09.19 07:37 B C:\My D Documents\My Webs\~wgann\bbom_NEW\colossians_bbom\bbom.gif --> home.hiwaay.net /public_html/bbom_NEW bbom.gif
109.09.19 07:37 B C:\My D Documents\My Webs\~wgann\bbom_NEW\colossians_bbom\paper.gif --> home.hiwaay.net /public_html/bbom_NEW paper.gif
109.09.19 07:37 B C:\My D Documents\My Webs\~wgann\bbom_NEW\colossians_bbom\image001.gif --> home.hiwaay.net /public_html/bbom_NEW image001.gif
109.09.19 07:43 B C:\My D Documents\My Webs\~wgann\bbom_NEW\colossians_bbom\col.htm --> home.hiwaay.net /public_html/bbom_NEW/colossians_bbom col.htm
109.09.19 07:57 B C:\My D Documents\My Webs\~wgann\bbom_NEW\colossians_bbom\col.htm --> home.hiwaay.net /public_html/bbom_NEW/colossians_bbom col.htm
109.09.19 08:41 B C:\My D Documents\My Webs\~wgann\bbom_NEW\colossians_bbom\colossians.htm --> home.hiwaay.net /public_html/bbom_NEW/colossians_bbom colossians.htm
109.10.14 07:05 B C:\My D Documents\My Webs\~wgann\bbom\colossians_bbom\col-02tn.htm --> home.hiwaay.net /public_html/bbom/colossians_bbom col-02tn.htm
109.10.14 07:05 B C:\My D Documents\My Webs\~wgann\bbom\colossians_bbom\col-old.htm --> home.hiwaay.net /public_html/bbom/colossians_bbom col-old.htm
109.10.14 07:05 B C:\My D Documents\My Webs\~wgann\bbom\colossians_bbom\col-01.htm --> home.hiwaay.net /public_html/bbom/colossians_bbom col-01.htm
109.10.14 07:05 B C:\My D Documents\My Webs\~wgann\bbom\colossians_bbom\col-01tn.htm --> home.hiwaay.net /public_html/bbom/colossians_bbom col-01tn.htm
109.10.14 07:05 B C:\My D Documents\My Webs\~wgann\bbom\colossians_bbom\col-02.htm --> home.hiwaay.net /public_html/bbom/colossians_bbom col-02.htm
109.10.14 07:05 B C:\My D Documents\My Webs\~wgann\bbom\colossians_bbom\col-03.htm --> home.hiwaay.net /public_html/bbom/colossians_bbom col-03.htm
109.10.14 07:05 B C:\My D Documents\My Webs\~wgann\bbom\colossians_bbom\col-03tn.htm --> home.hiwaay.net /public_html/bbom/colossians_bbom col-03tn.htm
109.10.14 07:05 B C:\My D Documents\My Webs\~wgann\bbom\colossians_bbom\col-04.htm --> home.hiwaay.net /public_html/bbom/colossians_bbom col-04.htm
109.10.14 07:05 B C:\My D Documents\My Webs\~wgann\bbom\colossians_bbom\col-05.htm --> home.hiwaay.net /public_html/bbom/colossians_bbom col-05.htm
109.10.14 07:05 B C:\My D Documents\My Webs\~wgann\bbom\colossians_bbom\col-tit.gif --> home.hiwaay.net /public_html/bbom/colossians_bbom col-tit.gif
109.10.14 07:05 B C:\My D Documents\My Webs\~wgann\bbom\colossians_bbom\colossians_wpd_bbom.zip --> home.hiwaay.net /public_html/bbom/colossians_bbom colossians_wpd_bbom.zip
109.10.14 07:05 B C:\My D Documents\My Webs\~wgann\bbom\colossians_bbom\colossian_ques_answers_bbom.pdf --> home.hiwaay.net /public_html/bbom/colossians_bbom colossian_ques_answers_bbom.pdf
109.10.14 07:05 B C:\My D Documents\My Webs\~wgann\bbom\colossians_bbom\colossians_1_bbom.pdf --> home.hiwaay.net /public_html/bbom/colossians_bbom colossians_1_bbom.pdf
109.10.14 07:05 B C:\My D Documents\My Webs\~wgann\bbom\colossians_bbom\colossians_2_bbom.pdf --> home.hiwaay.net /public_html/bbom/colossians_bbom colossians_2_bbom.pdf
109.10.14 07:05 B C:\My D Documents\My Webs\~wgann\bbom\colossians_bbom\colossians_3_bbom.pdf --> home.hiwaay.net /public_html/bbom/colossians_bbom colossians_3_bbom.pdf
109.10.14 07:05 B C:\My D Documents\My Webs\~wgann\bbom\colossians_bbom\colossians_4_bbom.pdf --> home.hiwaay.net /public_html/bbom/colossians_bbom colossians_4_bbom.pdf
109.10.14 07:05 B C:\My D Documents\My Webs\~wgann\bbom\colossians_bbom\colossians_5_bbom.pdf --> home.hiwaay.net /public_html/bbom/colossians_bbom colossians_5_bbom.pdf
109.10.14 07:05 B C:\My D Documents\My Webs\~wgann\bbom\colossians_bbom\colossians_bkgd_bbom.pdf --> home.hiwaay.net /public_html/bbom/colossians_bbom colossians_bkgd_bbom.pdf
109.10.14 07:05 B C:\My D Documents\My Webs\~wgann\bbom\colossians_bbom\colossians_questions_bbom.pdf --> home.hiwaay.net /public_html/bbom/colossians_bbom colossians_questions_bbom.pdf
109.10.14 07:05 B C:\My D Documents\My Webs\~wgann\bbom\colossians_bbom\col.htm --> home.hiwaay.net /public_html/bbom/colossians_bbom col.htm
109.10.14 07:05 B C:\My D Documents\My Webs\~wgann\bbom\colossians_bbom\bbom .jpg --> home.hiwaay.net /public_html/bbom/colossians_bbom bbom .jpg
109.10.14 07:05 B C:\My D Documents\My Webs\~wgann\bbom\colossians_bbom\bbom.gif --> home.hiwaay.net /public_html/bbom/colossians_bbom bbom.gif
109.10.14 07:05 B C:\My D Documents\My Webs\~wgann\bbom\colossians_bbom\paper.gif --> home.hiwaay.net /public_html/bbom/colossians_bbom paper.gif
109.10.14 07:05 B C:\My D Documents\My Webs\~wgann\bbom\colossians_bbom\image001.gif --> home.hiwaay.net /public_html/bbom/colossians_bbom image001.gif
