vti_encoding:SR|utf8-nl
vti_timelastmodified:TR|28 Apr 2010 16:15:46 -0000
vti_extenderversion:SR|5.0.2.6790
vti_lineageid:SR|{4EFE08D9-7000-46A6-B31C-1B20DEE44C94}
vti_cacheddtm:TX|28 Apr 2010 16:15:46 -0000
vti_filesize:IR|1157
vti_backlinkinfo:VX|
110.06.02 07:18 B M:\~wgann\lessons\_vti_cnf\1cor-bsls.gif --> home.hiwaay.net /public_html/lessons/_vti_cnf 1cor-bsls.gif
110.06.02 07:18 B M:\~wgann\lessons\_vti_cnf\1john-bsls.gif --> home.hiwaay.net /public_html/lessons/_vti_cnf 1john-bsls.gif
110.06.02 07:18 B M:\~wgann\lessons\_vti_cnf\1pet-bsls.gif --> home.hiwaay.net /public_html/lessons/_vti_cnf 1pet-bsls.gif
110.06.02 07:19 B M:\~wgann\lessons\_vti_cnf\1thess-bsls.gif --> home.hiwaay.net /public_html/lessons/_vti_cnf 1thess-bsls.gif
110.06.02 07:19 B M:\~wgann\lessons\_vti_cnf\1tim-bsls.gif --> home.hiwaay.net /public_html/lessons/_vti_cnf 1tim-bsls.gif
110.06.02 07:19 B M:\~wgann\lessons\_vti_cnf\2cor-bsls.gif --> home.hiwaay.net /public_html/lessons/_vti_cnf 2cor-bsls.gif
110.06.02 07:19 B M:\~wgann\lessons\_vti_cnf\2john-bsls.gif --> home.hiwaay.net /public_html/lessons/_vti_cnf 2john-bsls.gif
110.06.02 07:19 B M:\~wgann\lessons\_vti_cnf\2pet-bsls.gif --> home.hiwaay.net /public_html/lessons/_vti_cnf 2pet-bsls.gif
110.06.02 07:19 B M:\~wgann\lessons\_vti_cnf\2thess-bsls.gif --> home.hiwaay.net /public_html/lessons/_vti_cnf 2thess-bsls.gif
110.06.02 07:19 B M:\~wgann\lessons\_vti_cnf\2tim-bsls.gif --> home.hiwaay.net /public_html/lessons/_vti_cnf 2tim-bsls.gif
110.06.02 07:19 B M:\~wgann\lessons\_vti_cnf\3john-bsls.gif --> home.hiwaay.net /public_html/lessons/_vti_cnf 3john-bsls.gif
110.06.02 07:19 B M:\~wgann\lessons\_vti_cnf\acts-bsls.gif --> home.hiwaay.net /public_html/lessons/_vti_cnf acts-bsls.gif
110.06.02 07:19 B M:\~wgann\lessons\_vti_cnf\Bible - good copy green bkgd.jpg --> home.hiwaay.net /public_html/lessons/_vti_cnf Bible - good copy green bkgd.jpg
110.06.02 07:19 B M:\~wgann\lessons\_vti_cnf\Bible - good copy.jpg --> home.hiwaay.net /public_html/lessons/_vti_cnf Bible - good copy.jpg
110.06.02 07:19 B M:\~wgann\lessons\_vti_cnf\Bible - good.png --> home.hiwaay.net /public_html/lessons/_vti_cnf Bible - good.png
110.06.02 07:19 B M:\~wgann\lessons\_vti_cnf\Bible Study Lesson Sheets.gif --> home.hiwaay.net /public_html/lessons/_vti_cnf Bible Study Lesson Sheets.gif
110.06.02 07:19 B M:\~wgann\lessons\_vti_cnf\bible-hebrews.gif --> home.hiwaay.net /public_html/lessons/_vti_cnf bible-hebrews.gif
110.06.02 07:19 B M:\~wgann\lessons\_vti_cnf\Bible_Open.jpg --> home.hiwaay.net /public_html/lessons/_vti_cnf Bible_Open.jpg
110.06.02 07:19 B M:\~wgann\lessons\_vti_cnf\BSLS-Romans.gif --> home.hiwaay.net /public_html/lessons/_vti_cnf BSLS-Romans.gif
110.06.02 07:19 B M:\~wgann\lessons\_vti_cnf\col-bsls.gif --> home.hiwaay.net /public_html/lessons/_vti_cnf col-bsls.gif
110.06.02 07:19 B M:\~wgann\lessons\_vti_cnf\eph-bsls.gif --> home.hiwaay.net /public_html/lessons/_vti_cnf eph-bsls.gif
110.06.02 07:19 B M:\~wgann\lessons\_vti_cnf\gal-bsls.gif --> home.hiwaay.net /public_html/lessons/_vti_cnf gal-bsls.gif
110.06.02 07:19 B M:\~wgann\lessons\_vti_cnf\index.htm --> home.hiwaay.net /public_html/lessons/_vti_cnf index.htm
110.06.02 07:19 B M:\~wgann\lessons\_vti_cnf\james-bsls.gif --> home.hiwaay.net /public_html/lessons/_vti_cnf james-bsls.gif
110.06.02 07:19 B M:\~wgann\lessons\_vti_cnf\james.gif --> home.hiwaay.net /public_html/lessons/_vti_cnf james.gif
110.06.02 07:19 B M:\~wgann\lessons\_vti_cnf\james_index.htm --> home.hiwaay.net /public_html/lessons/_vti_cnf james_index.htm
110.06.02 07:19 B M:\~wgann\lessons\_vti_cnf\john-bsls.gif --> home.hiwaay.net /public_html/lessons/_vti_cnf john-bsls.gif
110.06.02 07:19 B M:\~wgann\lessons\_vti_cnf\jude-bsls.gif --> home.hiwaay.net /public_html/lessons/_vti_cnf jude-bsls.gif
110.06.02 07:19 B M:\~wgann\lessons\_vti_cnf\lesson-index.htm --> home.hiwaay.net /public_html/lessons/_vti_cnf lesson-index.htm
110.06.02 07:19 B M:\~wgann\lessons\_vti_cnf\lesson_index.htm --> home.hiwaay.net /public_html/lessons/_vti_cnf lesson_index.htm
110.06.02 07:19 B M:\~wgann\lessons\_vti_cnf\luke-bsls.gif --> home.hiwaay.net /public_html/lessons/_vti_cnf luke-bsls.gif
110.06.02 07:19 B M:\~wgann\lessons\_vti_cnf\mark-bsls.gif --> home.hiwaay.net /public_html/lessons/_vti_cnf mark-bsls.gif
110.06.02 07:19 B M:\~wgann\lessons\_vti_cnf\matthew-bsls.gif --> home.hiwaay.net /public_html/lessons/_vti_cnf matthew-bsls.gif
110.06.02 07:19 B M:\~wgann\lessons\_vti_cnf\Phil-bsls.gif --> home.hiwaay.net /public_html/lessons/_vti_cnf Phil-bsls.gif
110.06.02 07:19 B M:\~wgann\lessons\_vti_cnf\philemon-bsls.gif --> home.hiwaay.net /public_html/lessons/_vti_cnf philemon-bsls.gif
110.06.02 07:19 B M:\~wgann\lessons\_vti_cnf\revelation-bsls.gif --> home.hiwaay.net /public_html/lessons/_vti_cnf revelation-bsls.gif
110.06.02 07:19 B M:\~wgann\lessons\_vti_cnf\titus-bsls.gif --> home.hiwaay.net /public_html/lessons/_vti_cnf titus-bsls.gif
