106.07.13 19:19 B F:\CD Creations\DVD COC web site\powerpoint\Divorce-97-sample.ppt <-- www.rogersvillecoc.org /web/powerpoint Divorce-97-sample.ppt
106.07.13 19:19 B F:\CD Creations\DVD COC web site\powerpoint\Divorce_xp_sample.ppt <-- www.rogersvillecoc.org /web/powerpoint Divorce_xp_sample.ppt
106.07.13 19:19 B F:\CD Creations\DVD COC web site\powerpoint\Gods_word_sample.ppt <-- www.rogersvillecoc.org /web/powerpoint Gods_word_sample.ppt
106.07.13 19:19 B F:\CD Creations\DVD COC web site\powerpoint\Heartfelt_sample.ppt <-- www.rogersvillecoc.org /web/powerpoint Heartfelt_sample.ppt
106.07.13 19:19 B F:\CD Creations\DVD COC web site\powerpoint\Lords_supper_sample.ppt <-- www.rogersvillecoc.org /web/powerpoint Lords_supper_sample.ppt
106.07.13 19:21 B F:\CD Creations\DVD COC web site\powerpoint\Nehemiah_Leadership_Lessons.ppt <-- www.rogersvillecoc.org /web/powerpoint Nehemiah_Leadership_Lessons.ppt
106.07.13 19:22 B F:\CD Creations\DVD COC web site\powerpoint\PPT-vol_7-s.jpg <-- www.rogersvillecoc.org /web/powerpoint PPT-vol_7-s.jpg
106.07.13 19:22 B F:\CD Creations\DVD COC web site\powerpoint\PPT_8_cover pic.jpg <-- www.rogersvillecoc.org /web/powerpoint PPT_8_cover pic.jpg
106.07.13 19:22 B F:\CD Creations\DVD COC web site\powerpoint\Parable_soils_sample.ppt <-- www.rogersvillecoc.org /web/powerpoint Parable_soils_sample.ppt
106.07.13 19:22 B F:\CD Creations\DVD COC web site\powerpoint\Parable_soils_sample1.ppt <-- www.rogersvillecoc.org /web/powerpoint Parable_soils_sample1.ppt
106.07.13 19:22 B F:\CD Creations\DVD COC web site\powerpoint\Parable_soils_sample2.ppt <-- www.rogersvillecoc.org /web/powerpoint Parable_soils_sample2.ppt
106.07.13 19:22 B F:\CD Creations\DVD COC web site\powerpoint\cr_1.jpg <-- www.rogersvillecoc.org /web/powerpoint cr_1.jpg
106.07.13 19:22 B F:\CD Creations\DVD COC web site\powerpoint\index-0407.htm <-- www.rogersvillecoc.org /web/powerpoint index-0407.htm
106.07.13 19:22 B F:\CD Creations\DVD COC web site\powerpoint\index-050109.htm <-- www.rogersvillecoc.org /web/powerpoint index-050109.htm
106.07.13 19:22 B F:\CD Creations\DVD COC web site\powerpoint\index-2.htm <-- www.rogersvillecoc.org /web/powerpoint index-2.htm
106.07.13 19:22 B F:\CD Creations\DVD COC web site\powerpoint\index-3.htm <-- www.rogersvillecoc.org /web/powerpoint index-3.htm
106.07.13 19:22 B F:\CD Creations\DVD COC web site\powerpoint\index-4.htm <-- www.rogersvillecoc.org /web/powerpoint index-4.htm
106.07.13 19:22 B F:\CD Creations\DVD COC web site\powerpoint\index-b0502.htm <-- www.rogersvillecoc.org /web/powerpoint index-b0502.htm
106.07.13 19:22 B F:\CD Creations\DVD COC web site\powerpoint\index-old.htm <-- www.rogersvillecoc.org /web/powerpoint index-old.htm
106.07.13 19:22 B F:\CD Creations\DVD COC web site\powerpoint\index.htm <-- www.rogersvillecoc.org /web/powerpoint index.htm
106.07.13 19:22 B F:\CD Creations\DVD COC web site\powerpoint\projector.jpg <-- www.rogersvillecoc.org /web/powerpoint projector.jpg
106.07.13 19:22 B F:\CD Creations\DVD COC web site\powerpoint\screen.jpg <-- www.rogersvillecoc.org /web/powerpoint screen.jpg
106.07.13 19:22 B F:\CD Creations\DVD COC web site\powerpoint\screen_1.jpg <-- www.rogersvillecoc.org /web/powerpoint screen_1.jpg
106.07.13 19:22 B F:\CD Creations\DVD COC web site\powerpoint\screen_4.jpg <-- www.rogersvillecoc.org /web/powerpoint screen_4.jpg
106.07.13 19:22 B F:\CD Creations\DVD COC web site\powerpoint\screen_5.jpg <-- www.rogersvillecoc.org /web/powerpoint screen_5.jpg
106.07.13 19:22 B F:\CD Creations\DVD COC web site\powerpoint\screen_5c.jpg <-- www.rogersvillecoc.org /web/powerpoint screen_5c.jpg
106.07.13 19:22 B F:\CD Creations\DVD COC web site\powerpoint\screen_5d.jpg <-- www.rogersvillecoc.org /web/powerpoint screen_5d.jpg
106.07.13 19:22 B F:\CD Creations\DVD COC web site\powerpoint\screen_6aa.jpg <-- www.rogersvillecoc.org /web/powerpoint screen_6aa.jpg
106.07.13 19:22 B F:\CD Creations\DVD COC web site\powerpoint\screen_6b.jpg <-- www.rogersvillecoc.org /web/powerpoint screen_6b.jpg
106.07.14 14:28 B F:\CD Creations\DVD COC web site\powerpoint\cr_1.jpg --> home.hiwaay.net /public_html/powerpoint cr_1.jpg
106.07.14 14:29 B F:\CD Creations\DVD COC web site\powerpoint\Divorce-97-sample.ppt --> home.hiwaay.net /public_html/powerpoint Divorce-97-sample.ppt
106.07.14 14:29 B F:\CD Creations\DVD COC web site\powerpoint\Divorce_xp_sample.ppt --> home.hiwaay.net /public_html/powerpoint Divorce_xp_sample.ppt
106.07.14 14:29 B F:\CD Creations\DVD COC web site\powerpoint\Gods_word_sample.ppt --> home.hiwaay.net /public_html/powerpoint Gods_word_sample.ppt
106.07.14 14:30 B F:\CD Creations\DVD COC web site\powerpoint\Heartfelt_sample.ppt --> home.hiwaay.net /public_html/powerpoint Heartfelt_sample.ppt
106.07.14 14:30 B F:\CD Creations\DVD COC web site\powerpoint\index-0407.htm --> home.hiwaay.net /public_html/powerpoint index-0407.htm
106.07.14 14:30 B F:\CD Creations\DVD COC web site\powerpoint\index-050109.htm --> home.hiwaay.net /public_html/powerpoint index-050109.htm
106.07.14 14:30 B F:\CD Creations\DVD COC web site\powerpoint\index-2.htm --> home.hiwaay.net /public_html/powerpoint index-2.htm
106.07.14 14:30 B F:\CD Creations\DVD COC web site\powerpoint\index-3.htm --> home.hiwaay.net /public_html/powerpoint index-3.htm
106.07.14 14:30 B F:\CD Creations\DVD COC web site\powerpoint\index-4.htm --> home.hiwaay.net /public_html/powerpoint index-4.htm
106.07.14 14:30 B F:\CD Creations\DVD COC web site\powerpoint\index-b0502.htm --> home.hiwaay.net /public_html/powerpoint index-b0502.htm
106.07.14 14:30 B F:\CD Creations\DVD COC web site\powerpoint\index-old.htm --> home.hiwaay.net /public_html/powerpoint index-old.htm
106.07.14 14:30 B F:\CD Creations\DVD COC web site\powerpoint\index.htm --> home.hiwaay.net /public_html/powerpoint index.htm
106.07.14 14:31 B F:\CD Creations\DVD COC web site\powerpoint\Lords_supper_sample.ppt --> home.hiwaay.net /public_html/powerpoint Lords_supper_sample.ppt
106.07.14 14:43 B F:\CD Creations\DVD COC web site\powerpoint\Nehemiah_Leadership_Lessons.ppt --> home.hiwaay.net /public_html/powerpoint Nehemiah_Leadership_Lessons.ppt
106.07.14 14:45 B F:\CD Creations\DVD COC web site\powerpoint\Parable_soils_sample.ppt --> home.hiwaay.net /public_html/powerpoint Parable_soils_sample.ppt
106.07.14 14:45 B F:\CD Creations\DVD COC web site\powerpoint\Parable_soils_sample1.ppt --> home.hiwaay.net /public_html/powerpoint Parable_soils_sample1.ppt
106.07.14 14:47 B F:\CD Creations\DVD COC web site\powerpoint\Parable_soils_sample2.ppt --> home.hiwaay.net /public_html/powerpoint Parable_soils_sample2.ppt
106.07.14 14:47 B F:\CD Creations\DVD COC web site\powerpoint\PPT-vol_7-s.jpg --> home.hiwaay.net /public_html/powerpoint PPT-vol_7-s.jpg
106.07.14 14:47 B F:\CD Creations\DVD COC web site\powerpoint\PPT_8_cover pic.jpg --> home.hiwaay.net /public_html/powerpoint PPT_8_cover pic.jpg
106.07.14 14:47 B F:\CD Creations\DVD COC web site\powerpoint\projector.jpg --> home.hiwaay.net /public_html/powerpoint projector.jpg
106.07.14 14:47 B F:\CD Creations\DVD COC web site\powerpoint\screen.jpg --> home.hiwaay.net /public_html/powerpoint screen.jpg
106.07.14 14:47 B F:\CD Creations\DVD COC web site\powerpoint\screen_1.jpg --> home.hiwaay.net /public_html/powerpoint screen_1.jpg
106.07.14 14:47 B F:\CD Creations\DVD COC web site\powerpoint\screen_4.jpg --> home.hiwaay.net /public_html/powerpoint screen_4.jpg
106.07.14 14:47 B F:\CD Creations\DVD COC web site\powerpoint\screen_5.jpg --> home.hiwaay.net /public_html/powerpoint screen_5.jpg
106.07.14 14:47 B F:\CD Creations\DVD COC web site\powerpoint\screen_5c.jpg --> home.hiwaay.net /public_html/powerpoint screen_5c.jpg
106.07.14 14:47 B F:\CD Creations\DVD COC web site\powerpoint\screen_5d.jpg --> home.hiwaay.net /public_html/powerpoint screen_5d.jpg
106.07.14 14:47 B F:\CD Creations\DVD COC web site\powerpoint\screen_6aa.jpg --> home.hiwaay.net /public_html/powerpoint screen_6aa.jpg
106.07.14 14:47 B F:\CD Creations\DVD COC web site\powerpoint\screen_6b.jpg --> home.hiwaay.net /public_html/powerpoint screen_6b.jpg
