109.09.18 09:53 B C:\My D Documents\My Webs\~wgann\bbom_NEW\mark_bbom\mark-1.htm --> home.hiwaay.net /public_html/bbom_NEW mark-1.htm
109.09.18 09:53 B C:\My D Documents\My Webs\~wgann\bbom_NEW\mark_bbom\mark-2.htm --> home.hiwaay.net /public_html/bbom_NEW mark-2.htm
109.09.18 09:53 B C:\My D Documents\My Webs\~wgann\bbom_NEW\mark_bbom\mark-3.htm --> home.hiwaay.net /public_html/bbom_NEW mark-3.htm
109.09.18 09:53 B C:\My D Documents\My Webs\~wgann\bbom_NEW\mark_bbom\mark-4.htm --> home.hiwaay.net /public_html/bbom_NEW mark-4.htm
109.09.18 09:53 B C:\My D Documents\My Webs\~wgann\bbom_NEW\mark_bbom\mark-bkg.htm --> home.hiwaay.net /public_html/bbom_NEW mark-bkg.htm
109.09.18 09:53 B C:\My D Documents\My Webs\~wgann\bbom_NEW\mark_bbom\mark-tit.gif --> home.hiwaay.net /public_html/bbom_NEW mark-tit.gif
109.09.18 09:53 B C:\My D Documents\My Webs\~wgann\bbom_NEW\mark_bbom\bbom.gif --> home.hiwaay.net /public_html/bbom_NEW bbom.gif
109.09.18 09:53 B C:\My D Documents\My Webs\~wgann\bbom_NEW\mark_bbom\bbom .jpg --> home.hiwaay.net /public_html/bbom_NEW bbom .jpg
109.09.18 09:53 B C:\My D Documents\My Webs\~wgann\bbom_NEW\mark_bbom\bbom_small.gif --> home.hiwaay.net /public_html/bbom_NEW bbom_small.gif
109.09.18 09:53 B C:\My D Documents\My Webs\~wgann\bbom_NEW\mark_bbom\mark_1_bbom.pdf --> home.hiwaay.net /public_html/bbom_NEW mark_1_bbom.pdf
109.09.18 09:53 B C:\My D Documents\My Webs\~wgann\bbom_NEW\mark_bbom\mark_2_bbom.pdf --> home.hiwaay.net /public_html/bbom_NEW mark_2_bbom.pdf
109.09.18 09:54 B C:\My D Documents\My Webs\~wgann\bbom_NEW\mark_bbom\mark_3_bbom.pdf --> home.hiwaay.net /public_html/bbom_NEW mark_3_bbom.pdf
109.09.18 09:54 B C:\My D Documents\My Webs\~wgann\bbom_NEW\mark_bbom\mark_4_bbom.pdf --> home.hiwaay.net /public_html/bbom_NEW mark_4_bbom.pdf
109.09.18 09:54 B C:\My D Documents\My Webs\~wgann\bbom_NEW\mark_bbom\mark_bkgd_bbom.pdf --> home.hiwaay.net /public_html/bbom_NEW mark_bkgd_bbom.pdf
109.09.18 09:54 B C:\My D Documents\My Webs\~wgann\bbom_NEW\mark_bbom\mark_bbom_wpd.zip --> home.hiwaay.net /public_html/bbom_NEW mark_bbom_wpd.zip
109.09.18 09:54 B C:\My D Documents\My Webs\~wgann\bbom_NEW\mark_bbom\bbom.jpg --> home.hiwaay.net /public_html/bbom_NEW bbom.jpg
109.09.18 09:54 B C:\My D Documents\My Webs\~wgann\bbom_NEW\mark_bbom\image001.gif --> home.hiwaay.net /public_html/bbom_NEW image001.gif
109.09.18 09:54 B C:\My D Documents\My Webs\~wgann\bbom_NEW\mark_bbom\mark.htm --> home.hiwaay.net /public_html/bbom_NEW mark.htm
109.09.18 10:21 B C:\My D Documents\My Webs\~wgann\bbom_NEW\mark_bbom\mark.htm --> home.hiwaay.net /public_html/bbom_NEW/mark_bbom mark.htm
109.09.18 10:29 B C:\My D Documents\My Webs\~wgann\bbom_NEW\mark_bbom\mark.htm --> home.hiwaay.net /public_html/bbom_NEW/mark_bbom mark.htm
109.10.14 07:08 B C:\My D Documents\My Webs\~wgann\bbom\mark_bbom\mark-1.htm --> home.hiwaay.net /public_html/bbom/mark_bbom mark-1.htm
109.10.14 07:08 B C:\My D Documents\My Webs\~wgann\bbom\mark_bbom\mark-2.htm --> home.hiwaay.net /public_html/bbom/mark_bbom mark-2.htm
109.10.14 07:08 B C:\My D Documents\My Webs\~wgann\bbom\mark_bbom\mark-3.htm --> home.hiwaay.net /public_html/bbom/mark_bbom mark-3.htm
109.10.14 07:08 B C:\My D Documents\My Webs\~wgann\bbom\mark_bbom\mark-4.htm --> home.hiwaay.net /public_html/bbom/mark_bbom mark-4.htm
109.10.14 07:08 B C:\My D Documents\My Webs\~wgann\bbom\mark_bbom\mark-bkg.htm --> home.hiwaay.net /public_html/bbom/mark_bbom mark-bkg.htm
109.10.14 07:08 B C:\My D Documents\My Webs\~wgann\bbom\mark_bbom\mark-tit.gif --> home.hiwaay.net /public_html/bbom/mark_bbom mark-tit.gif
109.10.14 07:08 B C:\My D Documents\My Webs\~wgann\bbom\mark_bbom\bbom_small.gif --> home.hiwaay.net /public_html/bbom/mark_bbom bbom_small.gif
109.10.14 07:08 B C:\My D Documents\My Webs\~wgann\bbom\mark_bbom\mark_1_bbom.pdf --> home.hiwaay.net /public_html/bbom/mark_bbom mark_1_bbom.pdf
109.10.14 07:08 B C:\My D Documents\My Webs\~wgann\bbom\mark_bbom\mark_2_bbom.pdf --> home.hiwaay.net /public_html/bbom/mark_bbom mark_2_bbom.pdf
109.10.14 07:08 B C:\My D Documents\My Webs\~wgann\bbom\mark_bbom\mark_3_bbom.pdf --> home.hiwaay.net /public_html/bbom/mark_bbom mark_3_bbom.pdf
109.10.14 07:08 B C:\My D Documents\My Webs\~wgann\bbom\mark_bbom\mark_4_bbom.pdf --> home.hiwaay.net /public_html/bbom/mark_bbom mark_4_bbom.pdf
109.10.14 07:08 B C:\My D Documents\My Webs\~wgann\bbom\mark_bbom\mark_bkgd_bbom.pdf --> home.hiwaay.net /public_html/bbom/mark_bbom mark_bkgd_bbom.pdf
109.10.14 07:08 B C:\My D Documents\My Webs\~wgann\bbom\mark_bbom\mark_bbom_wpd.zip --> home.hiwaay.net /public_html/bbom/mark_bbom mark_bbom_wpd.zip
109.10.14 07:08 B C:\My D Documents\My Webs\~wgann\bbom\mark_bbom\bbom.jpg --> home.hiwaay.net /public_html/bbom/mark_bbom bbom.jpg
109.10.14 07:08 B C:\My D Documents\My Webs\~wgann\bbom\mark_bbom\image001.gif --> home.hiwaay.net /public_html/bbom/mark_bbom image001.gif
109.10.14 07:08 B C:\My D Documents\My Webs\~wgann\bbom\mark_bbom\mark.htm --> home.hiwaay.net /public_html/bbom/mark_bbom mark.htm
