98.02.06 05:53 A d:\home\mount\mount-02.htm <-- home.hiwaay.net /data2/Lkr_Usr_/wgann/public_html/mount mount-02.htm
98.02.06 05:53 A d:\home\mount\mount-03.htm <-- home.hiwaay.net /data2/Lkr_Usr_/wgann/public_html/mount mount-03.htm
98.02.06 05:53 A d:\home\mount\mount-04.htm <-- home.hiwaay.net /data2/Lkr_Usr_/wgann/public_html/mount mount-04.htm
98.02.06 05:53 A d:\home\mount\mount-05.htm <-- home.hiwaay.net /data2/Lkr_Usr_/wgann/public_html/mount mount-05.htm
98.02.06 05:53 A d:\home\mount\mount-06.htm <-- home.hiwaay.net /data2/Lkr_Usr_/wgann/public_html/mount mount-06.htm
98.02.06 05:53 A d:\home\mount\mount-07.htm <-- home.hiwaay.net /data2/Lkr_Usr_/wgann/public_html/mount mount-07.htm
98.02.06 05:53 A d:\home\mount\mount-08.htm <-- home.hiwaay.net /data2/Lkr_Usr_/wgann/public_html/mount mount-08.htm
98.02.06 05:53 A d:\home\mount\mount-09.htm <-- home.hiwaay.net /data2/Lkr_Usr_/wgann/public_html/mount mount-09.htm
98.02.06 05:53 A d:\home\mount\mount-10.htm <-- home.hiwaay.net /data2/Lkr_Usr_/wgann/public_html/mount mount-10.htm
98.02.06 05:53 A d:\home\mount\mount-11.htm <-- home.hiwaay.net /data2/Lkr_Usr_/wgann/public_html/mount mount-11.htm
98.02.06 05:53 A d:\home\mount\mount-12.htm <-- home.hiwaay.net /data2/Lkr_Usr_/wgann/public_html/mount mount-12.htm
98.02.06 05:53 A d:\home\mount\mount-13.htm <-- home.hiwaay.net /data2/Lkr_Usr_/wgann/public_html/mount mount-13.htm
98.02.06 05:53 A d:\home\mount\mount-14.htm <-- home.hiwaay.net /data2/Lkr_Usr_/wgann/public_html/mount mount-14.htm
98.02.06 05:53 A d:\home\mount\mount-15.htm <-- home.hiwaay.net /data2/Lkr_Usr_/wgann/public_html/mount mount-15.htm
98.02.06 05:53 A d:\home\mount\mount-16.htm <-- home.hiwaay.net /data2/Lkr_Usr_/wgann/public_html/mount mount-16.htm
98.02.06 05:53 A d:\home\mount\mount-17.htm <-- home.hiwaay.net /data2/Lkr_Usr_/wgann/public_html/mount mount-17.htm
98.02.06 05:53 A d:\home\mount\mount-18.htm <-- home.hiwaay.net /data2/Lkr_Usr_/wgann/public_html/mount mount-18.htm
98.02.06 05:53 A d:\home\mount\mount-19.htm <-- home.hiwaay.net /data2/Lkr_Usr_/wgann/public_html/mount mount-19.htm
98.02.06 05:53 A d:\home\mount\mount-20.htm <-- home.hiwaay.net /data2/Lkr_Usr_/wgann/public_html/mount mount-20.htm
98.02.06 05:53 A d:\home\mount\mount-21.htm <-- home.hiwaay.net /data2/Lkr_Usr_/wgann/public_html/mount mount-21.htm
98.02.06 05:53 A d:\home\mount\mount-22.htm <-- home.hiwaay.net /data2/Lkr_Usr_/wgann/public_html/mount mount-22.htm
98.02.06 05:53 A d:\home\mount\mount-23.htm <-- home.hiwaay.net /data2/Lkr_Usr_/wgann/public_html/mount mount-23.htm
98.02.06 05:53 A d:\home\mount\mount-24.htm <-- home.hiwaay.net /data2/Lkr_Usr_/wgann/public_html/mount mount-24.htm
98.02.06 05:53 A d:\home\mount\mount-25.htm <-- home.hiwaay.net /data2/Lkr_Usr_/wgann/public_html/mount mount-25.htm
98.02.06 05:53 A d:\home\mount\mount-26.htm <-- home.hiwaay.net /data2/Lkr_Usr_/wgann/public_html/mount mount-26.htm
98.02.06 05:53 A d:\home\mount\mount-27.htm <-- home.hiwaay.net /data2/Lkr_Usr_/wgann/public_html/mount mount-27.htm
98.02.06 05:54 B d:\home\mount\mount.gif <-- home.hiwaay.net /data2/Lkr_Usr_/wgann/public_html/mount mount.gif
98.02.06 05:54 A d:\home\mount\mount.htm <-- home.hiwaay.net /data2/Lkr_Usr_/wgann/public_html/mount mount.htm
98.02.06 05:54 B d:\home\mount\slate.gif <-- home.hiwaay.net /data2/Lkr_Usr_/wgann/public_html/mount slate.gif
98.02.06 21:27 A D:\~WGANN\mount\index.htm --> home.hiwaay.net /data2/Lkr_Usr_/wgann/public_html index.htm
98.02.06 21:27 A D:\~WGANN\mount\mount-02.htm --> home.hiwaay.net /data2/Lkr_Usr_/wgann/public_html mount-02.htm
98.02.06 21:27 A D:\~WGANN\mount\mount-03.htm --> home.hiwaay.net /data2/Lkr_Usr_/wgann/public_html mount-03.htm
98.02.06 21:27 A D:\~WGANN\mount\mount-04.htm --> home.hiwaay.net /data2/Lkr_Usr_/wgann/public_html mount-04.htm
98.02.06 21:27 A D:\~WGANN\mount\mount-05.htm --> home.hiwaay.net /data2/Lkr_Usr_/wgann/public_html mount-05.htm
98.02.06 21:27 A D:\~WGANN\mount\mount-06.htm --> home.hiwaay.net /data2/Lkr_Usr_/wgann/public_html mount-06.htm
98.02.06 21:27 A D:\~WGANN\mount\mount-07.htm --> home.hiwaay.net /data2/Lkr_Usr_/wgann/public_html mount-07.htm
98.02.06 21:27 A D:\~WGANN\mount\mount-08.htm --> home.hiwaay.net /data2/Lkr_Usr_/wgann/public_html mount-08.htm
98.02.06 21:27 A D:\~WGANN\mount\mount-09.htm --> home.hiwaay.net /data2/Lkr_Usr_/wgann/public_html mount-09.htm
98.02.06 21:27 A D:\~WGANN\mount\mount-10.htm --> home.hiwaay.net /data2/Lkr_Usr_/wgann/public_html mount-10.htm
98.02.06 21:27 A D:\~WGANN\mount\mount-11.htm --> home.hiwaay.net /data2/Lkr_Usr_/wgann/public_html mount-11.htm
98.02.06 21:27 A D:\~WGANN\mount\mount-12.htm --> home.hiwaay.net /data2/Lkr_Usr_/wgann/public_html mount-12.htm
98.02.06 21:27 A D:\~WGANN\mount\mount-13.htm --> home.hiwaay.net /data2/Lkr_Usr_/wgann/public_html mount-13.htm
98.02.06 21:27 A D:\~WGANN\mount\mount-14.htm --> home.hiwaay.net /data2/Lkr_Usr_/wgann/public_html mount-14.htm
98.02.06 21:27 A D:\~WGANN\mount\mount-15.htm --> home.hiwaay.net /data2/Lkr_Usr_/wgann/public_html mount-15.htm
98.02.06 21:27 A D:\~WGANN\mount\mount-16.htm --> home.hiwaay.net /data2/Lkr_Usr_/wgann/public_html mount-16.htm
98.02.06 21:27 A D:\~WGANN\mount\mount-17.htm --> home.hiwaay.net /data2/Lkr_Usr_/wgann/public_html mount-17.htm
98.02.06 21:27 A D:\~WGANN\mount\mount-18.htm --> home.hiwaay.net /data2/Lkr_Usr_/wgann/public_html mount-18.htm
98.02.06 21:28 A D:\~WGANN\mount\mount-19.htm --> home.hiwaay.net /data2/Lkr_Usr_/wgann/public_html mount-19.htm
98.02.06 21:28 A D:\~WGANN\mount\mount-20.htm --> home.hiwaay.net /data2/Lkr_Usr_/wgann/public_html mount-20.htm
98.02.06 21:28 A D:\~WGANN\mount\mount-21.htm --> home.hiwaay.net /data2/Lkr_Usr_/wgann/public_html mount-21.htm
98.02.06 21:28 A D:\~WGANN\mount\mount-22.htm --> home.hiwaay.net /data2/Lkr_Usr_/wgann/public_html mount-22.htm
98.02.06 21:28 A D:\~WGANN\mount\mount-23.htm --> home.hiwaay.net /data2/Lkr_Usr_/wgann/public_html mount-23.htm
98.02.06 21:28 A D:\~WGANN\mount\mount-24.htm --> home.hiwaay.net /data2/Lkr_Usr_/wgann/public_html mount-24.htm
98.02.06 21:28 A D:\~WGANN\mount\mount-25.htm --> home.hiwaay.net /data2/Lkr_Usr_/wgann/public_html mount-25.htm
98.02.06 21:28 A D:\~WGANN\mount\mount-26.htm --> home.hiwaay.net /data2/Lkr_Usr_/wgann/public_html mount-26.htm
98.02.06 21:28 A D:\~WGANN\mount\mount-27.htm --> home.hiwaay.net /data2/Lkr_Usr_/wgann/public_html mount-27.htm
98.02.06 21:28 B D:\~WGANN\mount\mount.gif --> home.hiwaay.net /data2/Lkr_Usr_/wgann/public_html mount.gif
98.02.06 21:28 A D:\~WGANN\mount\mount.htm --> home.hiwaay.net /data2/Lkr_Usr_/wgann/public_html mount.htm
98.02.06 21:29 A D:\~WGANN\mount\index.htm --> home.hiwaay.net /data2/Lkr_Usr_/wgann/public_html/mount index.htm
98.02.06 21:29 A D:\~WGANN\mount\mount-02.htm --> home.hiwaay.net /data2/Lkr_Usr_/wgann/public_html/mount mount-02.htm
98.02.06 21:29 A D:\~WGANN\mount\mount-03.htm --> home.hiwaay.net /data2/Lkr_Usr_/wgann/public_html/mount mount-03.htm
98.02.06 21:29 A D:\~WGANN\mount\mount-04.htm --> home.hiwaay.net /data2/Lkr_Usr_/wgann/public_html/mount mount-04.htm
98.02.06 21:29 A D:\~WGANN\mount\mount-05.htm --> home.hiwaay.net /data2/Lkr_Usr_/wgann/public_html/mount mount-05.htm
98.02.06 21:29 A D:\~WGANN\mount\mount-06.htm --> home.hiwaay.net /data2/Lkr_Usr_/wgann/public_html/mount mount-06.htm
98.02.06 21:29 A D:\~WGANN\mount\mount-07.htm --> home.hiwaay.net /data2/Lkr_Usr_/wgann/public_html/mount mount-07.htm
98.02.06 21:29 A D:\~WGANN\mount\mount-08.htm --> home.hiwaay.net /data2/Lkr_Usr_/wgann/public_html/mount mount-08.htm
98.02.06 21:29 A D:\~WGANN\mount\mount-09.htm --> home.hiwaay.net /data2/Lkr_Usr_/wgann/public_html/mount mount-09.htm
98.02.06 21:29 A D:\~WGANN\mount\mount-10.htm --> home.hiwaay.net /data2/Lkr_Usr_/wgann/public_html/mount mount-10.htm
98.02.06 21:30 A D:\~WGANN\mount\mount-11.htm --> home.hiwaay.net /data2/Lkr_Usr_/wgann/public_html/mount mount-11.htm
98.02.06 21:30 A D:\~WGANN\mount\mount-12.htm --> home.hiwaay.net /data2/Lkr_Usr_/wgann/public_html/mount mount-12.htm
98.02.06 21:30 A D:\~WGANN\mount\mount-13.htm --> home.hiwaay.net /data2/Lkr_Usr_/wgann/public_html/mount mount-13.htm
98.02.06 21:30 A D:\~WGANN\mount\mount-14.htm --> home.hiwaay.net /data2/Lkr_Usr_/wgann/public_html/mount mount-14.htm
98.02.06 21:30 A D:\~WGANN\mount\mount-15.htm --> home.hiwaay.net /data2/Lkr_Usr_/wgann/public_html/mount mount-15.htm
98.02.06 21:30 A D:\~WGANN\mount\mount-16.htm --> home.hiwaay.net /data2/Lkr_Usr_/wgann/public_html/mount mount-16.htm
98.02.06 21:30 A D:\~WGANN\mount\mount-17.htm --> home.hiwaay.net /data2/Lkr_Usr_/wgann/public_html/mount mount-17.htm
98.02.06 21:30 A D:\~WGANN\mount\mount-18.htm --> home.hiwaay.net /data2/Lkr_Usr_/wgann/public_html/mount mount-18.htm
98.02.06 21:30 A D:\~WGANN\mount\mount-19.htm --> home.hiwaay.net /data2/Lkr_Usr_/wgann/public_html/mount mount-19.htm
98.02.06 21:30 A D:\~WGANN\mount\mount-20.htm --> home.hiwaay.net /data2/Lkr_Usr_/wgann/public_html/mount mount-20.htm
98.02.06 21:30 A D:\~WGANN\mount\mount-21.htm --> home.hiwaay.net /data2/Lkr_Usr_/wgann/public_html/mount mount-21.htm
98.02.06 21:30 A D:\~WGANN\mount\mount-22.htm --> home.hiwaay.net /data2/Lkr_Usr_/wgann/public_html/mount mount-22.htm
98.02.06 21:30 A D:\~WGANN\mount\mount-23.htm --> home.hiwaay.net /data2/Lkr_Usr_/wgann/public_html/mount mount-23.htm
98.02.06 21:30 A D:\~WGANN\mount\mount-24.htm --> home.hiwaay.net /data2/Lkr_Usr_/wgann/public_html/mount mount-24.htm
98.02.06 21:30 A D:\~WGANN\mount\mount-25.htm --> home.hiwaay.net /data2/Lkr_Usr_/wgann/public_html/mount mount-25.htm
98.02.06 21:30 A D:\~WGANN\mount\mount-26.htm --> home.hiwaay.net /data2/Lkr_Usr_/wgann/public_html/mount mount-26.htm
98.02.06 21:30 A D:\~WGANN\mount\mount-27.htm --> home.hiwaay.net /data2/Lkr_Usr_/wgann/public_html/mount mount-27.htm
98.02.06 21:30 B D:\~WGANN\mount\mount.gif --> home.hiwaay.net /data2/Lkr_Usr_/wgann/public_html/mount mount.gif
98.02.06 21:30 A D:\~WGANN\mount\mount.htm --> home.hiwaay.net /data2/Lkr_Usr_/wgann/public_html/mount mount.htm
100.04.30 20:11 A c:\~wgann\MOUNT\mount-01.htm <-- home.hiwaay.net /data2/users/w/wgann/public_html/mount mount-01.htm
100.04.30 20:12 A c:\~wgann\MOUNT\mount.htm <-- home.hiwaay.net /data2/users/w/wgann/public_html/mount mount.htm
100.04.30 20:12 B c:\~wgann\MOUNT\mountwp5.exe <-- home.hiwaay.net /data2/users/w/wgann/public_html/mount mountwp5.exe
100.04.30 20:13 B c:\~wgann\MOUNT\mountwp6.exe <-- home.hiwaay.net /data2/users/w/wgann/public_html/mount mountwp6.exe
100.04.30 22:06 A c:\~WGANN\mount\index.htm --> www.rogersvillecoc.org /web index.htm
100.04.30 22:06 B c:\~WGANN\mount\mount.gif --> www.rogersvillecoc.org /web mount.gif
100.04.30 22:06 A c:\~WGANN\mount\mount-02.htm --> www.rogersvillecoc.org /web mount-02.htm
100.04.30 22:06 A c:\~WGANN\mount\mount-03.htm --> www.rogersvillecoc.org /web mount-03.htm
100.04.30 22:06 A c:\~WGANN\mount\mount-04.htm --> www.rogersvillecoc.org /web mount-04.htm
100.04.30 22:06 A c:\~WGANN\mount\mount-05.htm --> www.rogersvillecoc.org /web mount-05.htm
100.04.30 22:06 A c:\~WGANN\mount\mount-06.htm --> www.rogersvillecoc.org /web mount-06.htm
100.04.30 22:06 A c:\~WGANN\mount\mount-07.htm --> www.rogersvillecoc.org /web mount-07.htm
100.04.30 22:06 A c:\~WGANN\mount\mount-08.htm --> www.rogersvillecoc.org /web mount-08.htm
100.04.30 22:06 A c:\~WGANN\mount\mount-09.htm --> www.rogersvillecoc.org /web mount-09.htm
100.04.30 22:06 A c:\~WGANN\mount\mount-10.htm --> www.rogersvillecoc.org /web mount-10.htm
100.04.30 22:06 A c:\~WGANN\mount\mount-11.htm --> www.rogersvillecoc.org /web mount-11.htm
100.04.30 22:06 A c:\~WGANN\mount\mount-12.htm --> www.rogersvillecoc.org /web mount-12.htm
100.04.30 22:06 A c:\~WGANN\mount\mount-13.htm --> www.rogersvillecoc.org /web mount-13.htm
100.04.30 22:06 A c:\~WGANN\mount\mount-14.htm --> www.rogersvillecoc.org /web mount-14.htm
100.04.30 22:06 A c:\~WGANN\mount\mount-15.htm --> www.rogersvillecoc.org /web mount-15.htm
100.04.30 22:06 A c:\~WGANN\mount\mount-16.htm --> www.rogersvillecoc.org /web mount-16.htm
100.04.30 22:06 A c:\~WGANN\mount\mount-17.htm --> www.rogersvillecoc.org /web mount-17.htm
100.04.30 22:06 A c:\~WGANN\mount\mount-18.htm --> www.rogersvillecoc.org /web mount-18.htm
100.04.30 22:06 A c:\~WGANN\mount\mount-19.htm --> www.rogersvillecoc.org /web mount-19.htm
100.04.30 22:06 A c:\~WGANN\mount\mount-20.htm --> www.rogersvillecoc.org /web mount-20.htm
100.04.30 22:06 A c:\~WGANN\mount\mount-21.htm --> www.rogersvillecoc.org /web mount-21.htm
100.04.30 22:07 A c:\~WGANN\mount\mount-22.htm --> www.rogersvillecoc.org /web mount-22.htm
100.04.30 22:07 A c:\~WGANN\mount\mount-23.htm --> www.rogersvillecoc.org /web mount-23.htm
100.04.30 22:07 A c:\~WGANN\mount\mount-24.htm --> www.rogersvillecoc.org /web mount-24.htm
100.04.30 22:07 A c:\~WGANN\mount\mount-25.htm --> www.rogersvillecoc.org /web mount-25.htm
100.04.30 22:07 A c:\~WGANN\mount\mount-26.htm --> www.rogersvillecoc.org /web mount-26.htm
100.04.30 22:07 A c:\~WGANN\mount\mount-27.htm --> www.rogersvillecoc.org /web mount-27.htm
100.04.30 22:07 B c:\~WGANN\mount\slate.gif --> www.rogersvillecoc.org /web slate.gif
106.07.13 19:19 B F:\CD Creations\DVD COC web site\mount\ws_ftp.log <-- www.rogersvillecoc.org /web/mount ws_ftp.log
106.07.14 14:23 B F:\CD Creations\DVD COC web site\mount\index-m2.htm --> home.hiwaay.net /public_html/mount index-m2.htm
106.07.14 14:23 B F:\CD Creations\DVD COC web site\mount\index-mount.htm --> home.hiwaay.net /public_html/mount index-mount.htm
106.07.14 14:23 B F:\CD Creations\DVD COC web site\mount\index-orig.htm --> home.hiwaay.net /public_html/mount index-orig.htm
106.07.14 14:23 B F:\CD Creations\DVD COC web site\mount\index.htm --> home.hiwaay.net /public_html/mount index.htm
106.07.14 14:23 B F:\CD Creations\DVD COC web site\mount\mount-01.htm --> home.hiwaay.net /public_html/mount mount-01.htm
106.07.14 14:23 B F:\CD Creations\DVD COC web site\mount\mount-02.htm --> home.hiwaay.net /public_html/mount mount-02.htm
106.07.14 14:23 B F:\CD Creations\DVD COC web site\mount\mount-03.htm --> home.hiwaay.net /public_html/mount mount-03.htm
106.07.14 14:23 B F:\CD Creations\DVD COC web site\mount\mount-04.htm --> home.hiwaay.net /public_html/mount mount-04.htm
106.07.14 14:23 B F:\CD Creations\DVD COC web site\mount\mount-05.htm --> home.hiwaay.net /public_html/mount mount-05.htm
106.07.14 14:23 B F:\CD Creations\DVD COC web site\mount\mount-06.htm --> home.hiwaay.net /public_html/mount mount-06.htm
106.07.14 14:23 B F:\CD Creations\DVD COC web site\mount\mount-07.htm --> home.hiwaay.net /public_html/mount mount-07.htm
106.07.14 14:23 B F:\CD Creations\DVD COC web site\mount\mount-08.htm --> home.hiwaay.net /public_html/mount mount-08.htm
106.07.14 14:23 B F:\CD Creations\DVD COC web site\mount\mount-09.htm --> home.hiwaay.net /public_html/mount mount-09.htm
106.07.14 14:24 B F:\CD Creations\DVD COC web site\mount\mount-10.htm --> home.hiwaay.net /public_html/mount mount-10.htm
106.07.14 14:24 B F:\CD Creations\DVD COC web site\mount\mount-11.htm --> home.hiwaay.net /public_html/mount mount-11.htm
106.07.14 14:24 B F:\CD Creations\DVD COC web site\mount\mount-12.htm --> home.hiwaay.net /public_html/mount mount-12.htm
106.07.14 14:24 B F:\CD Creations\DVD COC web site\mount\mount-13.htm --> home.hiwaay.net /public_html/mount mount-13.htm
106.07.14 14:24 B F:\CD Creations\DVD COC web site\mount\mount-14.htm --> home.hiwaay.net /public_html/mount mount-14.htm
106.07.14 14:24 B F:\CD Creations\DVD COC web site\mount\mount-15.htm --> home.hiwaay.net /public_html/mount mount-15.htm
106.07.14 14:24 B F:\CD Creations\DVD COC web site\mount\mount-16.htm --> home.hiwaay.net /public_html/mount mount-16.htm
106.07.14 14:24 B F:\CD Creations\DVD COC web site\mount\mount-17.htm --> home.hiwaay.net /public_html/mount mount-17.htm
106.07.14 14:24 B F:\CD Creations\DVD COC web site\mount\mount-18.htm --> home.hiwaay.net /public_html/mount mount-18.htm
106.07.14 14:24 B F:\CD Creations\DVD COC web site\mount\mount-19.htm --> home.hiwaay.net /public_html/mount mount-19.htm
106.07.14 14:24 B F:\CD Creations\DVD COC web site\mount\mount-20.htm --> home.hiwaay.net /public_html/mount mount-20.htm
106.07.14 14:24 B F:\CD Creations\DVD COC web site\mount\mount-21.htm --> home.hiwaay.net /public_html/mount mount-21.htm
106.07.14 14:24 B F:\CD Creations\DVD COC web site\mount\mount-22.htm --> home.hiwaay.net /public_html/mount mount-22.htm
106.07.14 14:24 B F:\CD Creations\DVD COC web site\mount\mount-23.htm --> home.hiwaay.net /public_html/mount mount-23.htm
106.07.14 14:24 B F:\CD Creations\DVD COC web site\mount\mount-24.htm --> home.hiwaay.net /public_html/mount mount-24.htm
106.07.14 14:24 B F:\CD Creations\DVD COC web site\mount\mount-25.htm --> home.hiwaay.net /public_html/mount mount-25.htm
106.07.14 14:24 B F:\CD Creations\DVD COC web site\mount\mount-26.htm --> home.hiwaay.net /public_html/mount mount-26.htm
106.07.14 14:24 B F:\CD Creations\DVD COC web site\mount\mount-27.htm --> home.hiwaay.net /public_html/mount mount-27.htm
106.07.14 14:24 B F:\CD Creations\DVD COC web site\mount\mount-orig.htm --> home.hiwaay.net /public_html/mount mount-orig.htm
106.07.14 14:25 B F:\CD Creations\DVD COC web site\mount\mount-pdf.zip --> home.hiwaay.net /public_html/mount mount-pdf.zip
106.07.14 14:25 B F:\CD Creations\DVD COC web site\mount\mount-wpd.exe --> home.hiwaay.net /public_html/mount mount-wpd.exe
106.07.14 14:25 B F:\CD Creations\DVD COC web site\mount\mount-wpd.wpd --> home.hiwaay.net /public_html/mount mount-wpd.wpd
106.07.14 14:25 B F:\CD Creations\DVD COC web site\mount\mount-wpd.zip --> home.hiwaay.net /public_html/mount mount-wpd.zip
106.07.14 14:26 B F:\CD Creations\DVD COC web site\mount\mount.exe --> home.hiwaay.net /public_html/mount mount.exe
106.07.14 14:26 B F:\CD Creations\DVD COC web site\mount\mount.gif --> home.hiwaay.net /public_html/mount mount.gif
106.07.14 14:26 B F:\CD Creations\DVD COC web site\mount\mount.htm --> home.hiwaay.net /public_html/mount mount.htm
106.07.14 14:26 B F:\CD Creations\DVD COC web site\mount\slate.gif --> home.hiwaay.net /public_html/mount slate.gif
106.07.14 14:26 B F:\CD Creations\DVD COC web site\mount\THE SERMON ON THE MOUNT-00.pdf --> home.hiwaay.net /public_html/mount THE SERMON ON THE MOUNT-00.pdf
106.07.14 14:26 B F:\CD Creations\DVD COC web site\mount\THE SERMON ON THE MOUNT-00.wpd --> home.hiwaay.net /public_html/mount THE SERMON ON THE MOUNT-00.wpd
106.07.14 14:26 B F:\CD Creations\DVD COC web site\mount\THE SERMON ON THE MOUNT-01.pdf --> home.hiwaay.net /public_html/mount THE SERMON ON THE MOUNT-01.pdf
106.07.14 14:26 B F:\CD Creations\DVD COC web site\mount\THE SERMON ON THE MOUNT-01.wpd --> home.hiwaay.net /public_html/mount THE SERMON ON THE MOUNT-01.wpd
106.07.14 14:26 B F:\CD Creations\DVD COC web site\mount\THE SERMON ON THE MOUNT-02.pdf --> home.hiwaay.net /public_html/mount THE SERMON ON THE MOUNT-02.pdf
106.07.14 14:26 B F:\CD Creations\DVD COC web site\mount\THE SERMON ON THE MOUNT-02.wpd --> home.hiwaay.net /public_html/mount THE SERMON ON THE MOUNT-02.wpd
106.07.14 14:26 B F:\CD Creations\DVD COC web site\mount\THE SERMON ON THE MOUNT-03.pdf --> home.hiwaay.net /public_html/mount THE SERMON ON THE MOUNT-03.pdf
106.07.14 14:26 B F:\CD Creations\DVD COC web site\mount\THE SERMON ON THE MOUNT-03.wpd --> home.hiwaay.net /public_html/mount THE SERMON ON THE MOUNT-03.wpd
106.07.14 14:26 B F:\CD Creations\DVD COC web site\mount\THE SERMON ON THE MOUNT-04.pdf --> home.hiwaay.net /public_html/mount THE SERMON ON THE MOUNT-04.pdf
106.07.14 14:26 B F:\CD Creations\DVD COC web site\mount\THE SERMON ON THE MOUNT-04.wpd --> home.hiwaay.net /public_html/mount THE SERMON ON THE MOUNT-04.wpd
106.07.14 14:26 B F:\CD Creations\DVD COC web site\mount\THE SERMON ON THE MOUNT-05.pdf --> home.hiwaay.net /public_html/mount THE SERMON ON THE MOUNT-05.pdf
106.07.14 14:26 B F:\CD Creations\DVD COC web site\mount\THE SERMON ON THE MOUNT-05.wpd --> home.hiwaay.net /public_html/mount THE SERMON ON THE MOUNT-05.wpd
106.07.14 14:27 B F:\CD Creations\DVD COC web site\mount\THE SERMON ON THE MOUNT-06.pdf --> home.hiwaay.net /public_html/mount THE SERMON ON THE MOUNT-06.pdf
106.07.14 14:27 B F:\CD Creations\DVD COC web site\mount\THE SERMON ON THE MOUNT-06.wpd --> home.hiwaay.net /public_html/mount THE SERMON ON THE MOUNT-06.wpd
106.07.14 14:27 B F:\CD Creations\DVD COC web site\mount\THE SERMON ON THE MOUNT-07.pdf --> home.hiwaay.net /public_html/mount THE SERMON ON THE MOUNT-07.pdf
106.07.14 14:27 B F:\CD Creations\DVD COC web site\mount\THE SERMON ON THE MOUNT-07.wpd --> home.hiwaay.net /public_html/mount THE SERMON ON THE MOUNT-07.wpd
106.07.14 14:27 B F:\CD Creations\DVD COC web site\mount\THE SERMON ON THE MOUNT-08.pdf --> home.hiwaay.net /public_html/mount THE SERMON ON THE MOUNT-08.pdf
106.07.14 14:27 B F:\CD Creations\DVD COC web site\mount\THE SERMON ON THE MOUNT-08.wpd --> home.hiwaay.net /public_html/mount THE SERMON ON THE MOUNT-08.wpd
106.07.14 14:27 B F:\CD Creations\DVD COC web site\mount\THE SERMON ON THE MOUNT-09.pdf --> home.hiwaay.net /public_html/mount THE SERMON ON THE MOUNT-09.pdf
106.07.14 14:27 B F:\CD Creations\DVD COC web site\mount\THE SERMON ON THE MOUNT-09.wpd --> home.hiwaay.net /public_html/mount THE SERMON ON THE MOUNT-09.wpd
106.07.14 14:27 B F:\CD Creations\DVD COC web site\mount\THE SERMON ON THE MOUNT-10.pdf --> home.hiwaay.net /public_html/mount THE SERMON ON THE MOUNT-10.pdf
106.07.14 14:27 B F:\CD Creations\DVD COC web site\mount\THE SERMON ON THE MOUNT-10.wpd --> home.hiwaay.net /public_html/mount THE SERMON ON THE MOUNT-10.wpd
106.07.14 14:27 B F:\CD Creations\DVD COC web site\mount\THE SERMON ON THE MOUNT-11.pdf --> home.hiwaay.net /public_html/mount THE SERMON ON THE MOUNT-11.pdf
106.07.14 14:27 B F:\CD Creations\DVD COC web site\mount\THE SERMON ON THE MOUNT-11.wpd --> home.hiwaay.net /public_html/mount THE SERMON ON THE MOUNT-11.wpd
106.07.14 14:27 B F:\CD Creations\DVD COC web site\mount\THE SERMON ON THE MOUNT-12.pdf --> home.hiwaay.net /public_html/mount THE SERMON ON THE MOUNT-12.pdf
106.07.14 14:27 B F:\CD Creations\DVD COC web site\mount\THE SERMON ON THE MOUNT-12.wpd --> home.hiwaay.net /public_html/mount THE SERMON ON THE MOUNT-12.wpd
106.07.14 14:27 B F:\CD Creations\DVD COC web site\mount\THE SERMON ON THE MOUNT-13.pdf --> home.hiwaay.net /public_html/mount THE SERMON ON THE MOUNT-13.pdf
106.07.14 14:27 B F:\CD Creations\DVD COC web site\mount\THE SERMON ON THE MOUNT-13.wpd --> home.hiwaay.net /public_html/mount THE SERMON ON THE MOUNT-13.wpd
106.07.14 14:27 B F:\CD Creations\DVD COC web site\mount\THE SERMON ON THE MOUNT-14.pdf --> home.hiwaay.net /public_html/mount THE SERMON ON THE MOUNT-14.pdf
106.07.14 14:27 B F:\CD Creations\DVD COC web site\mount\THE SERMON ON THE MOUNT-14.wpd --> home.hiwaay.net /public_html/mount THE SERMON ON THE MOUNT-14.wpd
106.07.14 14:27 B F:\CD Creations\DVD COC web site\mount\THE SERMON ON THE MOUNT-15.pdf --> home.hiwaay.net /public_html/mount THE SERMON ON THE MOUNT-15.pdf
106.07.14 14:27 B F:\CD Creations\DVD COC web site\mount\THE SERMON ON THE MOUNT-15.wpd --> home.hiwaay.net /public_html/mount THE SERMON ON THE MOUNT-15.wpd
106.07.14 14:27 B F:\CD Creations\DVD COC web site\mount\THE SERMON ON THE MOUNT-16.pdf --> home.hiwaay.net /public_html/mount THE SERMON ON THE MOUNT-16.pdf
106.07.14 14:27 B F:\CD Creations\DVD COC web site\mount\THE SERMON ON THE MOUNT-16.wpd --> home.hiwaay.net /public_html/mount THE SERMON ON THE MOUNT-16.wpd
106.07.14 14:27 B F:\CD Creations\DVD COC web site\mount\THE SERMON ON THE MOUNT-17.pdf --> home.hiwaay.net /public_html/mount THE SERMON ON THE MOUNT-17.pdf
106.07.14 14:27 B F:\CD Creations\DVD COC web site\mount\THE SERMON ON THE MOUNT-17.wpd --> home.hiwaay.net /public_html/mount THE SERMON ON THE MOUNT-17.wpd
106.07.14 14:27 B F:\CD Creations\DVD COC web site\mount\THE SERMON ON THE MOUNT-18.pdf --> home.hiwaay.net /public_html/mount THE SERMON ON THE MOUNT-18.pdf
106.07.14 14:27 B F:\CD Creations\DVD COC web site\mount\THE SERMON ON THE MOUNT-18.wpd --> home.hiwaay.net /public_html/mount THE SERMON ON THE MOUNT-18.wpd
106.07.14 14:28 B F:\CD Creations\DVD COC web site\mount\THE SERMON ON THE MOUNT-19.pdf --> home.hiwaay.net /public_html/mount THE SERMON ON THE MOUNT-19.pdf
106.07.14 14:28 B F:\CD Creations\DVD COC web site\mount\THE SERMON ON THE MOUNT-19.wpd --> home.hiwaay.net /public_html/mount THE SERMON ON THE MOUNT-19.wpd
106.07.14 14:28 B F:\CD Creations\DVD COC web site\mount\THE SERMON ON THE MOUNT-20.pdf --> home.hiwaay.net /public_html/mount THE SERMON ON THE MOUNT-20.pdf
106.07.14 14:28 B F:\CD Creations\DVD COC web site\mount\THE SERMON ON THE MOUNT-20.wpd --> home.hiwaay.net /public_html/mount THE SERMON ON THE MOUNT-20.wpd
106.07.14 14:28 B F:\CD Creations\DVD COC web site\mount\THE SERMON ON THE MOUNT-21.pdf --> home.hiwaay.net /public_html/mount THE SERMON ON THE MOUNT-21.pdf
106.07.14 14:28 B F:\CD Creations\DVD COC web site\mount\THE SERMON ON THE MOUNT-21.wpd --> home.hiwaay.net /public_html/mount THE SERMON ON THE MOUNT-21.wpd
106.07.14 14:28 B F:\CD Creations\DVD COC web site\mount\THE SERMON ON THE MOUNT-22.pdf --> home.hiwaay.net /public_html/mount THE SERMON ON THE MOUNT-22.pdf
106.07.14 14:28 B F:\CD Creations\DVD COC web site\mount\THE SERMON ON THE MOUNT-22.wpd --> home.hiwaay.net /public_html/mount THE SERMON ON THE MOUNT-22.wpd
106.07.14 14:28 B F:\CD Creations\DVD COC web site\mount\THE SERMON ON THE MOUNT-23.pdf --> home.hiwaay.net /public_html/mount THE SERMON ON THE MOUNT-23.pdf
106.07.14 14:28 B F:\CD Creations\DVD COC web site\mount\THE SERMON ON THE MOUNT-23.wpd --> home.hiwaay.net /public_html/mount THE SERMON ON THE MOUNT-23.wpd
106.07.14 14:28 B F:\CD Creations\DVD COC web site\mount\THE SERMON ON THE MOUNT-24.pdf --> home.hiwaay.net /public_html/mount THE SERMON ON THE MOUNT-24.pdf
106.07.14 14:28 B F:\CD Creations\DVD COC web site\mount\THE SERMON ON THE MOUNT-24.wpd --> home.hiwaay.net /public_html/mount THE SERMON ON THE MOUNT-24.wpd
106.07.14 14:28 B F:\CD Creations\DVD COC web site\mount\THE SERMON ON THE MOUNT-25.pdf --> home.hiwaay.net /public_html/mount THE SERMON ON THE MOUNT-25.pdf
106.07.14 14:28 B F:\CD Creations\DVD COC web site\mount\THE SERMON ON THE MOUNT-25.wpd --> home.hiwaay.net /public_html/mount THE SERMON ON THE MOUNT-25.wpd
106.07.14 14:28 B F:\CD Creations\DVD COC web site\mount\THE SERMON ON THE MOUNT-26.pdf --> home.hiwaay.net /public_html/mount THE SERMON ON THE MOUNT-26.pdf
106.07.14 14:28 B F:\CD Creations\DVD COC web site\mount\THE SERMON ON THE MOUNT-26.wpd --> home.hiwaay.net /public_html/mount THE SERMON ON THE MOUNT-26.wpd
106.07.14 14:28 B F:\CD Creations\DVD COC web site\mount\THE SERMON ON THE MOUNT-27.pdf --> home.hiwaay.net /public_html/mount THE SERMON ON THE MOUNT-27.pdf
106.07.14 14:28 B F:\CD Creations\DVD COC web site\mount\THE SERMON ON THE MOUNT-27.wpd --> home.hiwaay.net /public_html/mount THE SERMON ON THE MOUNT-27.wpd
