110.04.28 11:16 B I:\lessons\galatians\Bible - good copy green bkgd.jpg <-- home.hiwaay.net /public_html/lessons/galatians Bible - good copy green bkgd.jpg
110.04.28 11:16 B I:\lessons\galatians\STUDIES IN GALATIANS - ch 1-6 REVIEW.pdf <-- home.hiwaay.net /public_html/lessons/galatians STUDIES IN GALATIANS - ch 1-6 REVIEW.pdf
110.04.28 11:16 B I:\lessons\galatians\STUDIES IN GALATIANS - ch 1.pdf <-- home.hiwaay.net /public_html/lessons/galatians STUDIES IN GALATIANS - ch 1.pdf
110.04.28 11:16 B I:\lessons\galatians\STUDIES IN GALATIANS - ch 2.pdf <-- home.hiwaay.net /public_html/lessons/galatians STUDIES IN GALATIANS - ch 2.pdf
110.04.28 11:17 B I:\lessons\galatians\STUDIES IN GALATIANS - ch 3.pdf <-- home.hiwaay.net /public_html/lessons/galatians STUDIES IN GALATIANS - ch 3.pdf
110.04.28 11:17 B I:\lessons\galatians\STUDIES IN GALATIANS - ch 4.pdf <-- home.hiwaay.net /public_html/lessons/galatians STUDIES IN GALATIANS - ch 4.pdf
110.04.28 11:17 B I:\lessons\galatians\STUDIES IN GALATIANS - ch 5.pdf <-- home.hiwaay.net /public_html/lessons/galatians STUDIES IN GALATIANS - ch 5.pdf
110.04.28 11:17 B I:\lessons\galatians\STUDIES IN GALATIANS - ch 6.pdf <-- home.hiwaay.net /public_html/lessons/galatians STUDIES IN GALATIANS - ch 6.pdf
110.04.28 11:17 B I:\lessons\galatians\gal-bsls.gif <-- home.hiwaay.net /public_html/lessons/galatians gal-bsls.gif
110.04.28 11:17 B I:\lessons\galatians\galatian_lessons.zip <-- home.hiwaay.net /public_html/lessons/galatians galatian_lessons.zip
110.04.28 11:17 B I:\lessons\galatians\galatians-index.htm <-- home.hiwaay.net /public_html/lessons/galatians galatians-index.htm
110.04.28 11:17 B I:\lessons\galatians\galatians_walk.pdf <-- home.hiwaay.net /public_html/lessons/galatians galatians_walk.pdf
110.06.02 07:20 B M:\~wgann\lessons\galatians\Bible - good copy green bkgd.jpg --> home.hiwaay.net /public_html/lessons/galatians Bible - good copy green bkgd.jpg
110.06.02 07:20 B M:\~wgann\lessons\galatians\Bible_Open.jpg --> home.hiwaay.net /public_html/lessons/galatians Bible_Open.jpg
110.06.02 07:20 B M:\~wgann\lessons\galatians\gal-bsls.gif --> home.hiwaay.net /public_html/lessons/galatians gal-bsls.gif
110.06.02 07:20 B M:\~wgann\lessons\galatians\galatians-index.htm --> home.hiwaay.net /public_html/lessons/galatians galatians-index.htm
110.06.02 07:20 B M:\~wgann\lessons\galatians\galatians_walk.pdf --> home.hiwaay.net /public_html/lessons/galatians galatians_walk.pdf
110.06.02 07:20 B M:\~wgann\lessons\galatians\galatian_lessons.zip --> home.hiwaay.net /public_html/lessons/galatians galatian_lessons.zip
110.06.02 07:20 B M:\~wgann\lessons\galatians\STUDIES IN GALATIANS - ch 1-6 REVIEW.pdf --> home.hiwaay.net /public_html/lessons/galatians STUDIES IN GALATIANS - ch 1-6 REVIEW.pdf
110.06.02 07:20 B M:\~wgann\lessons\galatians\STUDIES IN GALATIANS - ch 1.pdf --> home.hiwaay.net /public_html/lessons/galatians STUDIES IN GALATIANS - ch 1.pdf
110.06.02 07:20 B M:\~wgann\lessons\galatians\STUDIES IN GALATIANS - ch 2.pdf --> home.hiwaay.net /public_html/lessons/galatians STUDIES IN GALATIANS - ch 2.pdf
110.06.02 07:20 B M:\~wgann\lessons\galatians\STUDIES IN GALATIANS - ch 3.pdf --> home.hiwaay.net /public_html/lessons/galatians STUDIES IN GALATIANS - ch 3.pdf
110.06.02 07:20 B M:\~wgann\lessons\galatians\STUDIES IN GALATIANS - ch 4.pdf --> home.hiwaay.net /public_html/lessons/galatians STUDIES IN GALATIANS - ch 4.pdf
110.06.02 07:20 B M:\~wgann\lessons\galatians\STUDIES IN GALATIANS - ch 5.pdf --> home.hiwaay.net /public_html/lessons/galatians STUDIES IN GALATIANS - ch 5.pdf
110.06.02 07:20 B M:\~wgann\lessons\galatians\STUDIES IN GALATIANS - ch 6.pdf --> home.hiwaay.net /public_html/lessons/galatians STUDIES IN GALATIANS - ch 6.pdf
