2000.07.22 12:41 B D:\~wgann\walk_ot\bby_c.gif <-- Gann Home Page /data/users/w/wgann/public_html/walk_ot bby_c.gif
2000.07.22 12:41 B D:\~wgann\walk_ot\chalk.jpg <-- Gann Home Page /data/users/w/wgann/public_html/walk_ot chalk.jpg
2000.07.22 12:41 B D:\~wgann\walk_ot\chronicl.htm <-- Gann Home Page /data/users/w/wgann/public_html/walk_ot chronicl.htm
2000.07.22 12:41 B D:\~wgann\walk_ot\chronicl.zip <-- Gann Home Page /data/users/w/wgann/public_html/walk_ot chronicl.zip
2000.07.22 12:41 B D:\~wgann\walk_ot\daniel.htm <-- Gann Home Page /data/users/w/wgann/public_html/walk_ot daniel.htm
2000.07.22 12:41 B D:\~wgann\walk_ot\daniel.zip <-- Gann Home Page /data/users/w/wgann/public_html/walk_ot daniel.zip
2000.07.22 12:41 B D:\~wgann\walk_ot\eccl-sos.htm <-- Gann Home Page /data/users/w/wgann/public_html/walk_ot eccl-sos.htm
2000.07.22 12:41 B D:\~wgann\walk_ot\eccl-sos.zip <-- Gann Home Page /data/users/w/wgann/public_html/walk_ot eccl-sos.zip
2000.07.22 12:41 B D:\~wgann\walk_ot\esther.htm <-- Gann Home Page /data/users/w/wgann/public_html/walk_ot esther.htm
2000.07.22 12:41 B D:\~wgann\walk_ot\esther.zip <-- Gann Home Page /data/users/w/wgann/public_html/walk_ot esther.zip
2000.07.22 12:41 B D:\~wgann\walk_ot\exodus.htm <-- Gann Home Page /data/users/w/wgann/public_html/walk_ot exodus.htm
2000.07.22 12:41 B D:\~wgann\walk_ot\exodus.zip <-- Gann Home Page /data/users/w/wgann/public_html/walk_ot exodus.zip
2000.07.22 12:42 B D:\~wgann\walk_ot\ezekiel.htm <-- Gann Home Page /data/users/w/wgann/public_html/walk_ot ezekiel.htm
2000.07.22 12:42 B D:\~wgann\walk_ot\ezekiel.zip <-- Gann Home Page /data/users/w/wgann/public_html/walk_ot ezekiel.zip
2000.07.22 12:42 B D:\~wgann\walk_ot\ezra.htm <-- Gann Home Page /data/users/w/wgann/public_html/walk_ot ezra.htm
2000.07.22 12:42 B D:\~wgann\walk_ot\ezra.zip <-- Gann Home Page /data/users/w/wgann/public_html/walk_ot ezra.zip
2000.07.22 12:42 B D:\~wgann\walk_ot\genesis.htm <-- Gann Home Page /data/users/w/wgann/public_html/walk_ot genesis.htm
2000.07.22 12:42 B D:\~wgann\walk_ot\genesis.zip <-- Gann Home Page /data/users/w/wgann/public_html/walk_ot genesis.zip
2000.07.22 12:42 B D:\~wgann\walk_ot\hosea.htm <-- Gann Home Page /data/users/w/wgann/public_html/walk_ot hosea.htm
2000.07.22 12:42 B D:\~wgann\walk_ot\hosea.zip <-- Gann Home Page /data/users/w/wgann/public_html/walk_ot hosea.zip
2000.07.22 12:42 B D:\~wgann\walk_ot\isaiah.htm <-- Gann Home Page /data/users/w/wgann/public_html/walk_ot isaiah.htm
2000.07.22 12:42 B D:\~wgann\walk_ot\isaiah.zip <-- Gann Home Page /data/users/w/wgann/public_html/walk_ot isaiah.zip
2000.07.22 12:42 B D:\~wgann\walk_ot\isr-fall.gif <-- Gann Home Page /data/users/w/wgann/public_html/walk_ot isr-fall.gif
2000.07.22 12:42 B D:\~wgann\walk_ot\ISR-FALL.GIF <-- Gann Home Page /data/users/w/wgann/public_html/walk_ot ISR-FALL.GIF
2000.07.22 12:42 B D:\~wgann\walk_ot\jeremiah.htm <-- Gann Home Page /data/users/w/wgann/public_html/walk_ot jeremiah.htm
2000.07.22 12:42 B D:\~wgann\walk_ot\jeremiah.zip <-- Gann Home Page /data/users/w/wgann/public_html/walk_ot jeremiah.zip
2000.07.22 12:42 B D:\~wgann\walk_ot\job.htm <-- Gann Home Page /data/users/w/wgann/public_html/walk_ot job.htm
2000.07.22 12:42 B D:\~wgann\walk_ot\job.zip <-- Gann Home Page /data/users/w/wgann/public_html/walk_ot job.zip
2000.07.22 12:42 B D:\~wgann\walk_ot\joshua.htm <-- Gann Home Page /data/users/w/wgann/public_html/walk_ot joshua.htm
2000.07.22 12:42 B D:\~wgann\walk_ot\joshua.zip <-- Gann Home Page /data/users/w/wgann/public_html/walk_ot joshua.zip
2000.07.22 12:42 B D:\~wgann\walk_ot\jud.zip <-- Gann Home Page /data/users/w/wgann/public_html/walk_ot jud.zip
2000.07.22 12:42 B D:\~wgann\walk_ot\judg-rth.htm <-- Gann Home Page /data/users/w/wgann/public_html/walk_ot judg-rth.htm
2000.07.22 12:42 B D:\~wgann\walk_ot\judges.htm <-- Gann Home Page /data/users/w/wgann/public_html/walk_ot judges.htm
2000.07.22 12:42 B D:\~wgann\walk_ot\kings.htm <-- Gann Home Page /data/users/w/wgann/public_html/walk_ot kings.htm
2000.07.22 12:42 B D:\~wgann\walk_ot\kings.zip <-- Gann Home Page /data/users/w/wgann/public_html/walk_ot kings.zip
2000.07.22 12:42 B D:\~wgann\walk_ot\levnumde.htm <-- Gann Home Page /data/users/w/wgann/public_html/walk_ot levnumde.htm
2000.07.22 12:43 B D:\~wgann\walk_ot\levnumde.zip <-- Gann Home Page /data/users/w/wgann/public_html/walk_ot levnumde.zip
2000.07.22 12:43 B D:\~wgann\walk_ot\malachi.htm <-- Gann Home Page /data/users/w/wgann/public_html/walk_ot malachi.htm
2000.07.22 12:43 B D:\~wgann\walk_ot\malachi.zip <-- Gann Home Page /data/users/w/wgann/public_html/walk_ot malachi.zip
2000.07.22 12:43 B D:\~wgann\walk_ot\nahum.htm <-- Gann Home Page /data/users/w/wgann/public_html/walk_ot nahum.htm
2000.07.22 12:43 B D:\~wgann\walk_ot\nahum.zip <-- Gann Home Page /data/users/w/wgann/public_html/walk_ot nahum.zip
2000.07.22 12:43 B D:\~wgann\walk_ot\nehemiah.htm <-- Gann Home Page /data/users/w/wgann/public_html/walk_ot nehemiah.htm
2000.07.22 12:43 B D:\~wgann\walk_ot\nehemiah.zip <-- Gann Home Page /data/users/w/wgann/public_html/walk_ot nehemiah.zip
2000.07.22 12:43 B D:\~wgann\walk_ot\obadiah.htm <-- Gann Home Page /data/users/w/wgann/public_html/walk_ot obadiah.htm
2000.07.22 12:43 B D:\~wgann\walk_ot\obadiah.zip <-- Gann Home Page /data/users/w/wgann/public_html/walk_ot obadiah.zip
2000.07.22 12:44 B D:\~wgann\walk_ot\ot-walk.zip <-- Gann Home Page /data/users/w/wgann/public_html/walk_ot ot-walk.zip
2000.07.22 12:44 B D:\~wgann\walk_ot\ot_1.gif <-- Gann Home Page /data/users/w/wgann/public_html/walk_ot ot_1.gif
2000.07.22 12:44 B D:\~wgann\walk_ot\proverbs.htm <-- Gann Home Page /data/users/w/wgann/public_html/walk_ot proverbs.htm
2000.07.22 12:44 B D:\~wgann\walk_ot\prvbs.zip <-- Gann Home Page /data/users/w/wgann/public_html/walk_ot prvbs.zip
2000.07.22 12:44 B D:\~wgann\walk_ot\psalms.htm <-- Gann Home Page /data/users/w/wgann/public_html/walk_ot psalms.htm
2000.07.22 12:44 B D:\~wgann\walk_ot\psalms.zip <-- Gann Home Page /data/users/w/wgann/public_html/walk_ot psalms.zip
2000.07.22 12:44 B D:\~wgann\walk_ot\samuel.htm <-- Gann Home Page /data/users/w/wgann/public_html/walk_ot samuel.htm
2000.07.22 12:44 B D:\~wgann\walk_ot\samuel.zip <-- Gann Home Page /data/users/w/wgann/public_html/walk_ot samuel.zip
2000.07.22 12:44 B D:\~wgann\walk_ot\slate.gif <-- Gann Home Page /data/users/w/wgann/public_html/walk_ot slate.gif
2000.07.22 12:44 B D:\~wgann\walk_ot\walking3.gif <-- Gann Home Page /data/users/w/wgann/public_html/walk_ot walking3.gif
2000.07.22 12:44 B D:\~wgann\walk_ot\walking7.gif <-- Gann Home Page /data/users/w/wgann/public_html/walk_ot walking7.gif
101.03.10 16:16 B D:\~wgann\walk_ot\lamentations.htm --> home.hiwaay.net /data/users/w/wgann/public_html/walk_ot lamentations.htm
101.03.10 16:42 B D:\~wgann\walk_ot\lament.zip --> home.hiwaay.net /data/users/w/wgann/public_html/walk_ot lament.zip
101.03.10 16:43 B D:\~wgann\walk_ot\ot-walk.zip --> home.hiwaay.net /data/users/w/wgann/public_html/walk_ot ot-walk.zip
