2000.07.22 12:37 B D:\~wgann\walk_nt\1corinth.htm <-- Gann Home Page /data/users/w/wgann/public_html/walk_nt 1corinth.htm
2000.07.22 12:37 B D:\~wgann\walk_nt\1corinth.zip <-- Gann Home Page /data/users/w/wgann/public_html/walk_nt 1corinth.zip
2000.07.22 12:37 B D:\~wgann\walk_nt\1john.htm <-- Gann Home Page /data/users/w/wgann/public_html/walk_nt 1john.htm
2000.07.22 12:37 B D:\~wgann\walk_nt\1john.zip <-- Gann Home Page /data/users/w/wgann/public_html/walk_nt 1john.zip
2000.07.22 12:37 B D:\~wgann\walk_nt\1peter.htm <-- Gann Home Page /data/users/w/wgann/public_html/walk_nt 1peter.htm
2000.07.22 12:37 B D:\~wgann\walk_nt\1peter.zip <-- Gann Home Page /data/users/w/wgann/public_html/walk_nt 1peter.zip
2000.07.22 12:37 B D:\~wgann\walk_nt\1thessal.htm <-- Gann Home Page /data/users/w/wgann/public_html/walk_nt 1thessal.htm
2000.07.22 12:38 B D:\~wgann\walk_nt\1thessal.zip <-- Gann Home Page /data/users/w/wgann/public_html/walk_nt 1thessal.zip
2000.07.22 12:38 B D:\~wgann\walk_nt\1timothy.htm <-- Gann Home Page /data/users/w/wgann/public_html/walk_nt 1timothy.htm
2000.07.22 12:38 B D:\~wgann\walk_nt\1timothy.zip <-- Gann Home Page /data/users/w/wgann/public_html/walk_nt 1timothy.zip
2000.07.22 12:38 B D:\~wgann\walk_nt\2&3john.htm <-- Gann Home Page /data/users/w/wgann/public_html/walk_nt 2&3john.htm
2000.07.22 12:38 B D:\~wgann\walk_nt\2&3john.zip <-- Gann Home Page /data/users/w/wgann/public_html/walk_nt 2&3john.zip
2000.07.22 12:38 B D:\~wgann\walk_nt\2corinth.htm <-- Gann Home Page /data/users/w/wgann/public_html/walk_nt 2corinth.htm
2000.07.22 12:38 B D:\~wgann\walk_nt\2corinth.zip <-- Gann Home Page /data/users/w/wgann/public_html/walk_nt 2corinth.zip
2000.07.22 12:38 B D:\~wgann\walk_nt\2peter.htm <-- Gann Home Page /data/users/w/wgann/public_html/walk_nt 2peter.htm
2000.07.22 12:38 B D:\~wgann\walk_nt\2peter.zip <-- Gann Home Page /data/users/w/wgann/public_html/walk_nt 2peter.zip
2000.07.22 12:38 B D:\~wgann\walk_nt\2thessal.htm <-- Gann Home Page /data/users/w/wgann/public_html/walk_nt 2thessal.htm
2000.07.22 12:38 B D:\~wgann\walk_nt\2thessal.zip <-- Gann Home Page /data/users/w/wgann/public_html/walk_nt 2thessal.zip
2000.07.22 12:38 B D:\~wgann\walk_nt\2timothy.htm <-- Gann Home Page /data/users/w/wgann/public_html/walk_nt 2timothy.htm
2000.07.22 12:38 B D:\~wgann\walk_nt\acts.htm <-- Gann Home Page /data/users/w/wgann/public_html/walk_nt acts.htm
2000.07.22 12:38 B D:\~wgann\walk_nt\acts.zip <-- Gann Home Page /data/users/w/wgann/public_html/walk_nt acts.zip
2000.07.22 12:38 B D:\~wgann\walk_nt\acts_2.gif <-- Gann Home Page /data/users/w/wgann/public_html/walk_nt acts_2.gif
2000.07.22 12:38 B D:\~wgann\walk_nt\acts_3.gif <-- Gann Home Page /data/users/w/wgann/public_html/walk_nt acts_3.gif
2000.07.22 12:38 B D:\~wgann\walk_nt\acts_4.gif <-- Gann Home Page /data/users/w/wgann/public_html/walk_nt acts_4.gif
2000.07.22 12:38 B D:\~wgann\walk_nt\acts_bdg.gif <-- Gann Home Page /data/users/w/wgann/public_html/walk_nt acts_bdg.gif
2000.07.22 12:38 B D:\~wgann\walk_nt\acts_bk.htm <-- Gann Home Page /data/users/w/wgann/public_html/walk_nt acts_bk.htm
2000.07.22 12:38 B D:\~wgann\walk_nt\chalk.jpg <-- Gann Home Page /data/users/w/wgann/public_html/walk_nt chalk.jpg
2000.07.22 12:38 B D:\~wgann\walk_nt\coloss.htm <-- Gann Home Page /data/users/w/wgann/public_html/walk_nt coloss.htm
2000.07.22 12:38 B D:\~wgann\walk_nt\coloss.zip <-- Gann Home Page /data/users/w/wgann/public_html/walk_nt coloss.zip
2000.07.22 12:38 B D:\~wgann\walk_nt\ephes.zip <-- Gann Home Page /data/users/w/wgann/public_html/walk_nt ephes.zip
2000.07.22 12:38 B D:\~wgann\walk_nt\ephesian.htm <-- Gann Home Page /data/users/w/wgann/public_html/walk_nt ephesian.htm
2000.07.22 12:39 B D:\~wgann\walk_nt\galat.zip <-- Gann Home Page /data/users/w/wgann/public_html/walk_nt galat.zip
2000.07.22 12:39 B D:\~wgann\walk_nt\galatian.htm <-- Gann Home Page /data/users/w/wgann/public_html/walk_nt galatian.htm
2000.07.22 12:39 B D:\~wgann\walk_nt\hebrews.htm <-- Gann Home Page /data/users/w/wgann/public_html/walk_nt hebrews.htm
2000.07.22 12:39 B D:\~wgann\walk_nt\hebrews.zip <-- Gann Home Page /data/users/w/wgann/public_html/walk_nt hebrews.zip
2000.07.22 12:39 B D:\~wgann\walk_nt\james.htm <-- Gann Home Page /data/users/w/wgann/public_html/walk_nt james.htm
2000.07.22 12:39 B D:\~wgann\walk_nt\james.zip <-- Gann Home Page /data/users/w/wgann/public_html/walk_nt james.zip
2000.07.22 12:39 B D:\~wgann\walk_nt\john.htm <-- Gann Home Page /data/users/w/wgann/public_html/walk_nt john.htm
2000.07.22 12:39 B D:\~wgann\walk_nt\john.zip <-- Gann Home Page /data/users/w/wgann/public_html/walk_nt john.zip
2000.07.22 12:39 B D:\~wgann\walk_nt\luke.htm <-- Gann Home Page /data/users/w/wgann/public_html/walk_nt luke.htm
2000.07.22 12:39 B D:\~wgann\walk_nt\luke.zip <-- Gann Home Page /data/users/w/wgann/public_html/walk_nt luke.zip
2000.07.22 12:39 B D:\~wgann\walk_nt\mark.htm <-- Gann Home Page /data/users/w/wgann/public_html/walk_nt mark.htm
2000.07.22 12:39 B D:\~wgann\walk_nt\mark.zip <-- Gann Home Page /data/users/w/wgann/public_html/walk_nt mark.zip
2000.07.22 12:39 B D:\~wgann\walk_nt\matthew.htm <-- Gann Home Page /data/users/w/wgann/public_html/walk_nt matthew.htm
2000.07.22 12:39 B D:\~wgann\walk_nt\matthew.zip <-- Gann Home Page /data/users/w/wgann/public_html/walk_nt matthew.zip
2000.07.22 12:40 B D:\~wgann\walk_nt\nt-walk.zip <-- Gann Home Page /data/users/w/wgann/public_html/walk_nt nt-walk.zip
2000.07.22 12:41 B D:\~wgann\walk_nt\pauljor1.gif <-- Gann Home Page /data/users/w/wgann/public_html/walk_nt pauljor1.gif
2000.07.22 12:41 B D:\~wgann\walk_nt\philipp.zip <-- Gann Home Page /data/users/w/wgann/public_html/walk_nt philipp.zip
2000.07.22 12:41 B D:\~wgann\walk_nt\philippi.htm <-- Gann Home Page /data/users/w/wgann/public_html/walk_nt philippi.htm
2000.07.22 12:41 B D:\~wgann\walk_nt\revelati.htm <-- Gann Home Page /data/users/w/wgann/public_html/walk_nt revelati.htm
2000.07.22 12:41 B D:\~wgann\walk_nt\revelati.zip <-- Gann Home Page /data/users/w/wgann/public_html/walk_nt revelati.zip
2000.07.22 12:41 B D:\~wgann\walk_nt\romans.htm <-- Gann Home Page /data/users/w/wgann/public_html/walk_nt romans.htm
2000.07.22 12:41 B D:\~wgann\walk_nt\romans.zip <-- Gann Home Page /data/users/w/wgann/public_html/walk_nt romans.zip
2000.07.22 12:41 B D:\~wgann\walk_nt\slate.gif <-- Gann Home Page /data/users/w/wgann/public_html/walk_nt slate.gif
2000.07.22 12:41 B D:\~wgann\walk_nt\titus-ph.htm <-- Gann Home Page /data/users/w/wgann/public_html/walk_nt titus-ph.htm
2000.07.22 12:41 B D:\~wgann\walk_nt\titus-ph.zip <-- Gann Home Page /data/users/w/wgann/public_html/walk_nt titus-ph.zip
2000.07.22 12:41 B D:\~wgann\walk_nt\walking3.gif <-- Gann Home Page /data/users/w/wgann/public_html/walk_nt walking3.gif
2000.07.22 12:41 B D:\~wgann\walk_nt\walking7.gif <-- Gann Home Page /data/users/w/wgann/public_html/walk_nt walking7.gif
105.01.21 09:14 B d:\~wgann\walk_nt\hebrews.zip --> hiwaay.net /public_html/walk_nt hebrews.zip
110.05.15 10:37 B D:\My D Documents\My Webs\~wgann\walk_nt\Revelation_Walk_5x8 .pdf --> home.hiwaay.net /public_html/walk Revelation_Walk_5x8 .pdf
