2000.07.22 12:25 B D:\~wgann\sermons\abuse.htm <-- Gann Home Page /data/users/w/wgann/public_html/sermons abuse.htm
2000.07.22 12:25 B D:\~wgann\sermons\abuse.pdf <-- Gann Home Page /data/users/w/wgann/public_html/sermons abuse.pdf
2000.07.22 12:26 B D:\~wgann\sermons\antioch.htm <-- Gann Home Page /data/users/w/wgann/public_html/sermons antioch.htm
2000.07.22 12:26 B D:\~wgann\sermons\bears.htm <-- Gann Home Page /data/users/w/wgann/public_html/sermons bears.htm
2000.07.22 12:26 B D:\~wgann\sermons\bec-xn2.pdf <-- Gann Home Page /data/users/w/wgann/public_html/sermons bec-xn2.pdf
2000.07.22 12:27 B D:\~wgann\sermons\bec-xn3.pdf <-- Gann Home Page /data/users/w/wgann/public_html/sermons bec-xn3.pdf
2000.07.22 12:27 B D:\~wgann\sermons\begin.gif <-- Gann Home Page /data/users/w/wgann/public_html/sermons begin.gif
2000.07.22 12:27 B D:\~wgann\sermons\bible.gif <-- Gann Home Page /data/users/w/wgann/public_html/sermons bible.gif
2000.07.22 12:27 B D:\~wgann\sermons\bible2.gif <-- Gann Home Page /data/users/w/wgann/public_html/sermons bible2.gif
2000.07.22 12:27 B D:\~wgann\sermons\bible3.gif <-- Gann Home Page /data/users/w/wgann/public_html/sermons bible3.gif
2000.07.22 12:27 B D:\~wgann\sermons\bkgd3.gif <-- Gann Home Page /data/users/w/wgann/public_html/sermons bkgd3.gif
2000.07.22 12:27 B D:\~wgann\sermons\corner.htm <-- Gann Home Page /data/users/w/wgann/public_html/sermons corner.htm
2000.07.22 12:27 B D:\~wgann\sermons\decisions.htm <-- Gann Home Page /data/users/w/wgann/public_html/sermons decisions.htm
2000.07.22 12:27 B D:\~wgann\sermons\greatch.htm <-- Gann Home Page /data/users/w/wgann/public_html/sermons greatch.htm
2000.07.22 12:27 B D:\~wgann\sermons\historic.htm <-- Gann Home Page /data/users/w/wgann/public_html/sermons historic.htm
2000.07.22 12:27 B D:\~wgann\sermons\index.htm <-- Gann Home Page /data/users/w/wgann/public_html/sermons index.htm
2000.07.22 12:28 B D:\~wgann\sermons\lifefull.gif <-- Gann Home Page /data/users/w/wgann/public_html/sermons lifefull.gif
2000.07.22 12:28 B D:\~wgann\sermons\lifefull.htm <-- Gann Home Page /data/users/w/wgann/public_html/sermons lifefull.htm
2000.07.22 12:28 B D:\~wgann\sermons\lifefull.zip <-- Gann Home Page /data/users/w/wgann/public_html/sermons lifefull.zip
2000.07.22 12:28 B D:\~wgann\sermons\littlema.htm <-- Gann Home Page /data/users/w/wgann/public_html/sermons littlema.htm
2000.07.22 12:28 B D:\~wgann\sermons\loosleaf.gif <-- Gann Home Page /data/users/w/wgann/public_html/sermons loosleaf.gif
2000.07.22 12:28 B D:\~wgann\sermons\love-con.htm <-- Gann Home Page /data/users/w/wgann/public_html/sermons love-con.htm
2000.07.22 12:28 B D:\~wgann\sermons\miracles.htm <-- Gann Home Page /data/users/w/wgann/public_html/sermons miracles.htm
2000.07.22 12:28 B D:\~wgann\sermons\new.gif <-- Gann Home Page /data/users/w/wgann/public_html/sermons new.gif
2000.07.22 12:28 B D:\~wgann\sermons\poor.htm <-- Gann Home Page /data/users/w/wgann/public_html/sermons poor.htm
2000.07.22 12:28 B D:\~wgann\sermons\rec-chr.htm <-- Gann Home Page /data/users/w/wgann/public_html/sermons rec-chr.htm
2000.07.22 12:28 B D:\~wgann\sermons\redball.gif <-- Gann Home Page /data/users/w/wgann/public_html/sermons redball.gif
2000.07.22 12:28 B D:\~wgann\sermons\redline.gif <-- Gann Home Page /data/users/w/wgann/public_html/sermons redline.gif
2000.07.22 12:28 B D:\~wgann\sermons\resurr.htm <-- Gann Home Page /data/users/w/wgann/public_html/sermons resurr.htm
2000.07.22 12:28 B D:\~wgann\sermons\salvat.htm <-- Gann Home Page /data/users/w/wgann/public_html/sermons salvat.htm
2000.07.22 12:28 B D:\~wgann\sermons\salvat.html <-- Gann Home Page /data/users/w/wgann/public_html/sermons salvat.html
2000.07.22 12:28 B D:\~wgann\sermons\sermon-i.htm <-- Gann Home Page /data/users/w/wgann/public_html/sermons sermon-i.htm
2000.07.22 12:28 B D:\~wgann\sermons\sermons.htm <-- Gann Home Page /data/users/w/wgann/public_html/sermons sermons.htm
2000.07.22 12:28 B D:\~wgann\sermons\understd.htm <-- Gann Home Page /data/users/w/wgann/public_html/sermons understd.htm
2000.07.22 12:28 B D:\~wgann\sermons\uzziah.htm <-- Gann Home Page /data/users/w/wgann/public_html/sermons uzziah.htm
2000.07.22 12:29 B D:\~wgann\sermons\uzziah.pdf <-- Gann Home Page /data/users/w/wgann/public_html/sermons uzziah.pdf
2000.07.22 12:29 B D:\~wgann\sermons\wine.htm <-- Gann Home Page /data/users/w/wgann/public_html/sermons wine.htm
2000.07.22 12:29 B D:\~wgann\sermons\wine.pdf <-- Gann Home Page /data/users/w/wgann/public_html/sermons wine.pdf
2000.07.22 12:29 B D:\~wgann\sermons\yeldot.gif <-- Gann Home Page /data/users/w/wgann/public_html/sermons yeldot.gif
100.10.21 08:26 A D:\~wgann\sermons\index.htm --> home.hiwaay.net /data/users/w/wgann index.htm
100.10.21 08:27 A D:\~wgann\sermons\index.htm --> home.hiwaay.net /data/users/w/wgann/public_html/sermons index.htm
100.10.21 08:27 A D:\~wgann\sermons\not_far.htm --> home.hiwaay.net /data/users/w/wgann/public_html/sermons not_far.htm
100.10.21 08:28 A D:\~wgann\sermons\stretch_hand.htm --> home.hiwaay.net /data/users/w/wgann/public_html/sermons stretch_hand.htm
100.10.21 08:28 B D:\~wgann\sermons\stretch_hand.PDF --> home.hiwaay.net /data/users/w/wgann/public_html/sermons stretch_hand.pdf
100.10.21 08:41 B D:\~wgann\sermons\not_far.pdf --> home.hiwaay.net /data/users/w/wgann/public_html/sermons not_far.pdf
101.07.21 16:01 B D:\~wgann\sermons\index.htm --> home.hiwaay.net /data/users/w/wgann/public_html/sermons index.htm
101.07.21 16:01 B D:\~wgann\sermons\sermons.htm --> home.hiwaay.net /data/users/w/wgann/public_html/sermons sermons.htm
106.09.08 13:45 A D:\~wgann\sermons\thomas.htm <-- rogersvillecoc.org /web/sermons thomas.htm
106.09.08 13:45 B D:\~wgann\sermons\thomas.pdf <-- rogersvillecoc.org /web/sermons thomas.pdf
106.09.08 13:46 B D:\~wgann\sermons\Prayer of Jabez - handout.pdf <-- rogersvillecoc.org /web/sermons Prayer of Jabez - handout.pdf
106.09.08 13:46 A D:\~wgann\sermons\Prayer of Jabez.htm <-- rogersvillecoc.org /web/sermons Prayer of Jabez.htm
106.09.08 13:46 B D:\~wgann\sermons\Prayer of Jabez.pdf <-- rogersvillecoc.org /web/sermons Prayer of Jabez.pdf
106.09.08 13:47 B D:\~wgann\sermons\Prayer of Jabez - handout.pdf --> hiwaay.net /public_html/sermons prayer of jabez - handout.pdf
106.09.08 13:47 A D:\~wgann\sermons\Prayer of Jabez.htm --> hiwaay.net /public_html/sermons prayer of jabez.htm
106.09.08 13:47 B D:\~wgann\sermons\Prayer of Jabez.pdf --> hiwaay.net /public_html/sermons prayer of jabez.pdf
106.09.08 13:47 A D:\~wgann\sermons\thomas.htm --> hiwaay.net /public_html/sermons thomas.htm
106.09.08 13:47 B D:\~wgann\sermons\thomas.pdf --> hiwaay.net /public_html/sermons thomas.pdf
106.12.06 14:54 B D:\~wgann\sermons\index.htm --> 216.180.9.39 /httpdocs/sermons index.htm
107.02.03 13:42 B D:\~wgann\sermons\Angels - booklet.pdf --> home.hiwaay.net /public_html/sermons Angels - booklet.pdf
107.02.03 13:43 B D:\~wgann\sermons\Angels - wg - 8x11.pdf --> home.hiwaay.net /public_html/sermons Angels - wg - 8x11.pdf
107.02.03 13:43 B D:\~wgann\sermons\Angels - wg.htm --> home.hiwaay.net /public_html/sermons Angels - wg.htm
107.02.03 13:43 B D:\~wgann\sermons\Demonology - 5x8 - booklet.pdf --> home.hiwaay.net /public_html/sermons Demonology - 5x8 - booklet.pdf
107.02.03 13:43 B D:\~wgann\sermons\Demonology - 8x11.pdf --> home.hiwaay.net /public_html/sermons Demonology - 8x11.pdf
107.02.03 13:43 B D:\~wgann\sermons\Demonology.htm --> home.hiwaay.net /public_html/sermons Demonology.htm
107.02.03 13:43 B D:\~wgann\sermons\The Good Samaritan - Luke 10 - 8x11.pdf --> home.hiwaay.net /public_html/sermons The Good Samaritan - Luke 10 - 8x11.pdf
107.02.03 13:43 B D:\~wgann\sermons\The Good Samaritan - Luke 10.htm --> home.hiwaay.net /public_html/sermons The Good Samaritan - Luke 10.htm
107.02.03 14:05 B D:\~wgann\sermons\Angels - booklet.pdf --> home.hiwaay.net /public_html/sermons Angels - booklet.pdf
107.02.03 14:05 B D:\~wgann\sermons\Angels - wg - 8x11.pdf --> home.hiwaay.net /public_html/sermons Angels - wg - 8x11.pdf
107.02.03 14:05 B D:\~wgann\sermons\sermons.htm --> home.hiwaay.net /public_html/sermons sermons.htm
107.02.03 14:06 B D:\~wgann\sermons\index.htm --> home.hiwaay.net /public_html/sermons index.htm
107.02.03 14:06 B D:\~wgann\sermons\Demonology - 5x8 - booklet.pdf --> home.hiwaay.net /public_html/sermons Demonology - 5x8 - booklet.pdf
107.02.03 14:06 B D:\~wgann\sermons\Demonology - 8x11.pdf --> home.hiwaay.net /public_html/sermons Demonology - 8x11.pdf
107.02.03 14:07 B D:\~wgann\sermons\The Good Samaritan - Luke 10 - 8x11.pdf --> home.hiwaay.net /public_html/sermons The Good Samaritan - Luke 10 - 8x11.pdf
107.02.03 14:07 B D:\~wgann\sermons\The Good Samaritan - Luke 10.htm --> home.hiwaay.net /public_html/sermons The Good Samaritan - Luke 10.htm
107.02.03 14:12 B D:\~wgann\sermons\Angels - wg.htm --> home.hiwaay.net /public_html/sermons Angels - wg.htm
107.02.03 14:12 B D:\~wgann\sermons\redball.gif --> home.hiwaay.net /public_html/sermons redball.gif
107.02.03 14:20 B D:\~wgann\sermons\index.htm --> home.hiwaay.net /public_html/sermons index.htm
107.02.03 14:20 B D:\~wgann\sermons\sermons.htm --> home.hiwaay.net /public_html/sermons sermons.htm
107.02.03 14:22 B D:\~wgann\sermons\loosleaf.gif --> home.hiwaay.net /public_html/sermons loosleaf.gif
107.02.03 14:25 B D:\~wgann\sermons\sermons.htm --> home.hiwaay.net /public_html/sermons sermons.htm
107.02.03 14:26 B D:\~wgann\sermons\sermons.htm --> home.hiwaay.net /public_html/sermons sermons.htm
107.02.03 14:33 B D:\~wgann\sermons\sermons.htm --> home.hiwaay.net /public_html/sermons sermons.htm
107.02.03 14:34 B D:\~wgann\sermons\sermons.htm --> home.hiwaay.net /public_html/sermons sermons.htm
107.02.03 14:36 B D:\~wgann\sermons\Angels - booklet.pdf --> 216.180.9.39 /httpdocs/sermons Angels - booklet.pdf
107.02.03 14:36 B D:\~wgann\sermons\Angels - wg - 8x11.pdf --> 216.180.9.39 /httpdocs/sermons Angels - wg - 8x11.pdf
107.02.03 14:36 B D:\~wgann\sermons\Angels - wg.htm --> 216.180.9.39 /httpdocs/sermons Angels - wg.htm
107.02.03 14:37 B D:\~wgann\sermons\Demonology - 5x8 - booklet.pdf --> 216.180.9.39 /httpdocs/sermons Demonology - 5x8 - booklet.pdf
107.02.03 14:37 B D:\~wgann\sermons\Demonology - 8x11.pdf --> 216.180.9.39 /httpdocs/sermons Demonology - 8x11.pdf
107.02.03 14:37 B D:\~wgann\sermons\Demonology.htm --> 216.180.9.39 /httpdocs/sermons Demonology.htm
107.02.03 14:37 B D:\~wgann\sermons\index.htm --> 216.180.9.39 /httpdocs/sermons index.htm
107.02.03 14:37 B D:\~wgann\sermons\sermons.htm --> 216.180.9.39 /httpdocs/sermons sermons.htm
107.02.03 14:37 B D:\~wgann\sermons\The Good Samaritan - Luke 10 - 8x11.pdf --> 216.180.9.39 /httpdocs/sermons The Good Samaritan - Luke 10 - 8x11.pdf
107.02.03 14:37 B D:\~wgann\sermons\The Good Samaritan - Luke 10.htm --> 216.180.9.39 /httpdocs/sermons The Good Samaritan - Luke 10.htm
107.02.03 14:50 B D:\~wgann\sermons\index.htm --> 216.180.9.39 /httpdocs/sermons index.htm
107.02.03 14:50 B D:\~wgann\sermons\mailbox.gif --> 216.180.9.39 /httpdocs/sermons mailbox.gif
107.02.03 14:50 B D:\~wgann\sermons\sermons.htm --> 216.180.9.39 /httpdocs/sermons sermons.htm
107.02.03 14:55 B D:\~wgann\sermons\index.htm --> 216.180.9.39 /httpdocs/sermons index.htm
107.02.03 15:11 B D:\~wgann\sermons\Angels - wg.htm --> 216.180.9.39 /httpdocs/sermons Angels - wg.htm
107.02.03 15:30 B D:\~wgann\sermons\Angels - wg.htm --> 216.180.9.39 /httpdocs/sermons Angels - wg.htm
107.02.03 15:30 B D:\~wgann\sermons\Demonology.htm --> 216.180.9.39 /httpdocs/sermons Demonology.htm
107.02.03 15:30 B D:\~wgann\sermons\kjv-a scholarly translation.htm --> 216.180.9.39 /httpdocs/sermons kjv-a scholarly translation.htm
107.02.03 15:30 B D:\~wgann\sermons\The Good Samaritan - Luke 10.htm --> 216.180.9.39 /httpdocs/sermons The Good Samaritan - Luke 10.htm
107.02.03 15:31 B D:\~wgann\sermons\Prayer of Jabez.htm --> 216.180.9.39 /httpdocs/sermons Prayer of Jabez.htm
107.02.03 15:37 B D:\~wgann\sermons\Demonology.htm --> 216.180.9.39 /httpdocs/sermons Demonology.htm
107.02.03 15:55 B D:\~wgann\sermons\index-060312.htm <-- home.hiwaay.net /public_html/sermons index-060312.htm
107.02.03 16:16 B D:\~wgann\sermons\index for sermons.htm --> home.hiwaay.net /public_html/sermons index for sermons.htm
107.02.03 16:21 B D:\~wgann\sermons\index for sermons.htm --> home.hiwaay.net /public_html/sermons index for sermons.htm
107.02.03 16:25 B D:\~wgann\sermons\index for sermons.htm --> home.hiwaay.net /public_html/sermons index for sermons.htm
107.02.03 16:26 B D:\~wgann\sermons\index for sermons.htm --> home.hiwaay.net /public_html/sermons index for sermons.htm
107.02.03 16:36 B D:\~wgann\sermons\index for sermons.htm --> home.hiwaay.net /public_html/sermons index for sermons.htm
107.02.03 16:36 B D:\~wgann\sermons\index for sermons.htm --> home.hiwaay.net /public_html/sermons index for sermons.htm
107.02.03 16:45 B D:\~wgann\sermons\index.htm --> home.hiwaay.net /public_html/sermons index.htm
107.02.03 16:45 B D:\~wgann\sermons\sermons.htm --> home.hiwaay.net /public_html/sermons sermons.htm
111.08.10 15:11 B D:\My D Documents\My Webs\~wgann\sermons\Chronology-NT-Gann-5x8-booklet-1pg-8pt.pdf --> home.hiwaay.net /public_html Chronology-NT-Gann-5x8-booklet-1pg-8pt.pdf
