107.11.12 14:33 B C:\Documents and Settings\Windell\My Documents\My Data-Docs\Hiwaay-wgann site\lessons\lesson-index.htm --> home.hiwaay.net /public_html/lessons lesson-index.htm
107.11.12 14:33 B C:\Documents and Settings\Windell\My Documents\My Data-Docs\Hiwaay-wgann site\lessons\index.htm --> home.hiwaay.net /public_html/lessons index.htm
107.11.12 14:36 B C:\Documents and Settings\Windell\My Documents\My Data-Docs\Hiwaay-wgann site\lessons\Bible_Open.jpg --> home.hiwaay.net /public_html/lessons Bible_Open.jpg
107.11.12 15:18 B C:\Documents and Settings\Windell\My Documents\My Data-Docs\Hiwaay-wgann site\lessons\lesson-index.htm --> home.hiwaay.net /public_html/lessons lesson-index.htm
107.12.14 07:19 B C:\Documents and Settings\Windell\My Documents\My Data-Docs\Hiwaay-wgann site\lessons\2 TIMOTHY - Review - Lesson Sheet.pdf --> home.hiwaay.net /public_html/lessons 2 TIMOTHY - Review - Lesson Sheet.pdf
107.12.14 07:19 B C:\Documents and Settings\Windell\My Documents\My Data-Docs\Hiwaay-wgann site\lessons\Bible Study Lesson Sheets.gif --> home.hiwaay.net /public_html/lessons Bible Study Lesson Sheets.gif
107.12.14 07:19 B C:\Documents and Settings\Windell\My Documents\My Data-Docs\Hiwaay-wgann site\lessons\index.htm --> home.hiwaay.net /public_html/lessons index.htm
107.12.14 07:19 B C:\Documents and Settings\Windell\My Documents\My Data-Docs\Hiwaay-wgann site\lessons\lesson-index.htm --> home.hiwaay.net /public_html/lessons lesson-index.htm
107.12.14 07:19 B C:\Documents and Settings\Windell\My Documents\My Data-Docs\Hiwaay-wgann site\lessons\bib-whg.gif --> home.hiwaay.net /public_html/lessons bib-whg.gif
107.12.14 07:20 B C:\Documents and Settings\Windell\My Documents\My Data-Docs\Hiwaay-wgann site\lessons\Bible_Open.jpg --> home.hiwaay.net /public_html/lessons Bible_Open.jpg
107.12.14 07:20 B C:\Documents and Settings\Windell\My Documents\My Data-Docs\Hiwaay-wgann site\lessons\Bible_Open copy.jpg --> home.hiwaay.net /public_html/lessons Bible_Open copy.jpg
107.12.14 07:20 B C:\Documents and Settings\Windell\My Documents\My Data-Docs\Hiwaay-wgann site\lessons\Bible_Open copy.gif --> home.hiwaay.net /public_html/lessons Bible_Open copy.gif
107.12.14 07:20 B C:\Documents and Settings\Windell\My Documents\My Data-Docs\Hiwaay-wgann site\lessons\ws_ftp.log --> home.hiwaay.net /public_html/lessons ws_ftp.log
107.12.14 07:20 B C:\Documents and Settings\Windell\My Documents\My Data-Docs\Hiwaay-wgann site\lessons\bible-thumb.jpg --> home.hiwaay.net /public_html/lessons bible-thumb.jpg
107.12.14 07:20 B C:\Documents and Settings\Windell\My Documents\My Data-Docs\Hiwaay-wgann site\lessons\1tim-bsls.gif --> home.hiwaay.net /public_html/lessons 1tim-bsls.gif
107.12.14 07:20 B C:\Documents and Settings\Windell\My Documents\My Data-Docs\Hiwaay-wgann site\lessons\2tim-bsls.gif --> home.hiwaay.net /public_html/lessons 2tim-bsls.gif
107.12.14 07:20 B C:\Documents and Settings\Windell\My Documents\My Data-Docs\Hiwaay-wgann site\lessons\Bible xxx.psd --> home.hiwaay.net /public_html/lessons Bible xxx.psd
107.12.14 07:21 B C:\Documents and Settings\Windell\My Documents\My Data-Docs\Hiwaay-wgann site\lessons\ROMANS - walk - 5x8.pdf --> home.hiwaay.net /public_html/lessons/2timothy/romans ROMANS - walk - 5x8.pdf
107.12.14 07:21 B C:\Documents and Settings\Windell\My Documents\My Data-Docs\Hiwaay-wgann site\lessons\lesson-index.htm --> home.hiwaay.net /public_html/lessons/2timothy/romans lesson-index.htm
107.12.14 07:21 B C:\Documents and Settings\Windell\My Documents\My Data-Docs\Hiwaay-wgann site\lessons\bib-whg.gif --> home.hiwaay.net /public_html/lessons/2timothy/romans bib-whg.gif
107.12.14 07:21 B C:\Documents and Settings\Windell\My Documents\My Data-Docs\Hiwaay-wgann site\lessons\Bible_Open.jpg --> home.hiwaay.net /public_html/lessons/2timothy/romans Bible_Open.jpg
107.12.14 07:21 B C:\Documents and Settings\Windell\My Documents\My Data-Docs\Hiwaay-wgann site\lessons\Bible_Open copy.jpg --> home.hiwaay.net /public_html/lessons/2timothy/romans Bible_Open copy.jpg
107.12.14 07:21 B C:\Documents and Settings\Windell\My Documents\My Data-Docs\Hiwaay-wgann site\lessons\Bible_Open copy.gif --> home.hiwaay.net /public_html/lessons/2timothy/romans Bible_Open copy.gif
110.04.28 11:16 B I:\lessons\2timothy\ws_ftp.log <-- home.hiwaay.net /public_html/lessons/2timothy ws_ftp.log
110.06.02 07:18 B M:\~wgann\lessons\2timothy\2 TIMOTHY - Review - Lesson Sheet.pdf --> home.hiwaay.net /public_html/lessons/2timothy 2 TIMOTHY - Review - Lesson Sheet.pdf
110.06.02 07:18 B M:\~wgann\lessons\2timothy\2 TIMOTHY - Review - Lesson Sheet.wpd --> home.hiwaay.net /public_html/lessons/2timothy 2 TIMOTHY - Review - Lesson Sheet.wpd
110.06.02 07:18 B M:\~wgann\lessons\2timothy\2 TIMOTHY 1 - Lesson Sheet.pdf --> home.hiwaay.net /public_html/lessons/2timothy 2 TIMOTHY 1 - Lesson Sheet.pdf
110.06.02 07:18 B M:\~wgann\lessons\2timothy\2 TIMOTHY 2 - Lesson Sheet.pdf --> home.hiwaay.net /public_html/lessons/2timothy 2 TIMOTHY 2 - Lesson Sheet.pdf
110.06.02 07:18 B M:\~wgann\lessons\2timothy\2 TIMOTHY 3 - Lesson Sheet.pdf --> home.hiwaay.net /public_html/lessons/2timothy 2 TIMOTHY 3 - Lesson Sheet.pdf
110.06.02 07:18 B M:\~wgann\lessons\2timothy\2 TIMOTHY 4 - Lesson Sheet.pdf --> home.hiwaay.net /public_html/lessons/2timothy 2 TIMOTHY 4 - Lesson Sheet.pdf
110.06.02 07:18 B M:\~wgann\lessons\2timothy\2tim-bsls.gif --> home.hiwaay.net /public_html/lessons/2timothy 2tim-bsls.gif
110.06.02 07:18 B M:\~wgann\lessons\2timothy\2timothy-pdf.zip --> home.hiwaay.net /public_html/lessons/2timothy 2timothy-pdf.zip
110.06.02 07:18 B M:\~wgann\lessons\2timothy\2timothy-wpd.zip --> home.hiwaay.net /public_html/lessons/2timothy 2timothy-wpd.zip
110.06.02 07:18 B M:\~wgann\lessons\2timothy\2timothy_index.htm --> home.hiwaay.net /public_html/lessons/2timothy 2timothy_index.htm
110.06.02 07:18 B M:\~wgann\lessons\2timothy\2timothy_walk.pdf --> home.hiwaay.net /public_html/lessons/2timothy 2timothy_walk.pdf
110.06.02 07:18 B M:\~wgann\lessons\2timothy\Bible Study Lesson Sheets.gif --> home.hiwaay.net /public_html/lessons/2timothy Bible Study Lesson Sheets.gif
