106.07.13 19:22 B F:\CD Creations\DVD COC web site\ridinger\1-Introduction to Dispensationalism.PDF <-- www.rogersvillecoc.org /web/ridinger 1-Introduction to Dispensationalism.PDF
106.07.13 19:22 B F:\CD Creations\DVD COC web site\ridinger\2-Dispensationalism and the Church.PDF <-- www.rogersvillecoc.org /web/ridinger 2-Dispensationalism and the Church.PDF
106.07.13 19:22 B F:\CD Creations\DVD COC web site\ridinger\3-Dispensationalism and the Rapture.PDF <-- www.rogersvillecoc.org /web/ridinger 3-Dispensationalism and the Rapture.PDF
106.07.13 19:22 B F:\CD Creations\DVD COC web site\ridinger\3-Handout.PDF <-- www.rogersvillecoc.org /web/ridinger 3-Handout.PDF
106.07.13 19:22 B F:\CD Creations\DVD COC web site\ridinger\4-Handout.PDF <-- www.rogersvillecoc.org /web/ridinger 4-Handout.PDF
106.07.13 19:22 B F:\CD Creations\DVD COC web site\ridinger\4-Rapture to Millennium.PDF <-- www.rogersvillecoc.org /web/ridinger 4-Rapture to Millennium.PDF
106.07.13 19:22 B F:\CD Creations\DVD COC web site\ridinger\5-From Millennium to the End.PDF <-- www.rogersvillecoc.org /web/ridinger 5-From Millennium to the End.PDF
106.07.13 19:22 B F:\CD Creations\DVD COC web site\ridinger\5-Handout.PDF <-- www.rogersvillecoc.org /web/ridinger 5-Handout.PDF
106.07.13 19:22 B F:\CD Creations\DVD COC web site\ridinger\Chart - Church & Kingdom.PDF <-- www.rogersvillecoc.org /web/ridinger Chart - Church & Kingdom.PDF
106.07.13 19:22 B F:\CD Creations\DVD COC web site\ridinger\Chart 1 - letter size.PDF <-- www.rogersvillecoc.org /web/ridinger Chart 1 - letter size.PDF
106.07.13 19:22 B F:\CD Creations\DVD COC web site\ridinger\Chart 1.PDF <-- www.rogersvillecoc.org /web/ridinger Chart 1.PDF
106.07.13 19:22 B F:\CD Creations\DVD COC web site\ridinger\TV-1.PDF <-- www.rogersvillecoc.org /web/ridinger TV-1.PDF
106.07.13 19:22 B F:\CD Creations\DVD COC web site\ridinger\TV-2.PDF <-- www.rogersvillecoc.org /web/ridinger TV-2.PDF
106.07.13 19:22 B F:\CD Creations\DVD COC web site\ridinger\Watch That TV (1).htm <-- www.rogersvillecoc.org /web/ridinger Watch That TV (1).htm
106.07.13 19:22 B F:\CD Creations\DVD COC web site\ridinger\Watch That TV (1).wpd <-- www.rogersvillecoc.org /web/ridinger Watch That TV (1).wpd
106.07.13 19:22 B F:\CD Creations\DVD COC web site\ridinger\Watch That TV (2).htm <-- www.rogersvillecoc.org /web/ridinger Watch That TV (2).htm
106.07.13 19:22 B F:\CD Creations\DVD COC web site\ridinger\Watch That TV (2).wpd <-- www.rogersvillecoc.org /web/ridinger Watch That TV (2).wpd
106.07.13 19:22 B F:\CD Creations\DVD COC web site\ridinger\Watch That TV(1).doc <-- www.rogersvillecoc.org /web/ridinger Watch That TV(1).doc
106.07.13 19:22 B F:\CD Creations\DVD COC web site\ridinger\Watch That TV(2).doc <-- www.rogersvillecoc.org /web/ridinger Watch That TV(2).doc
106.07.13 19:22 B F:\CD Creations\DVD COC web site\ridinger\dispensationalism.htm <-- www.rogersvillecoc.org /web/ridinger dispensationalism.htm
106.07.13 19:22 B F:\CD Creations\DVD COC web site\ridinger\index.htm <-- www.rogersvillecoc.org /web/ridinger index.htm
106.07.14 14:47 B F:\CD Creations\DVD COC web site\ridinger\1-Introduction to Dispensationalism.PDF --> home.hiwaay.net /public_html/ridinger 1-Introduction to Dispensationalism.PDF
106.07.14 14:47 B F:\CD Creations\DVD COC web site\ridinger\2-Dispensationalism and the Church.PDF --> home.hiwaay.net /public_html/ridinger 2-Dispensationalism and the Church.PDF
106.07.14 14:47 B F:\CD Creations\DVD COC web site\ridinger\3-Dispensationalism and the Rapture.PDF --> home.hiwaay.net /public_html/ridinger 3-Dispensationalism and the Rapture.PDF
106.07.14 14:47 B F:\CD Creations\DVD COC web site\ridinger\3-Handout.PDF --> home.hiwaay.net /public_html/ridinger 3-Handout.PDF
106.07.14 14:47 B F:\CD Creations\DVD COC web site\ridinger\4-Handout.PDF --> home.hiwaay.net /public_html/ridinger 4-Handout.PDF
106.07.14 14:47 B F:\CD Creations\DVD COC web site\ridinger\4-Rapture to Millennium.PDF --> home.hiwaay.net /public_html/ridinger 4-Rapture to Millennium.PDF
106.07.14 14:47 B F:\CD Creations\DVD COC web site\ridinger\5-From Millennium to the End.PDF --> home.hiwaay.net /public_html/ridinger 5-From Millennium to the End.PDF
106.07.14 14:48 B F:\CD Creations\DVD COC web site\ridinger\5-Handout.PDF --> home.hiwaay.net /public_html/ridinger 5-Handout.PDF
106.07.14 14:48 B F:\CD Creations\DVD COC web site\ridinger\Chart - Church & Kingdom.PDF --> home.hiwaay.net /public_html/ridinger Chart - Church & Kingdom.PDF
106.07.14 14:48 B F:\CD Creations\DVD COC web site\ridinger\Chart 1 - letter size.PDF --> home.hiwaay.net /public_html/ridinger Chart 1 - letter size.PDF
106.07.14 14:48 B F:\CD Creations\DVD COC web site\ridinger\Chart 1.PDF --> home.hiwaay.net /public_html/ridinger Chart 1.PDF
106.07.14 14:48 B F:\CD Creations\DVD COC web site\ridinger\dispensationalism.htm --> home.hiwaay.net /public_html/ridinger dispensationalism.htm
106.07.14 14:48 B F:\CD Creations\DVD COC web site\ridinger\index.htm --> home.hiwaay.net /public_html/ridinger index.htm
106.07.14 14:48 B F:\CD Creations\DVD COC web site\ridinger\tv-1.pdf --> home.hiwaay.net /public_html/ridinger tv-1.pdf
106.07.14 14:48 B F:\CD Creations\DVD COC web site\ridinger\tv-2.pdf --> home.hiwaay.net /public_html/ridinger tv-2.pdf
106.07.14 14:48 B F:\CD Creations\DVD COC web site\ridinger\Watch That TV (1).htm --> home.hiwaay.net /public_html/ridinger Watch That TV (1).htm
106.07.14 14:48 B F:\CD Creations\DVD COC web site\ridinger\Watch That TV (1).wpd --> home.hiwaay.net /public_html/ridinger Watch That TV (1).wpd
106.07.14 14:48 B F:\CD Creations\DVD COC web site\ridinger\Watch That TV (2).htm --> home.hiwaay.net /public_html/ridinger Watch That TV (2).htm
106.07.14 14:48 B F:\CD Creations\DVD COC web site\ridinger\Watch That TV (2).wpd --> home.hiwaay.net /public_html/ridinger Watch That TV (2).wpd
106.07.14 14:48 B F:\CD Creations\DVD COC web site\ridinger\Watch That TV(1).doc --> home.hiwaay.net /public_html/ridinger Watch That TV(1).doc
106.07.14 14:48 B F:\CD Creations\DVD COC web site\ridinger\Watch That TV(2).doc --> home.hiwaay.net /public_html/ridinger Watch That TV(2).doc
