100.04.30 20:09 B c:\~wgann\mark\contents.pdf <-- home.hiwaay.net /data2/users/w/wgann/public_html/mark contents.pdf
100.04.30 20:09 A c:\~wgann\mark\index.htm <-- home.hiwaay.net /data2/users/w/wgann/public_html/mark index.htm
100.04.30 20:09 B c:\~wgann\mark\mark.jpg <-- home.hiwaay.net /data2/users/w/wgann/public_html/mark mark.jpg
100.04.30 20:09 A c:\~wgann\mark\mark01.htm <-- home.hiwaay.net /data2/users/w/wgann/public_html/mark mark01.htm
100.04.30 20:09 B c:\~wgann\mark\mark01.pdf <-- home.hiwaay.net /data2/users/w/wgann/public_html/mark mark01.pdf
100.04.30 20:09 A c:\~wgann\mark\mark02.htm <-- home.hiwaay.net /data2/users/w/wgann/public_html/mark mark02.htm
100.04.30 20:09 B c:\~wgann\mark\mark02.pdf <-- home.hiwaay.net /data2/users/w/wgann/public_html/mark mark02.pdf
100.04.30 20:09 A c:\~wgann\mark\mark03.htm <-- home.hiwaay.net /data2/users/w/wgann/public_html/mark mark03.htm
100.04.30 20:09 B c:\~wgann\mark\mark03.pdf <-- home.hiwaay.net /data2/users/w/wgann/public_html/mark mark03.pdf
100.04.30 20:09 A c:\~wgann\mark\mk-tc.htm <-- home.hiwaay.net /data2/users/w/wgann/public_html/mark mk-tc.htm
100.04.30 22:04 B c:\~WGANN\mark\contents.pdf --> www.rogersvillecoc.org /web contents.pdf
106.07.13 19:16 B F:\CD Creations\DVD COC web site\mark\ws_ftp.log <-- www.rogersvillecoc.org /web/mark ws_ftp.log
106.07.14 14:23 B F:\CD Creations\DVD COC web site\mark\contents.pdf --> home.hiwaay.net /public_html/mark contents.pdf
106.07.14 14:23 B F:\CD Creations\DVD COC web site\mark\index.htm --> home.hiwaay.net /public_html/mark index.htm
106.07.14 14:23 B F:\CD Creations\DVD COC web site\mark\mark.jpg --> home.hiwaay.net /public_html/mark mark.jpg
106.07.14 14:23 B F:\CD Creations\DVD COC web site\mark\mark01.htm --> home.hiwaay.net /public_html/mark mark01.htm
106.07.14 14:23 B F:\CD Creations\DVD COC web site\mark\mark01.pdf --> home.hiwaay.net /public_html/mark mark01.pdf
106.07.14 14:23 B F:\CD Creations\DVD COC web site\mark\mark02.htm --> home.hiwaay.net /public_html/mark mark02.htm
106.07.14 14:23 B F:\CD Creations\DVD COC web site\mark\mark02.pdf --> home.hiwaay.net /public_html/mark mark02.pdf
106.07.14 14:23 B F:\CD Creations\DVD COC web site\mark\mark03.htm --> home.hiwaay.net /public_html/mark mark03.htm
106.07.14 14:23 B F:\CD Creations\DVD COC web site\mark\mark03.pdf --> home.hiwaay.net /public_html/mark mark03.pdf
106.07.14 14:23 B F:\CD Creations\DVD COC web site\mark\mk-tc.htm --> home.hiwaay.net /public_html/mark mk-tc.htm
106.07.14 14:23 B F:\CD Creations\DVD COC web site\mark\mk-tc.jpg --> home.hiwaay.net /public_html/mark mk-tc.jpg
