108.02.16 13:32 B D:\My D Documents\My Webs\~wgann\e-Sword Modules\Church of Christ .top --> home.hiwaay.net /public_html Church of Christ .top
108.02.16 13:32 B D:\My D Documents\My Webs\~wgann\e-Sword Modules\e-sword banner.gif --> home.hiwaay.net /public_html e-sword banner.gif
108.02.16 13:32 B D:\My D Documents\My Webs\~wgann\e-Sword Modules\e-Sword index.htm --> home.hiwaay.net /public_html e-Sword index.htm
108.02.16 13:33 B D:\My D Documents\My Webs\~wgann\e-Sword Modules\e-Sword Modules.zip --> home.hiwaay.net /public_html e-Sword Modules.zip
108.02.16 13:33 B D:\My D Documents\My Webs\~wgann\e-Sword Modules\e-sword-icon copy.gif --> home.hiwaay.net /public_html e-sword-icon copy.gif
108.02.16 13:33 B D:\My D Documents\My Webs\~wgann\e-Sword Modules\e-sword-icon.gif --> home.hiwaay.net /public_html e-sword-icon.gif
108.02.16 13:33 B D:\My D Documents\My Webs\~wgann\e-Sword Modules\e-Sword_1_1.jpg --> home.hiwaay.net /public_html e-Sword_1_1.jpg
108.02.16 13:40 B D:\My D Documents\My Webs\~wgann\e-Sword Modules\Church of Christ .top --> home.hiwaay.net /public_html/e-Sword Modules Church of Christ .top
108.02.16 13:40 B D:\My D Documents\My Webs\~wgann\e-Sword Modules\e-sword banner.gif --> home.hiwaay.net /public_html/e-Sword Modules e-sword banner.gif
108.02.16 13:40 B D:\My D Documents\My Webs\~wgann\e-Sword Modules\e-Sword index.htm --> home.hiwaay.net /public_html/e-Sword Modules e-Sword index.htm
108.02.16 13:41 B D:\My D Documents\My Webs\~wgann\e-Sword Modules\e-Sword Modules.zip --> home.hiwaay.net /public_html/e-Sword Modules e-Sword Modules.zip
108.02.16 13:41 B D:\My D Documents\My Webs\~wgann\e-Sword Modules\e-sword-icon copy.gif --> home.hiwaay.net /public_html/e-Sword Modules e-sword-icon copy.gif
108.02.16 13:41 B D:\My D Documents\My Webs\~wgann\e-Sword Modules\e-sword-icon.gif --> home.hiwaay.net /public_html/e-Sword Modules e-sword-icon.gif
108.02.16 13:41 B D:\My D Documents\My Webs\~wgann\e-Sword Modules\e-Sword_1_1.jpg --> home.hiwaay.net /public_html/e-Sword Modules e-Sword_1_1.jpg
108.02.16 13:41 B D:\My D Documents\My Webs\~wgann\e-Sword Modules\eSword_logo_thumbnail.jpg --> home.hiwaay.net /public_html/e-Sword Modules eSword_logo_thumbnail.jpg
108.02.16 13:43 B D:\My D Documents\My Webs\~wgann\e-Sword Modules\Gann's.not --> home.hiwaay.net /public_html/e-Sword Modules Gann's.not
108.02.16 13:43 B D:\My D Documents\My Webs\~wgann\e-Sword Modules\icon_esword.png --> home.hiwaay.net /public_html/e-Sword Modules icon_esword.png
108.02.16 13:43 B D:\My D Documents\My Webs\~wgann\e-Sword Modules\Revelation-WG.top --> home.hiwaay.net /public_html/e-Sword Modules Revelation-WG.top
108.02.16 13:45 B D:\My D Documents\My Webs\~wgann\e-Sword Modules\Scholarship of the KJV.top --> home.hiwaay.net /public_html/e-Sword Modules Scholarship of the KJV.top
108.02.16 13:45 B D:\My D Documents\My Webs\~wgann\e-Sword Modules\Topic Studies  - W Gann.top --> home.hiwaay.net /public_html/e-Sword Modules Topic Studies  - W Gann.top
108.02.16 13:45 B D:\My D Documents\My Webs\~wgann\e-Sword Modules\Topical References - Gann.top --> home.hiwaay.net /public_html/e-Sword Modules Topical References - Gann.top
108.02.16 13:46 B D:\My D Documents\My Webs\~wgann\e-Sword Modules\Walking Thru The Bible - Gann.top --> home.hiwaay.net /public_html/e-Sword Modules Walking Thru The Bible - Gann.top
108.02.16 13:52 B D:\My D Documents\My Webs\~wgann\e-Sword Modules\e-Sword index.htm --> home.hiwaay.net /public_html/e-Sword Modules e-Sword index.htm
108.03.07 13:31 B D:\My D Documents\My Webs\~wgann\e-Sword Modules\Gann's.not --> home.hiwaay.net /public_html/e-Sword Modules Gann's.not
108.03.07 13:32 B D:\My D Documents\My Webs\~wgann\e-Sword Modules\Topic Studies  - W Gann.top --> home.hiwaay.net /public_html/e-Sword Modules Topic Studies  - W Gann.top
108.03.07 13:32 B D:\My D Documents\My Webs\~wgann\e-Sword Modules\Topics - W Gann.top --> home.hiwaay.net /public_html/e-Sword Modules Topics - W Gann.top
108.03.07 13:35 B D:\My D Documents\My Webs\~wgann\e-Sword Modules\e-Sword index.htm --> home.hiwaay.net /public_html/e-Sword Modules e-Sword index.htm
108.04.18 08:50 B D:\My D Documents\My Webs\~wgann\e-Sword Modules\Fundamental Bible Studies.top --> home.hiwaay.net /public_html/e-Sword Modules Fundamental Bible Studies.top
108.04.18 08:50 B D:\My D Documents\My Webs\~wgann\e-Sword Modules\e-Sword index.htm --> home.hiwaay.net /public_html/e-Sword Modules e-Sword index.htm
108.05.08 11:47 B D:\My D Documents\My Webs\~wgann\e-Sword Modules\Gann's.not --> home.hiwaay.net /public_html/e-Sword Modules Gann's.not
108.10.28 14:30 B D:\My D Documents\My Webs\~wgann\e-Sword Modules\e-Sword index.htm --> home.hiwaay.net /public_html/e-Sword Modules e-Sword index.htm
108.12.15 15:21 B D:\My D Documents\My Webs\~wgann\e-Sword Modules\Gann's.not --> home.hiwaay.net /public_html/e-Sword Modules Gann's.not
108.12.15 15:48 B D:\My D Documents\My Webs\~wgann\e-Sword Modules\Gann.cmt --> home.hiwaay.net /public_html/e-Sword Modules Gann.cmt
108.12.15 15:57 B D:\My D Documents\My Webs\~wgann\e-Sword Modules\e-Sword index.htm --> home.hiwaay.net /public_html/e-Sword Modules e-Sword index.htm
108.12.15 15:57 B D:\My D Documents\My Webs\~wgann\e-Sword Modules\e-Sword index.htm --> home.hiwaay.net /public_html/e-Sword Modules e-Sword index.htm
108.12.15 15:57 B D:\My D Documents\My Webs\~wgann\e-Sword Modules\e-Sword index.htm --> home.hiwaay.net /public_html/e-Sword Modules e-Sword index.htm
109.03.26 15:22 B D:\My D Documents\My Webs\~wgann\e-Sword Modules\Gann's.not --> home.hiwaay.net /public_html/e-Sword Modules Gann's.not
109.03.26 15:25 B D:\My D Documents\My Webs\~wgann\e-Sword Modules\Gann.cmt --> home.hiwaay.net /public_html/e-Sword Modules Gann.cmt
111.08.09 15:29 B D:\My D Documents\My Webs\~wgann\e-Sword Modules\e-Sword index.htm <-- home.hiwaay.net /public_html/e-Sword Modules e-Sword index.htm
111.08.09 15:35 B D:\My D Documents\My Webs\~wgann\e-Sword Modules\e-Sword index.htm --> home.hiwaay.net /public_html/e-Sword Modules e-Sword index.htm
111.08.09 15:49 B D:\My D Documents\My Webs\~wgann\e-Sword Modules\e-Sword index.htm --> home.hiwaay.net /public_html/e-Sword Modules e-Sword index.htm
111.08.10 14:15 B D:\My D Documents\My Webs\~wgann\e-Sword Modules\Chronology of the New Testament - Gann.topx --> home.hiwaay.net /public_html/e-Sword Modules Chronology of the New Testament - Gann.topx
