106.07.13 19:16 B F:\CD Creations\DVD COC web site\lessons\romans\ROMANS - walk - 5x8.pdf <-- www.rogersvillecoc.org /web/lessons/romans ROMANS - walk - 5x8.pdf
106.07.13 19:16 B F:\CD Creations\DVD COC web site\lessons\romans\ROMANS - walk - 5x8.wpd <-- www.rogersvillecoc.org /web/lessons/romans ROMANS - walk - 5x8.wpd
106.07.13 19:16 B F:\CD Creations\DVD COC web site\lessons\romans\Romans - wg - brief - 5x8.pdf <-- www.rogersvillecoc.org /web/lessons/romans Romans - wg - brief - 5x8.pdf
106.07.13 19:16 B F:\CD Creations\DVD COC web site\lessons\romans\Romans - wg - brief - 5x8.wpd <-- www.rogersvillecoc.org /web/lessons/romans Romans - wg - brief - 5x8.wpd
106.07.13 19:16 B F:\CD Creations\DVD COC web site\lessons\romans\Romans 10-13 -5700.wpd <-- www.rogersvillecoc.org /web/lessons/romans Romans 10-13 -5700.wpd
106.07.13 19:16 B F:\CD Creations\DVD COC web site\lessons\romans\Romans 14-15-16.wpd <-- www.rogersvillecoc.org /web/lessons/romans Romans 14-15-16.wpd
106.07.13 19:16 B F:\CD Creations\DVD COC web site\lessons\romans\Romans ch 6 Studies.wpd <-- www.rogersvillecoc.org /web/lessons/romans Romans ch 6 Studies.wpd
106.07.13 19:16 B F:\CD Creations\DVD COC web site\lessons\romans\index.htm <-- www.rogersvillecoc.org /web/lessons/romans index.htm
106.07.13 19:16 B F:\CD Creations\DVD COC web site\lessons\romans\romans-01.pdf <-- www.rogersvillecoc.org /web/lessons/romans romans-01.pdf
106.07.13 19:16 B F:\CD Creations\DVD COC web site\lessons\romans\romans-01.wpd <-- www.rogersvillecoc.org /web/lessons/romans romans-01.wpd
106.07.13 19:16 B F:\CD Creations\DVD COC web site\lessons\romans\romans-02.pdf <-- www.rogersvillecoc.org /web/lessons/romans romans-02.pdf
106.07.13 19:16 B F:\CD Creations\DVD COC web site\lessons\romans\romans-02.wpd <-- www.rogersvillecoc.org /web/lessons/romans romans-02.wpd
106.07.13 19:16 B F:\CD Creations\DVD COC web site\lessons\romans\romans-03.pdf <-- www.rogersvillecoc.org /web/lessons/romans romans-03.pdf
106.07.13 19:16 B F:\CD Creations\DVD COC web site\lessons\romans\romans-03.wpd <-- www.rogersvillecoc.org /web/lessons/romans romans-03.wpd
106.07.13 19:16 B F:\CD Creations\DVD COC web site\lessons\romans\romans-04.pdf <-- www.rogersvillecoc.org /web/lessons/romans romans-04.pdf
106.07.13 19:16 B F:\CD Creations\DVD COC web site\lessons\romans\romans-04.wpd <-- www.rogersvillecoc.org /web/lessons/romans romans-04.wpd
106.07.13 19:16 B F:\CD Creations\DVD COC web site\lessons\romans\romans-05.pdf <-- www.rogersvillecoc.org /web/lessons/romans romans-05.pdf
106.07.13 19:16 B F:\CD Creations\DVD COC web site\lessons\romans\romans-05.wpd <-- www.rogersvillecoc.org /web/lessons/romans romans-05.wpd
106.07.13 19:16 B F:\CD Creations\DVD COC web site\lessons\romans\romans-06.pdf <-- www.rogersvillecoc.org /web/lessons/romans romans-06.pdf
106.07.13 19:16 B F:\CD Creations\DVD COC web site\lessons\romans\romans-06.wpd <-- www.rogersvillecoc.org /web/lessons/romans romans-06.wpd
106.07.13 19:16 B F:\CD Creations\DVD COC web site\lessons\romans\romans-07.pdf <-- www.rogersvillecoc.org /web/lessons/romans romans-07.pdf
106.07.13 19:16 B F:\CD Creations\DVD COC web site\lessons\romans\romans-07.wpd <-- www.rogersvillecoc.org /web/lessons/romans romans-07.wpd
106.07.13 19:16 B F:\CD Creations\DVD COC web site\lessons\romans\romans-08.pdf <-- www.rogersvillecoc.org /web/lessons/romans romans-08.pdf
106.07.13 19:16 B F:\CD Creations\DVD COC web site\lessons\romans\romans-08.wpd <-- www.rogersvillecoc.org /web/lessons/romans romans-08.wpd
106.07.13 19:16 B F:\CD Creations\DVD COC web site\lessons\romans\romans-09.pdf <-- www.rogersvillecoc.org /web/lessons/romans romans-09.pdf
106.07.13 19:16 B F:\CD Creations\DVD COC web site\lessons\romans\romans-09.wpd <-- www.rogersvillecoc.org /web/lessons/romans romans-09.wpd
106.07.13 19:16 B F:\CD Creations\DVD COC web site\lessons\romans\romans-10-13 -5700.wpd <-- www.rogersvillecoc.org /web/lessons/romans romans-10-13 -5700.wpd
106.07.13 19:16 B F:\CD Creations\DVD COC web site\lessons\romans\romans-10-13.pdf <-- www.rogersvillecoc.org /web/lessons/romans romans-10-13.pdf
106.07.13 19:16 B F:\CD Creations\DVD COC web site\lessons\romans\romans-10-13.wpd <-- www.rogersvillecoc.org /web/lessons/romans romans-10-13.wpd
106.07.13 19:16 B F:\CD Creations\DVD COC web site\lessons\romans\romans-14-15-16.pdf <-- www.rogersvillecoc.org /web/lessons/romans romans-14-15-16.pdf
106.07.13 19:16 B F:\CD Creations\DVD COC web site\lessons\romans\romans-14-15-16.wpd <-- www.rogersvillecoc.org /web/lessons/romans romans-14-15-16.wpd
106.07.13 19:16 B F:\CD Creations\DVD COC web site\lessons\romans\romans-index.htm <-- www.rogersvillecoc.org /web/lessons/romans romans-index.htm
106.07.13 19:16 B F:\CD Creations\DVD COC web site\lessons\romans\romans-pdf.zip <-- www.rogersvillecoc.org /web/lessons/romans romans-pdf.zip
106.07.13 19:16 B F:\CD Creations\DVD COC web site\lessons\romans\romans-wpd.zip <-- www.rogersvillecoc.org /web/lessons/romans romans-wpd.zip
106.07.14 14:22 B F:\CD Creations\DVD COC web site\lessons\romans\index.htm --> home.hiwaay.net /public_html/lessons/romans index.htm
106.07.14 14:22 B F:\CD Creations\DVD COC web site\lessons\romans\ROMANS - walk - 5x8.pdf --> home.hiwaay.net /public_html/lessons/romans ROMANS - walk - 5x8.pdf
106.07.14 14:22 B F:\CD Creations\DVD COC web site\lessons\romans\ROMANS - walk - 5x8.wpd --> home.hiwaay.net /public_html/lessons/romans ROMANS - walk - 5x8.wpd
106.07.14 14:22 B F:\CD Creations\DVD COC web site\lessons\romans\Romans - wg - brief - 5x8.pdf --> home.hiwaay.net /public_html/lessons/romans Romans - wg - brief - 5x8.pdf
106.07.14 14:22 B F:\CD Creations\DVD COC web site\lessons\romans\Romans - wg - brief - 5x8.wpd --> home.hiwaay.net /public_html/lessons/romans Romans - wg - brief - 5x8.wpd
106.07.14 14:22 B F:\CD Creations\DVD COC web site\lessons\romans\Romans 10-13 -5700.wpd --> home.hiwaay.net /public_html/lessons/romans Romans 10-13 -5700.wpd
106.07.14 14:22 B F:\CD Creations\DVD COC web site\lessons\romans\Romans 14-15-16.wpd --> home.hiwaay.net /public_html/lessons/romans Romans 14-15-16.wpd
106.07.14 14:22 B F:\CD Creations\DVD COC web site\lessons\romans\Romans ch 6 Studies.wpd --> home.hiwaay.net /public_html/lessons/romans Romans ch 6 Studies.wpd
106.07.14 14:22 B F:\CD Creations\DVD COC web site\lessons\romans\romans-01.pdf --> home.hiwaay.net /public_html/lessons/romans romans-01.pdf
106.07.14 14:22 B F:\CD Creations\DVD COC web site\lessons\romans\romans-01.wpd --> home.hiwaay.net /public_html/lessons/romans romans-01.wpd
106.07.14 14:22 B F:\CD Creations\DVD COC web site\lessons\romans\romans-02.pdf --> home.hiwaay.net /public_html/lessons/romans romans-02.pdf
106.07.14 14:22 B F:\CD Creations\DVD COC web site\lessons\romans\romans-02.wpd --> home.hiwaay.net /public_html/lessons/romans romans-02.wpd
106.07.14 14:22 B F:\CD Creations\DVD COC web site\lessons\romans\romans-03.pdf --> home.hiwaay.net /public_html/lessons/romans romans-03.pdf
106.07.14 14:22 B F:\CD Creations\DVD COC web site\lessons\romans\romans-03.wpd --> home.hiwaay.net /public_html/lessons/romans romans-03.wpd
106.07.14 14:22 B F:\CD Creations\DVD COC web site\lessons\romans\romans-04.pdf --> home.hiwaay.net /public_html/lessons/romans romans-04.pdf
106.07.14 14:22 B F:\CD Creations\DVD COC web site\lessons\romans\romans-04.wpd --> home.hiwaay.net /public_html/lessons/romans romans-04.wpd
106.07.14 14:22 B F:\CD Creations\DVD COC web site\lessons\romans\romans-05.pdf --> home.hiwaay.net /public_html/lessons/romans romans-05.pdf
106.07.14 14:22 B F:\CD Creations\DVD COC web site\lessons\romans\romans-05.wpd --> home.hiwaay.net /public_html/lessons/romans romans-05.wpd
106.07.14 14:22 B F:\CD Creations\DVD COC web site\lessons\romans\romans-06.pdf --> home.hiwaay.net /public_html/lessons/romans romans-06.pdf
106.07.14 14:22 B F:\CD Creations\DVD COC web site\lessons\romans\romans-06.wpd --> home.hiwaay.net /public_html/lessons/romans romans-06.wpd
106.07.14 14:22 B F:\CD Creations\DVD COC web site\lessons\romans\romans-07.pdf --> home.hiwaay.net /public_html/lessons/romans romans-07.pdf
106.07.14 14:22 B F:\CD Creations\DVD COC web site\lessons\romans\romans-07.wpd --> home.hiwaay.net /public_html/lessons/romans romans-07.wpd
106.07.14 14:22 B F:\CD Creations\DVD COC web site\lessons\romans\romans-08.pdf --> home.hiwaay.net /public_html/lessons/romans romans-08.pdf
106.07.14 14:22 B F:\CD Creations\DVD COC web site\lessons\romans\romans-08.wpd --> home.hiwaay.net /public_html/lessons/romans romans-08.wpd
106.07.14 14:22 B F:\CD Creations\DVD COC web site\lessons\romans\romans-09.pdf --> home.hiwaay.net /public_html/lessons/romans romans-09.pdf
106.07.14 14:22 B F:\CD Creations\DVD COC web site\lessons\romans\romans-09.wpd --> home.hiwaay.net /public_html/lessons/romans romans-09.wpd
106.07.14 14:22 B F:\CD Creations\DVD COC web site\lessons\romans\romans-10-13 -5700.wpd --> home.hiwaay.net /public_html/lessons/romans romans-10-13 -5700.wpd
106.07.14 14:22 B F:\CD Creations\DVD COC web site\lessons\romans\romans-10-13.pdf --> home.hiwaay.net /public_html/lessons/romans romans-10-13.pdf
106.07.14 14:22 B F:\CD Creations\DVD COC web site\lessons\romans\romans-10-13.wpd --> home.hiwaay.net /public_html/lessons/romans romans-10-13.wpd
106.07.14 14:22 B F:\CD Creations\DVD COC web site\lessons\romans\romans-14-15-16.pdf --> home.hiwaay.net /public_html/lessons/romans romans-14-15-16.pdf
106.07.14 14:23 B F:\CD Creations\DVD COC web site\lessons\romans\romans-14-15-16.wpd --> home.hiwaay.net /public_html/lessons/romans romans-14-15-16.wpd
106.07.14 14:23 B F:\CD Creations\DVD COC web site\lessons\romans\romans-index.htm --> home.hiwaay.net /public_html/lessons/romans romans-index.htm
106.07.14 14:23 B F:\CD Creations\DVD COC web site\lessons\romans\romans-pdf.zip --> home.hiwaay.net /public_html/lessons/romans romans-pdf.zip
106.07.14 14:23 B F:\CD Creations\DVD COC web site\lessons\romans\romans-wpd.zip --> home.hiwaay.net /public_html/lessons/romans romans-wpd.zip
110.04.28 11:22 B I:\lessons\romans\ws_ftp.log <-- home.hiwaay.net /public_html/lessons/romans ws_ftp.log
110.06.02 07:25 B M:\~wgann\lessons\romans\index.htm --> home.hiwaay.net /public_html/lessons/romans index.htm
110.06.02 07:25 B M:\~wgann\lessons\romans\ROMANS - walk - 5x8.pdf --> home.hiwaay.net /public_html/lessons/romans ROMANS - walk - 5x8.pdf
110.06.02 07:25 B M:\~wgann\lessons\romans\ROMANS - walk - 5x8.wpd --> home.hiwaay.net /public_html/lessons/romans ROMANS - walk - 5x8.wpd
110.06.02 07:25 B M:\~wgann\lessons\romans\Romans - wg - brief - 5x8.pdf --> home.hiwaay.net /public_html/lessons/romans Romans - wg - brief - 5x8.pdf
110.06.02 07:25 B M:\~wgann\lessons\romans\Romans - wg - brief - 5x8.wpd --> home.hiwaay.net /public_html/lessons/romans Romans - wg - brief - 5x8.wpd
110.06.02 07:25 B M:\~wgann\lessons\romans\Romans 10-13 -5700.wpd --> home.hiwaay.net /public_html/lessons/romans Romans 10-13 -5700.wpd
110.06.02 07:25 B M:\~wgann\lessons\romans\Romans 14-15-16.wpd --> home.hiwaay.net /public_html/lessons/romans Romans 14-15-16.wpd
110.06.02 07:25 B M:\~wgann\lessons\romans\Romans ch 6 Studies.wpd --> home.hiwaay.net /public_html/lessons/romans Romans ch 6 Studies.wpd
110.06.02 07:25 B M:\~wgann\lessons\romans\romans-01.pdf --> home.hiwaay.net /public_html/lessons/romans romans-01.pdf
110.06.02 07:25 B M:\~wgann\lessons\romans\romans-01.wpd --> home.hiwaay.net /public_html/lessons/romans romans-01.wpd
110.06.02 07:25 B M:\~wgann\lessons\romans\romans-02.pdf --> home.hiwaay.net /public_html/lessons/romans romans-02.pdf
110.06.02 07:25 B M:\~wgann\lessons\romans\romans-02.wpd --> home.hiwaay.net /public_html/lessons/romans romans-02.wpd
110.06.02 07:25 B M:\~wgann\lessons\romans\romans-03.pdf --> home.hiwaay.net /public_html/lessons/romans romans-03.pdf
110.06.02 07:25 B M:\~wgann\lessons\romans\romans-03.wpd --> home.hiwaay.net /public_html/lessons/romans romans-03.wpd
110.06.02 07:25 B M:\~wgann\lessons\romans\romans-04.pdf --> home.hiwaay.net /public_html/lessons/romans romans-04.pdf
110.06.02 07:25 B M:\~wgann\lessons\romans\romans-04.wpd --> home.hiwaay.net /public_html/lessons/romans romans-04.wpd
110.06.02 07:25 B M:\~wgann\lessons\romans\romans-05.pdf --> home.hiwaay.net /public_html/lessons/romans romans-05.pdf
110.06.02 07:25 B M:\~wgann\lessons\romans\romans-05.wpd --> home.hiwaay.net /public_html/lessons/romans romans-05.wpd
110.06.02 07:25 B M:\~wgann\lessons\romans\romans-06.pdf --> home.hiwaay.net /public_html/lessons/romans romans-06.pdf
110.06.02 07:25 B M:\~wgann\lessons\romans\romans-06.wpd --> home.hiwaay.net /public_html/lessons/romans romans-06.wpd
110.06.02 07:25 B M:\~wgann\lessons\romans\romans-07.pdf --> home.hiwaay.net /public_html/lessons/romans romans-07.pdf
110.06.02 07:25 B M:\~wgann\lessons\romans\romans-07.wpd --> home.hiwaay.net /public_html/lessons/romans romans-07.wpd
110.06.02 07:25 B M:\~wgann\lessons\romans\romans-08.pdf --> home.hiwaay.net /public_html/lessons/romans romans-08.pdf
110.06.02 07:25 B M:\~wgann\lessons\romans\romans-08.wpd --> home.hiwaay.net /public_html/lessons/romans romans-08.wpd
110.06.02 07:25 B M:\~wgann\lessons\romans\romans-09.pdf --> home.hiwaay.net /public_html/lessons/romans romans-09.pdf
110.06.02 07:25 B M:\~wgann\lessons\romans\romans-09.wpd --> home.hiwaay.net /public_html/lessons/romans romans-09.wpd
110.06.02 07:25 B M:\~wgann\lessons\romans\romans-10-13 -5700.wpd --> home.hiwaay.net /public_html/lessons/romans romans-10-13 -5700.wpd
110.06.02 07:25 B M:\~wgann\lessons\romans\romans-10-13.pdf --> home.hiwaay.net /public_html/lessons/romans romans-10-13.pdf
110.06.02 07:25 B M:\~wgann\lessons\romans\romans-10-13.wpd --> home.hiwaay.net /public_html/lessons/romans romans-10-13.wpd
110.06.02 07:25 B M:\~wgann\lessons\romans\romans-14-15-16.pdf --> home.hiwaay.net /public_html/lessons/romans romans-14-15-16.pdf
110.06.02 07:25 B M:\~wgann\lessons\romans\romans-14-15-16.wpd --> home.hiwaay.net /public_html/lessons/romans romans-14-15-16.wpd
110.06.02 07:25 B M:\~wgann\lessons\romans\romans-index.htm --> home.hiwaay.net /public_html/lessons/romans romans-index.htm
110.06.02 07:26 B M:\~wgann\lessons\romans\romans-pdf.zip --> home.hiwaay.net /public_html/lessons/romans romans-pdf.zip
110.06.02 07:26 B M:\~wgann\lessons\romans\romans-wpd.zip --> home.hiwaay.net /public_html/lessons/romans romans-wpd.zip
