110.04.28 11:20 B I:\lessons\james\Bible Study Lesson Sheets.gif <-- home.hiwaay.net /public_html/lessons/james Bible Study Lesson Sheets.gif
110.04.28 11:20 B I:\lessons\james\James 1 - 5x8.pdf <-- home.hiwaay.net /public_html/lessons/james James 1 - 5x8.pdf
110.04.28 11:20 B I:\lessons\james\James 2 - 5x8.pdf <-- home.hiwaay.net /public_html/lessons/james James 2 - 5x8.pdf
110.04.28 11:20 B I:\lessons\james\James 3 - 5x8 Answer Sheet.pdf <-- home.hiwaay.net /public_html/lessons/james James 3 - 5x8 Answer Sheet.pdf
110.04.28 11:20 B I:\lessons\james\James 3 - 5x8.pdf <-- home.hiwaay.net /public_html/lessons/james James 3 - 5x8.pdf
110.04.28 11:20 B I:\lessons\james\James 4 - 5x8.pdf <-- home.hiwaay.net /public_html/lessons/james James 4 - 5x8.pdf
110.04.28 11:20 B I:\lessons\james\James 5 - 5x8.pdf <-- home.hiwaay.net /public_html/lessons/james James 5 - 5x8.pdf
110.04.28 11:20 B I:\lessons\james\James pdf answer sheets.zip <-- home.hiwaay.net /public_html/lessons/james James pdf answer sheets.zip
110.04.28 11:20 B I:\lessons\james\james-bsls.gif <-- home.hiwaay.net /public_html/lessons/james james-bsls.gif
110.04.28 11:20 B I:\lessons\james\james-wpd.zip <-- home.hiwaay.net /public_html/lessons/james james-wpd.zip
110.04.28 11:21 B I:\lessons\james\james.gif <-- home.hiwaay.net /public_html/lessons/james james.gif
110.04.28 11:21 B I:\lessons\james\james_index.htm <-- home.hiwaay.net /public_html/lessons/james james_index.htm
110.04.28 11:21 B I:\lessons\james\james_pdf.zip <-- home.hiwaay.net /public_html/lessons/james james_pdf.zip
110.06.02 07:22 B M:\~wgann\lessons\james\Bible Study Lesson Sheets.gif --> home.hiwaay.net /public_html/lessons/james Bible Study Lesson Sheets.gif
110.06.02 07:22 B M:\~wgann\lessons\james\James 1 - 5x8.pdf --> home.hiwaay.net /public_html/lessons/james James 1 - 5x8.pdf
110.06.02 07:22 B M:\~wgann\lessons\james\James 2 - 5x8.pdf --> home.hiwaay.net /public_html/lessons/james James 2 - 5x8.pdf
110.06.02 07:22 B M:\~wgann\lessons\james\James 3 - 5x8 Answer Sheet.pdf --> home.hiwaay.net /public_html/lessons/james James 3 - 5x8 Answer Sheet.pdf
110.06.02 07:22 B M:\~wgann\lessons\james\James 3 - 5x8.pdf --> home.hiwaay.net /public_html/lessons/james James 3 - 5x8.pdf
110.06.02 07:22 B M:\~wgann\lessons\james\James 4 - 5x8.pdf --> home.hiwaay.net /public_html/lessons/james James 4 - 5x8.pdf
110.06.02 07:22 B M:\~wgann\lessons\james\James 5 - 5x8.pdf --> home.hiwaay.net /public_html/lessons/james James 5 - 5x8.pdf
110.06.02 07:22 B M:\~wgann\lessons\james\James pdf answer sheets.zip --> home.hiwaay.net /public_html/lessons/james James pdf answer sheets.zip
110.06.02 07:22 B M:\~wgann\lessons\james\james-bsls.gif --> home.hiwaay.net /public_html/lessons/james james-bsls.gif
110.06.02 07:22 B M:\~wgann\lessons\james\james-wpd.zip --> home.hiwaay.net /public_html/lessons/james james-wpd.zip
110.06.02 07:22 B M:\~wgann\lessons\james\james.gif --> home.hiwaay.net /public_html/lessons/james james.gif
110.06.02 07:22 B M:\~wgann\lessons\james\james_index.htm --> home.hiwaay.net /public_html/lessons/james james_index.htm
110.06.02 07:22 B M:\~wgann\lessons\james\james_pdf.zip --> home.hiwaay.net /public_html/lessons/james james_pdf.zip
