106.07.13 19:27 B F:\CD Creations\DVD COC web site\walk\1corinth.htm <-- www.rogersvillecoc.org /web/walk 1corinth.htm
106.07.13 19:27 B F:\CD Creations\DVD COC web site\walk\1corinthians.pdf <-- www.rogersvillecoc.org /web/walk 1corinthians.pdf
106.07.13 19:27 B F:\CD Creations\DVD COC web site\walk\1corinthians.wpd <-- www.rogersvillecoc.org /web/walk 1corinthians.wpd
106.07.13 19:27 B F:\CD Creations\DVD COC web site\walk\1john.htm <-- www.rogersvillecoc.org /web/walk 1john.htm
106.07.13 19:27 B F:\CD Creations\DVD COC web site\walk\1john.pdf <-- www.rogersvillecoc.org /web/walk 1john.pdf
106.07.13 19:27 B F:\CD Creations\DVD COC web site\walk\1john.wpd <-- www.rogersvillecoc.org /web/walk 1john.wpd
106.07.13 19:27 B F:\CD Creations\DVD COC web site\walk\1peter.htm <-- www.rogersvillecoc.org /web/walk 1peter.htm
106.07.13 19:27 B F:\CD Creations\DVD COC web site\walk\1peter.pdf <-- www.rogersvillecoc.org /web/walk 1peter.pdf
106.07.13 19:27 B F:\CD Creations\DVD COC web site\walk\1peter.wpd <-- www.rogersvillecoc.org /web/walk 1peter.wpd
106.07.13 19:27 B F:\CD Creations\DVD COC web site\walk\1thessal.htm <-- www.rogersvillecoc.org /web/walk 1thessal.htm
106.07.13 19:27 B F:\CD Creations\DVD COC web site\walk\1thessalonians.pdf <-- www.rogersvillecoc.org /web/walk 1thessalonians.pdf
106.07.13 19:27 B F:\CD Creations\DVD COC web site\walk\1thessalonians.wpd <-- www.rogersvillecoc.org /web/walk 1thessalonians.wpd
106.07.13 19:27 B F:\CD Creations\DVD COC web site\walk\1timothy.htm <-- www.rogersvillecoc.org /web/walk 1timothy.htm
106.07.13 19:27 B F:\CD Creations\DVD COC web site\walk\1timothy.pdf <-- www.rogersvillecoc.org /web/walk 1timothy.pdf
106.07.13 19:27 B F:\CD Creations\DVD COC web site\walk\1timothy.wpd <-- www.rogersvillecoc.org /web/walk 1timothy.wpd
106.07.13 19:27 B F:\CD Creations\DVD COC web site\walk\2&3john.htm <-- www.rogersvillecoc.org /web/walk 2&3john.htm
106.07.13 19:27 B F:\CD Creations\DVD COC web site\walk\2&3john.pdf <-- www.rogersvillecoc.org /web/walk 2&3john.pdf
106.07.13 19:27 B F:\CD Creations\DVD COC web site\walk\2&3john.wpd <-- www.rogersvillecoc.org /web/walk 2&3john.wpd
106.07.13 19:27 B F:\CD Creations\DVD COC web site\walk\2corinth.htm <-- www.rogersvillecoc.org /web/walk 2corinth.htm
106.07.13 19:27 B F:\CD Creations\DVD COC web site\walk\2corinthians.pdf <-- www.rogersvillecoc.org /web/walk 2corinthians.pdf
106.07.13 19:27 B F:\CD Creations\DVD COC web site\walk\2corinthians.wpd <-- www.rogersvillecoc.org /web/walk 2corinthians.wpd
106.07.13 19:27 B F:\CD Creations\DVD COC web site\walk\2peter-jude.htm <-- www.rogersvillecoc.org /web/walk 2peter-jude.htm
106.07.13 19:27 B F:\CD Creations\DVD COC web site\walk\2peter-jude.pdf <-- www.rogersvillecoc.org /web/walk 2peter-jude.pdf
106.07.13 19:27 B F:\CD Creations\DVD COC web site\walk\2peter-jude.wpd <-- www.rogersvillecoc.org /web/walk 2peter-jude.wpd
106.07.13 19:27 B F:\CD Creations\DVD COC web site\walk\2thessal.htm <-- www.rogersvillecoc.org /web/walk 2thessal.htm
106.07.13 19:27 B F:\CD Creations\DVD COC web site\walk\2thessalonians.pdf <-- www.rogersvillecoc.org /web/walk 2thessalonians.pdf
106.07.13 19:27 B F:\CD Creations\DVD COC web site\walk\2thessalonians.wpd <-- www.rogersvillecoc.org /web/walk 2thessalonians.wpd
106.07.13 19:27 B F:\CD Creations\DVD COC web site\walk\2timothy.htm <-- www.rogersvillecoc.org /web/walk 2timothy.htm
106.07.13 19:27 B F:\CD Creations\DVD COC web site\walk\2timothy.pdf <-- www.rogersvillecoc.org /web/walk 2timothy.pdf
106.07.13 19:28 B F:\CD Creations\DVD COC web site\walk\2timothy.wpd <-- www.rogersvillecoc.org /web/walk 2timothy.wpd
106.07.13 19:28 B F:\CD Creations\DVD COC web site\walk\acts.htm <-- www.rogersvillecoc.org /web/walk acts.htm
106.07.13 19:28 B F:\CD Creations\DVD COC web site\walk\acts.pdf <-- www.rogersvillecoc.org /web/walk acts.pdf
106.07.13 19:28 B F:\CD Creations\DVD COC web site\walk\acts.wpd <-- www.rogersvillecoc.org /web/walk acts.wpd
106.07.13 19:28 B F:\CD Creations\DVD COC web site\walk\acts_2.gif <-- www.rogersvillecoc.org /web/walk acts_2.gif
106.07.13 19:28 B F:\CD Creations\DVD COC web site\walk\acts_3.gif <-- www.rogersvillecoc.org /web/walk acts_3.gif
106.07.13 19:28 B F:\CD Creations\DVD COC web site\walk\acts_4.gif <-- www.rogersvillecoc.org /web/walk acts_4.gif
106.07.13 19:28 B F:\CD Creations\DVD COC web site\walk\acts_bdg.gif <-- www.rogersvillecoc.org /web/walk acts_bdg.gif
106.07.13 19:28 B F:\CD Creations\DVD COC web site\walk\acts_bk.htm <-- www.rogersvillecoc.org /web/walk acts_bk.htm
106.07.13 19:28 B F:\CD Creations\DVD COC web site\walk\chalk.jpg <-- www.rogersvillecoc.org /web/walk chalk.jpg
106.07.13 19:28 B F:\CD Creations\DVD COC web site\walk\chronicl.htm <-- www.rogersvillecoc.org /web/walk chronicl.htm
106.07.13 19:28 B F:\CD Creations\DVD COC web site\walk\chronicles.pdf <-- www.rogersvillecoc.org /web/walk chronicles.pdf
106.07.13 19:28 B F:\CD Creations\DVD COC web site\walk\chronicles.wpd <-- www.rogersvillecoc.org /web/walk chronicles.wpd
106.07.13 19:28 B F:\CD Creations\DVD COC web site\walk\coloss.htm <-- www.rogersvillecoc.org /web/walk coloss.htm
106.07.13 19:28 B F:\CD Creations\DVD COC web site\walk\colossians.pdf <-- www.rogersvillecoc.org /web/walk colossians.pdf
106.07.13 19:28 B F:\CD Creations\DVD COC web site\walk\colossians.wpd <-- www.rogersvillecoc.org /web/walk colossians.wpd
106.07.13 19:28 B F:\CD Creations\DVD COC web site\walk\daniel.htm <-- www.rogersvillecoc.org /web/walk daniel.htm
106.07.13 19:28 B F:\CD Creations\DVD COC web site\walk\daniel.pdf <-- www.rogersvillecoc.org /web/walk daniel.pdf
106.07.13 19:28 B F:\CD Creations\DVD COC web site\walk\daniel.wpd <-- www.rogersvillecoc.org /web/walk daniel.wpd
106.07.13 19:28 B F:\CD Creations\DVD COC web site\walk\eccl-sos.htm <-- www.rogersvillecoc.org /web/walk eccl-sos.htm
106.07.13 19:28 B F:\CD Creations\DVD COC web site\walk\eccl-sos.pdf <-- www.rogersvillecoc.org /web/walk eccl-sos.pdf
106.07.13 19:28 B F:\CD Creations\DVD COC web site\walk\eccl-sos.wpd <-- www.rogersvillecoc.org /web/walk eccl-sos.wpd
106.07.13 19:28 B F:\CD Creations\DVD COC web site\walk\ephesian.htm <-- www.rogersvillecoc.org /web/walk ephesian.htm
106.07.13 19:28 B F:\CD Creations\DVD COC web site\walk\ephesians.pdf <-- www.rogersvillecoc.org /web/walk ephesians.pdf
106.07.13 19:28 B F:\CD Creations\DVD COC web site\walk\ephesians.wpd <-- www.rogersvillecoc.org /web/walk ephesians.wpd
106.07.13 19:28 B F:\CD Creations\DVD COC web site\walk\esther.htm <-- www.rogersvillecoc.org /web/walk esther.htm
106.07.13 19:28 B F:\CD Creations\DVD COC web site\walk\esther.pdf <-- www.rogersvillecoc.org /web/walk esther.pdf
106.07.13 19:28 B F:\CD Creations\DVD COC web site\walk\esther.wpd <-- www.rogersvillecoc.org /web/walk esther.wpd
106.07.13 19:28 B F:\CD Creations\DVD COC web site\walk\exodus.htm <-- www.rogersvillecoc.org /web/walk exodus.htm
106.07.13 19:28 B F:\CD Creations\DVD COC web site\walk\exodus.pdf <-- www.rogersvillecoc.org /web/walk exodus.pdf
106.07.13 19:28 B F:\CD Creations\DVD COC web site\walk\exodus.wpd <-- www.rogersvillecoc.org /web/walk exodus.wpd
106.07.13 19:28 B F:\CD Creations\DVD COC web site\walk\ezekiel.htm <-- www.rogersvillecoc.org /web/walk ezekiel.htm
106.07.13 19:28 B F:\CD Creations\DVD COC web site\walk\ezekiel.pdf <-- www.rogersvillecoc.org /web/walk ezekiel.pdf
106.07.13 19:28 B F:\CD Creations\DVD COC web site\walk\ezekiel.wpd <-- www.rogersvillecoc.org /web/walk ezekiel.wpd
106.07.13 19:28 B F:\CD Creations\DVD COC web site\walk\ezra.htm <-- www.rogersvillecoc.org /web/walk ezra.htm
106.07.13 19:28 B F:\CD Creations\DVD COC web site\walk\ezra.pdf <-- www.rogersvillecoc.org /web/walk ezra.pdf
106.07.13 19:28 B F:\CD Creations\DVD COC web site\walk\ezra.wpd <-- www.rogersvillecoc.org /web/walk ezra.wpd
106.07.13 19:28 B F:\CD Creations\DVD COC web site\walk\galatian.htm <-- www.rogersvillecoc.org /web/walk galatian.htm
106.07.13 19:28 B F:\CD Creations\DVD COC web site\walk\galatians.pdf <-- www.rogersvillecoc.org /web/walk galatians.pdf
106.07.13 19:28 B F:\CD Creations\DVD COC web site\walk\galatians.wpd <-- www.rogersvillecoc.org /web/walk galatians.wpd
106.07.13 19:28 B F:\CD Creations\DVD COC web site\walk\genesis.htm <-- www.rogersvillecoc.org /web/walk genesis.htm
106.07.13 19:28 B F:\CD Creations\DVD COC web site\walk\genesis.pdf <-- www.rogersvillecoc.org /web/walk genesis.pdf
106.07.13 19:28 B F:\CD Creations\DVD COC web site\walk\genesis.wpd <-- www.rogersvillecoc.org /web/walk genesis.wpd
106.07.13 19:28 B F:\CD Creations\DVD COC web site\walk\haggai-zechariah-malachi.pdf <-- www.rogersvillecoc.org /web/walk haggai-zechariah-malachi.pdf
106.07.13 19:28 B F:\CD Creations\DVD COC web site\walk\haggai-zechariah-malachi.wpd <-- www.rogersvillecoc.org /web/walk haggai-zechariah-malachi.wpd
106.07.13 19:28 B F:\CD Creations\DVD COC web site\walk\hebrews.htm <-- www.rogersvillecoc.org /web/walk hebrews.htm
106.07.13 19:28 B F:\CD Creations\DVD COC web site\walk\hebrews.pdf <-- www.rogersvillecoc.org /web/walk hebrews.pdf
106.07.13 19:28 B F:\CD Creations\DVD COC web site\walk\hebrews.wpd <-- www.rogersvillecoc.org /web/walk hebrews.wpd
106.07.13 19:28 B F:\CD Creations\DVD COC web site\walk\hosea-joel-amos.pdf <-- www.rogersvillecoc.org /web/walk hosea-joel-amos.pdf
106.07.13 19:28 B F:\CD Creations\DVD COC web site\walk\hosea-joel-amos.wpd <-- www.rogersvillecoc.org /web/walk hosea-joel-amos.wpd
106.07.13 19:28 B F:\CD Creations\DVD COC web site\walk\hosea.htm <-- www.rogersvillecoc.org /web/walk hosea.htm
106.07.13 19:28 B F:\CD Creations\DVD COC web site\walk\index-05.htm <-- www.rogersvillecoc.org /web/walk index-05.htm
106.07.13 19:28 B F:\CD Creations\DVD COC web site\walk\index-0606.htm <-- www.rogersvillecoc.org /web/walk index-0606.htm
106.07.13 19:28 B F:\CD Creations\DVD COC web site\walk\index.htm <-- www.rogersvillecoc.org /web/walk index.htm
106.07.13 19:28 B F:\CD Creations\DVD COC web site\walk\isaiah.htm <-- www.rogersvillecoc.org /web/walk isaiah.htm
106.07.13 19:28 B F:\CD Creations\DVD COC web site\walk\isaiah.pdf <-- www.rogersvillecoc.org /web/walk isaiah.pdf
106.07.13 19:28 B F:\CD Creations\DVD COC web site\walk\isaiah.wpd <-- www.rogersvillecoc.org /web/walk isaiah.wpd
106.07.13 19:28 B F:\CD Creations\DVD COC web site\walk\isr-fall.gif <-- www.rogersvillecoc.org /web/walk isr-fall.gif
106.07.13 19:28 B F:\CD Creations\DVD COC web site\walk\james.htm <-- www.rogersvillecoc.org /web/walk james.htm
106.07.13 19:28 B F:\CD Creations\DVD COC web site\walk\james.pdf <-- www.rogersvillecoc.org /web/walk james.pdf
106.07.13 19:28 B F:\CD Creations\DVD COC web site\walk\james.wpd <-- www.rogersvillecoc.org /web/walk james.wpd
106.07.13 19:28 B F:\CD Creations\DVD COC web site\walk\jeremiah.htm <-- www.rogersvillecoc.org /web/walk jeremiah.htm
106.07.13 19:28 B F:\CD Creations\DVD COC web site\walk\jeremiah.pdf <-- www.rogersvillecoc.org /web/walk jeremiah.pdf
106.07.13 19:28 B F:\CD Creations\DVD COC web site\walk\jeremiah.wpd <-- www.rogersvillecoc.org /web/walk jeremiah.wpd
106.07.13 19:28 B F:\CD Creations\DVD COC web site\walk\job.htm <-- www.rogersvillecoc.org /web/walk job.htm
106.07.13 19:28 B F:\CD Creations\DVD COC web site\walk\job.pdf <-- www.rogersvillecoc.org /web/walk job.pdf
106.07.13 19:28 B F:\CD Creations\DVD COC web site\walk\job.wpd <-- www.rogersvillecoc.org /web/walk job.wpd
106.07.13 19:28 B F:\CD Creations\DVD COC web site\walk\john.htm <-- www.rogersvillecoc.org /web/walk john.htm
106.07.13 19:28 B F:\CD Creations\DVD COC web site\walk\john.pdf <-- www.rogersvillecoc.org /web/walk john.pdf
106.07.13 19:28 B F:\CD Creations\DVD COC web site\walk\john.wpd <-- www.rogersvillecoc.org /web/walk john.wpd
106.07.13 19:28 B F:\CD Creations\DVD COC web site\walk\joshua.htm <-- www.rogersvillecoc.org /web/walk joshua.htm
106.07.13 19:28 B F:\CD Creations\DVD COC web site\walk\joshua.pdf <-- www.rogersvillecoc.org /web/walk joshua.pdf
106.07.13 19:28 B F:\CD Creations\DVD COC web site\walk\joshua.wpd <-- www.rogersvillecoc.org /web/walk joshua.wpd
106.07.13 19:28 B F:\CD Creations\DVD COC web site\walk\judg-rth.htm <-- www.rogersvillecoc.org /web/walk judg-rth.htm
106.07.13 19:28 B F:\CD Creations\DVD COC web site\walk\judges-ruth.pdf <-- www.rogersvillecoc.org /web/walk judges-ruth.pdf
106.07.13 19:28 B F:\CD Creations\DVD COC web site\walk\judges-ruth.wpd <-- www.rogersvillecoc.org /web/walk judges-ruth.wpd
106.07.13 19:28 B F:\CD Creations\DVD COC web site\walk\judges.htm <-- www.rogersvillecoc.org /web/walk judges.htm
106.07.13 19:28 B F:\CD Creations\DVD COC web site\walk\kings.htm <-- www.rogersvillecoc.org /web/walk kings.htm
106.07.13 19:28 B F:\CD Creations\DVD COC web site\walk\kings.pdf <-- www.rogersvillecoc.org /web/walk kings.pdf
106.07.13 19:28 B F:\CD Creations\DVD COC web site\walk\kings.wpd <-- www.rogersvillecoc.org /web/walk kings.wpd
106.07.13 19:28 B F:\CD Creations\DVD COC web site\walk\lamentations.htm <-- www.rogersvillecoc.org /web/walk lamentations.htm
106.07.13 19:29 B F:\CD Creations\DVD COC web site\walk\lamentations.pdf <-- www.rogersvillecoc.org /web/walk lamentations.pdf
106.07.13 19:29 B F:\CD Creations\DVD COC web site\walk\lamentations.wpd <-- www.rogersvillecoc.org /web/walk lamentations.wpd
106.07.13 19:29 B F:\CD Creations\DVD COC web site\walk\levitius-numbers.pdf <-- www.rogersvillecoc.org /web/walk levitius-numbers.pdf
106.07.13 19:29 B F:\CD Creations\DVD COC web site\walk\levitius-numbers.wpd <-- www.rogersvillecoc.org /web/walk levitius-numbers.wpd
106.07.13 19:29 B F:\CD Creations\DVD COC web site\walk\levnumde.htm <-- www.rogersvillecoc.org /web/walk levnumde.htm
106.07.13 19:29 B F:\CD Creations\DVD COC web site\walk\luke.htm <-- www.rogersvillecoc.org /web/walk luke.htm
106.07.13 19:29 B F:\CD Creations\DVD COC web site\walk\luke.pdf <-- www.rogersvillecoc.org /web/walk luke.pdf
106.07.13 19:29 B F:\CD Creations\DVD COC web site\walk\luke.wpd <-- www.rogersvillecoc.org /web/walk luke.wpd
106.07.13 19:29 B F:\CD Creations\DVD COC web site\walk\mailbox.gif <-- www.rogersvillecoc.org /web/walk mailbox.gif
106.07.13 19:29 B F:\CD Creations\DVD COC web site\walk\malachi.htm <-- www.rogersvillecoc.org /web/walk malachi.htm
106.07.13 19:29 B F:\CD Creations\DVD COC web site\walk\mark.htm <-- www.rogersvillecoc.org /web/walk mark.htm
106.07.13 19:29 B F:\CD Creations\DVD COC web site\walk\mark.pdf <-- www.rogersvillecoc.org /web/walk mark.pdf
106.07.13 19:29 B F:\CD Creations\DVD COC web site\walk\mark.wpd <-- www.rogersvillecoc.org /web/walk mark.wpd
106.07.13 19:29 B F:\CD Creations\DVD COC web site\walk\matthew.htm <-- www.rogersvillecoc.org /web/walk matthew.htm
106.07.13 19:29 B F:\CD Creations\DVD COC web site\walk\matthew.pdf <-- www.rogersvillecoc.org /web/walk matthew.pdf
106.07.13 19:29 B F:\CD Creations\DVD COC web site\walk\matthew.wpd <-- www.rogersvillecoc.org /web/walk matthew.wpd
106.07.13 19:29 B F:\CD Creations\DVD COC web site\walk\nahum-habakkuk-zephaniah.pdf <-- www.rogersvillecoc.org /web/walk nahum-habakkuk-zephaniah.pdf
106.07.13 19:29 B F:\CD Creations\DVD COC web site\walk\nahum-habakkuk-zephaniah.wpd <-- www.rogersvillecoc.org /web/walk nahum-habakkuk-zephaniah.wpd
106.07.13 19:29 B F:\CD Creations\DVD COC web site\walk\nahum.htm <-- www.rogersvillecoc.org /web/walk nahum.htm
106.07.13 19:29 B F:\CD Creations\DVD COC web site\walk\nehemiah.htm <-- www.rogersvillecoc.org /web/walk nehemiah.htm
106.07.13 19:29 B F:\CD Creations\DVD COC web site\walk\nehemiah.pdf <-- www.rogersvillecoc.org /web/walk nehemiah.pdf
106.07.13 19:29 B F:\CD Creations\DVD COC web site\walk\nehemiah.wpd <-- www.rogersvillecoc.org /web/walk nehemiah.wpd
106.07.13 19:29 B F:\CD Creations\DVD COC web site\walk\nt-walk-pdf.zip <-- www.rogersvillecoc.org /web/walk nt-walk-pdf.zip
106.07.13 19:29 B F:\CD Creations\DVD COC web site\walk\nt-walk-wpd.zip <-- www.rogersvillecoc.org /web/walk nt-walk-wpd.zip
106.07.13 19:29 B F:\CD Creations\DVD COC web site\walk\obadiah-jonah-micah.pdf <-- www.rogersvillecoc.org /web/walk obadiah-jonah-micah.pdf
106.07.13 19:29 B F:\CD Creations\DVD COC web site\walk\obadiah-jonah-micah.wpd <-- www.rogersvillecoc.org /web/walk obadiah-jonah-micah.wpd
106.07.13 19:29 B F:\CD Creations\DVD COC web site\walk\obadiah.htm <-- www.rogersvillecoc.org /web/walk obadiah.htm
106.07.13 19:30 B F:\CD Creations\DVD COC web site\walk\ot-walk-pdf.zip <-- www.rogersvillecoc.org /web/walk ot-walk-pdf.zip
106.07.13 19:30 B F:\CD Creations\DVD COC web site\walk\ot-walk-wpd.zip <-- www.rogersvillecoc.org /web/walk ot-walk-wpd.zip
106.07.13 19:30 B F:\CD Creations\DVD COC web site\walk\ot_1.gif <-- www.rogersvillecoc.org /web/walk ot_1.gif
106.07.13 19:30 B F:\CD Creations\DVD COC web site\walk\pauljor1.gif <-- www.rogersvillecoc.org /web/walk pauljor1.gif
106.07.13 19:30 B F:\CD Creations\DVD COC web site\walk\pdf-index.htm <-- www.rogersvillecoc.org /web/walk pdf-index.htm
106.07.13 19:30 B F:\CD Creations\DVD COC web site\walk\philippi.htm <-- www.rogersvillecoc.org /web/walk philippi.htm
106.07.13 19:30 B F:\CD Creations\DVD COC web site\walk\philippians.pdf <-- www.rogersvillecoc.org /web/walk philippians.pdf
106.07.13 19:30 B F:\CD Creations\DVD COC web site\walk\philippians.wpd <-- www.rogersvillecoc.org /web/walk philippians.wpd
106.07.13 19:30 B F:\CD Creations\DVD COC web site\walk\plainbrn.gif <-- www.rogersvillecoc.org /web/walk plainbrn.gif
106.07.13 19:30 B F:\CD Creations\DVD COC web site\walk\proverbs.htm <-- www.rogersvillecoc.org /web/walk proverbs.htm
106.07.13 19:30 B F:\CD Creations\DVD COC web site\walk\proverbs.pdf <-- www.rogersvillecoc.org /web/walk proverbs.pdf
106.07.13 19:30 B F:\CD Creations\DVD COC web site\walk\proverbs.wpd <-- www.rogersvillecoc.org /web/walk proverbs.wpd
106.07.13 19:30 B F:\CD Creations\DVD COC web site\walk\prvbs.zip <-- www.rogersvillecoc.org /web/walk prvbs.zip
106.07.13 19:30 B F:\CD Creations\DVD COC web site\walk\psalms.htm <-- www.rogersvillecoc.org /web/walk psalms.htm
106.07.13 19:30 B F:\CD Creations\DVD COC web site\walk\psalms.pdf <-- www.rogersvillecoc.org /web/walk psalms.pdf
106.07.13 19:30 B F:\CD Creations\DVD COC web site\walk\psalms.wpd <-- www.rogersvillecoc.org /web/walk psalms.wpd
106.07.13 19:30 B F:\CD Creations\DVD COC web site\walk\redball.gif <-- www.rogersvillecoc.org /web/walk redball.gif
106.07.13 19:30 B F:\CD Creations\DVD COC web site\walk\revelati.htm <-- www.rogersvillecoc.org /web/walk revelati.htm
106.07.13 19:30 B F:\CD Creations\DVD COC web site\walk\revelation.pdf <-- www.rogersvillecoc.org /web/walk revelation.pdf
106.07.13 19:30 B F:\CD Creations\DVD COC web site\walk\revelation.wpd <-- www.rogersvillecoc.org /web/walk revelation.wpd
106.07.13 19:30 B F:\CD Creations\DVD COC web site\walk\romans.htm <-- www.rogersvillecoc.org /web/walk romans.htm
106.07.13 19:30 B F:\CD Creations\DVD COC web site\walk\romans.pdf <-- www.rogersvillecoc.org /web/walk romans.pdf
106.07.13 19:30 B F:\CD Creations\DVD COC web site\walk\romans.wpd <-- www.rogersvillecoc.org /web/walk romans.wpd
106.07.13 19:30 B F:\CD Creations\DVD COC web site\walk\samuel.htm <-- www.rogersvillecoc.org /web/walk samuel.htm
106.07.13 19:30 B F:\CD Creations\DVD COC web site\walk\samuel.pdf <-- www.rogersvillecoc.org /web/walk samuel.pdf
106.07.13 19:30 B F:\CD Creations\DVD COC web site\walk\samuel.wpd <-- www.rogersvillecoc.org /web/walk samuel.wpd
106.07.13 19:30 B F:\CD Creations\DVD COC web site\walk\slate.gif <-- www.rogersvillecoc.org /web/walk slate.gif
106.07.13 19:30 B F:\CD Creations\DVD COC web site\walk\titus-ph.htm <-- www.rogersvillecoc.org /web/walk titus-ph.htm
106.07.13 19:30 B F:\CD Creations\DVD COC web site\walk\titus-philemon.pdf <-- www.rogersvillecoc.org /web/walk titus-philemon.pdf
106.07.13 19:30 B F:\CD Creations\DVD COC web site\walk\titus-philemon.wpd <-- www.rogersvillecoc.org /web/walk titus-philemon.wpd
106.07.13 19:30 B F:\CD Creations\DVD COC web site\walk\uc.gif <-- www.rogersvillecoc.org /web/walk uc.gif
106.07.13 19:30 B F:\CD Creations\DVD COC web site\walk\walk-05.htm <-- www.rogersvillecoc.org /web/walk walk-05.htm
106.07.13 19:30 B F:\CD Creations\DVD COC web site\walk\walk-index-0606.htm <-- www.rogersvillecoc.org /web/walk walk-index-0606.htm
106.07.13 19:30 B F:\CD Creations\DVD COC web site\walk\walk.htm <-- www.rogersvillecoc.org /web/walk walk.htm
106.07.13 19:30 B F:\CD Creations\DVD COC web site\walk\walking2.gif <-- www.rogersvillecoc.org /web/walk walking2.gif
106.07.13 19:30 B F:\CD Creations\DVD COC web site\walk\walking3.gif <-- www.rogersvillecoc.org /web/walk walking3.gif
106.07.13 19:30 B F:\CD Creations\DVD COC web site\walk\walking7.gif <-- www.rogersvillecoc.org /web/walk walking7.gif
106.07.13 19:30 B F:\CD Creations\DVD COC web site\walk\yeldot.gif <-- www.rogersvillecoc.org /web/walk yeldot.gif
106.07.14 15:06 B F:\CD Creations\DVD COC web site\walk\1corinth.htm --> home.hiwaay.net /public_html/walk 1corinth.htm
106.07.14 15:06 B F:\CD Creations\DVD COC web site\walk\1corinthians.pdf --> home.hiwaay.net /public_html/walk 1corinthians.pdf
106.07.14 15:07 B F:\CD Creations\DVD COC web site\walk\1corinthians.wpd --> home.hiwaay.net /public_html/walk 1corinthians.wpd
106.07.14 15:07 B F:\CD Creations\DVD COC web site\walk\1john.htm --> home.hiwaay.net /public_html/walk 1john.htm
106.07.14 15:07 B F:\CD Creations\DVD COC web site\walk\1john.pdf --> home.hiwaay.net /public_html/walk 1john.pdf
106.07.14 15:07 B F:\CD Creations\DVD COC web site\walk\1john.wpd --> home.hiwaay.net /public_html/walk 1john.wpd
106.07.14 15:07 B F:\CD Creations\DVD COC web site\walk\1peter.htm --> home.hiwaay.net /public_html/walk 1peter.htm
106.07.14 15:07 B F:\CD Creations\DVD COC web site\walk\1peter.pdf --> home.hiwaay.net /public_html/walk 1peter.pdf
106.07.14 15:07 B F:\CD Creations\DVD COC web site\walk\1peter.wpd --> home.hiwaay.net /public_html/walk 1peter.wpd
106.07.14 15:07 B F:\CD Creations\DVD COC web site\walk\1thessal.htm --> home.hiwaay.net /public_html/walk 1thessal.htm
106.07.14 15:07 B F:\CD Creations\DVD COC web site\walk\1thessalonians.pdf --> home.hiwaay.net /public_html/walk 1thessalonians.pdf
106.07.14 15:07 B F:\CD Creations\DVD COC web site\walk\1thessalonians.wpd --> home.hiwaay.net /public_html/walk 1thessalonians.wpd
106.07.14 15:07 B F:\CD Creations\DVD COC web site\walk\1timothy.htm --> home.hiwaay.net /public_html/walk 1timothy.htm
106.07.14 15:07 B F:\CD Creations\DVD COC web site\walk\1timothy.pdf --> home.hiwaay.net /public_html/walk 1timothy.pdf
106.07.14 15:07 B F:\CD Creations\DVD COC web site\walk\1timothy.wpd --> home.hiwaay.net /public_html/walk 1timothy.wpd
106.07.14 15:07 B F:\CD Creations\DVD COC web site\walk\2&3john.htm --> home.hiwaay.net /public_html/walk 2&3john.htm
106.07.14 15:07 B F:\CD Creations\DVD COC web site\walk\2&3john.pdf --> home.hiwaay.net /public_html/walk 2&3john.pdf
106.07.14 15:07 B F:\CD Creations\DVD COC web site\walk\2&3john.wpd --> home.hiwaay.net /public_html/walk 2&3john.wpd
106.07.14 15:07 B F:\CD Creations\DVD COC web site\walk\2corinth.htm --> home.hiwaay.net /public_html/walk 2corinth.htm
106.07.14 15:08 B F:\CD Creations\DVD COC web site\walk\2corinthians.pdf --> home.hiwaay.net /public_html/walk 2corinthians.pdf
106.07.14 15:08 B F:\CD Creations\DVD COC web site\walk\2corinthians.wpd --> home.hiwaay.net /public_html/walk 2corinthians.wpd
106.07.14 15:08 B F:\CD Creations\DVD COC web site\walk\2peter-jude.htm --> home.hiwaay.net /public_html/walk 2peter-jude.htm
106.07.14 15:08 B F:\CD Creations\DVD COC web site\walk\2peter-jude.pdf --> home.hiwaay.net /public_html/walk 2peter-jude.pdf
106.07.14 15:08 B F:\CD Creations\DVD COC web site\walk\2peter-jude.wpd --> home.hiwaay.net /public_html/walk 2peter-jude.wpd
106.07.14 15:08 B F:\CD Creations\DVD COC web site\walk\2thessal.htm --> home.hiwaay.net /public_html/walk 2thessal.htm
106.07.14 15:08 B F:\CD Creations\DVD COC web site\walk\2thessalonians.pdf --> home.hiwaay.net /public_html/walk 2thessalonians.pdf
106.07.14 15:08 B F:\CD Creations\DVD COC web site\walk\2thessalonians.wpd --> home.hiwaay.net /public_html/walk 2thessalonians.wpd
106.07.14 15:08 B F:\CD Creations\DVD COC web site\walk\2timothy.htm --> home.hiwaay.net /public_html/walk 2timothy.htm
106.07.14 15:08 B F:\CD Creations\DVD COC web site\walk\2timothy.pdf --> home.hiwaay.net /public_html/walk 2timothy.pdf
106.07.14 15:08 B F:\CD Creations\DVD COC web site\walk\2timothy.wpd --> home.hiwaay.net /public_html/walk 2timothy.wpd
106.07.14 15:08 B F:\CD Creations\DVD COC web site\walk\acts.htm --> home.hiwaay.net /public_html/walk acts.htm
106.07.14 15:08 B F:\CD Creations\DVD COC web site\walk\acts.pdf --> home.hiwaay.net /public_html/walk acts.pdf
106.07.14 15:08 B F:\CD Creations\DVD COC web site\walk\acts.wpd --> home.hiwaay.net /public_html/walk acts.wpd
106.07.14 15:08 B F:\CD Creations\DVD COC web site\walk\acts_2.gif --> home.hiwaay.net /public_html/walk acts_2.gif
106.07.14 15:08 B F:\CD Creations\DVD COC web site\walk\acts_3.gif --> home.hiwaay.net /public_html/walk acts_3.gif
106.07.14 15:08 B F:\CD Creations\DVD COC web site\walk\acts_4.gif --> home.hiwaay.net /public_html/walk acts_4.gif
106.07.14 15:08 B F:\CD Creations\DVD COC web site\walk\acts_bdg.gif --> home.hiwaay.net /public_html/walk acts_bdg.gif
106.07.14 15:08 B F:\CD Creations\DVD COC web site\walk\acts_bk.htm --> home.hiwaay.net /public_html/walk acts_bk.htm
106.07.14 15:09 B F:\CD Creations\DVD COC web site\walk\chalk.jpg --> home.hiwaay.net /public_html/walk chalk.jpg
106.07.14 15:09 B F:\CD Creations\DVD COC web site\walk\chronicl.htm --> home.hiwaay.net /public_html/walk chronicl.htm
106.07.14 15:09 B F:\CD Creations\DVD COC web site\walk\chronicles.pdf --> home.hiwaay.net /public_html/walk chronicles.pdf
106.07.14 15:09 B F:\CD Creations\DVD COC web site\walk\chronicles.wpd --> home.hiwaay.net /public_html/walk chronicles.wpd
106.07.14 15:09 B F:\CD Creations\DVD COC web site\walk\coloss.htm --> home.hiwaay.net /public_html/walk coloss.htm
106.07.14 15:09 B F:\CD Creations\DVD COC web site\walk\colossians.pdf --> home.hiwaay.net /public_html/walk colossians.pdf
106.07.14 15:09 B F:\CD Creations\DVD COC web site\walk\colossians.wpd --> home.hiwaay.net /public_html/walk colossians.wpd
106.07.14 15:09 B F:\CD Creations\DVD COC web site\walk\daniel.htm --> home.hiwaay.net /public_html/walk daniel.htm
106.07.14 15:09 B F:\CD Creations\DVD COC web site\walk\daniel.pdf --> home.hiwaay.net /public_html/walk daniel.pdf
106.07.14 15:09 B F:\CD Creations\DVD COC web site\walk\daniel.wpd --> home.hiwaay.net /public_html/walk daniel.wpd
106.07.14 15:09 B F:\CD Creations\DVD COC web site\walk\eccl-sos.htm --> home.hiwaay.net /public_html/walk eccl-sos.htm
106.07.14 15:09 B F:\CD Creations\DVD COC web site\walk\eccl-sos.pdf --> home.hiwaay.net /public_html/walk eccl-sos.pdf
106.07.14 15:09 B F:\CD Creations\DVD COC web site\walk\eccl-sos.wpd --> home.hiwaay.net /public_html/walk eccl-sos.wpd
106.07.14 15:09 B F:\CD Creations\DVD COC web site\walk\ephesian.htm --> home.hiwaay.net /public_html/walk ephesian.htm
106.07.14 15:09 B F:\CD Creations\DVD COC web site\walk\ephesians.pdf --> home.hiwaay.net /public_html/walk ephesians.pdf
106.07.14 15:09 B F:\CD Creations\DVD COC web site\walk\ephesians.wpd --> home.hiwaay.net /public_html/walk ephesians.wpd
106.07.14 15:09 B F:\CD Creations\DVD COC web site\walk\esther.htm --> home.hiwaay.net /public_html/walk esther.htm
106.07.14 15:10 B F:\CD Creations\DVD COC web site\walk\esther.pdf --> home.hiwaay.net /public_html/walk esther.pdf
106.07.14 15:10 B F:\CD Creations\DVD COC web site\walk\esther.wpd --> home.hiwaay.net /public_html/walk esther.wpd
106.07.14 15:10 B F:\CD Creations\DVD COC web site\walk\exodus.htm --> home.hiwaay.net /public_html/walk exodus.htm
106.07.14 15:10 B F:\CD Creations\DVD COC web site\walk\exodus.pdf --> home.hiwaay.net /public_html/walk exodus.pdf
106.07.14 15:10 B F:\CD Creations\DVD COC web site\walk\exodus.wpd --> home.hiwaay.net /public_html/walk exodus.wpd
106.07.14 15:10 B F:\CD Creations\DVD COC web site\walk\ezekiel.htm --> home.hiwaay.net /public_html/walk ezekiel.htm
106.07.14 15:10 B F:\CD Creations\DVD COC web site\walk\ezekiel.pdf --> home.hiwaay.net /public_html/walk ezekiel.pdf
106.07.14 15:10 B F:\CD Creations\DVD COC web site\walk\ezekiel.wpd --> home.hiwaay.net /public_html/walk ezekiel.wpd
106.07.14 15:10 B F:\CD Creations\DVD COC web site\walk\ezra.htm --> home.hiwaay.net /public_html/walk ezra.htm
106.07.14 15:10 B F:\CD Creations\DVD COC web site\walk\ezra.pdf --> home.hiwaay.net /public_html/walk ezra.pdf
106.07.14 15:10 B F:\CD Creations\DVD COC web site\walk\ezra.wpd --> home.hiwaay.net /public_html/walk ezra.wpd
106.07.14 15:10 B F:\CD Creations\DVD COC web site\walk\galatian.htm --> home.hiwaay.net /public_html/walk galatian.htm
106.07.14 15:10 B F:\CD Creations\DVD COC web site\walk\galatians.pdf --> home.hiwaay.net /public_html/walk galatians.pdf
106.07.14 15:10 B F:\CD Creations\DVD COC web site\walk\galatians.wpd --> home.hiwaay.net /public_html/walk galatians.wpd
106.07.14 15:10 B F:\CD Creations\DVD COC web site\walk\genesis.htm --> home.hiwaay.net /public_html/walk genesis.htm
106.07.14 15:10 B F:\CD Creations\DVD COC web site\walk\genesis.pdf --> home.hiwaay.net /public_html/walk genesis.pdf
106.07.14 15:11 B F:\CD Creations\DVD COC web site\walk\genesis.wpd --> home.hiwaay.net /public_html/walk genesis.wpd
106.07.14 15:11 B F:\CD Creations\DVD COC web site\walk\haggai-zechariah-malachi.pdf --> home.hiwaay.net /public_html/walk haggai-zechariah-malachi.pdf
106.07.14 15:11 B F:\CD Creations\DVD COC web site\walk\haggai-zechariah-malachi.wpd --> home.hiwaay.net /public_html/walk haggai-zechariah-malachi.wpd
106.07.14 15:11 B F:\CD Creations\DVD COC web site\walk\hebrews.htm --> home.hiwaay.net /public_html/walk hebrews.htm
106.07.14 15:11 B F:\CD Creations\DVD COC web site\walk\hebrews.pdf --> home.hiwaay.net /public_html/walk hebrews.pdf
106.07.14 15:11 B F:\CD Creations\DVD COC web site\walk\hebrews.wpd --> home.hiwaay.net /public_html/walk hebrews.wpd
106.07.14 15:11 B F:\CD Creations\DVD COC web site\walk\hosea-joel-amos.pdf --> home.hiwaay.net /public_html/walk hosea-joel-amos.pdf
106.07.14 15:11 B F:\CD Creations\DVD COC web site\walk\hosea-joel-amos.wpd --> home.hiwaay.net /public_html/walk hosea-joel-amos.wpd
106.07.14 15:11 B F:\CD Creations\DVD COC web site\walk\hosea.htm --> home.hiwaay.net /public_html/walk hosea.htm
106.07.14 15:11 B F:\CD Creations\DVD COC web site\walk\index-05.htm --> home.hiwaay.net /public_html/walk index-05.htm
106.07.14 15:11 B F:\CD Creations\DVD COC web site\walk\index-0606.htm --> home.hiwaay.net /public_html/walk index-0606.htm
106.07.14 15:11 B F:\CD Creations\DVD COC web site\walk\index.htm --> home.hiwaay.net /public_html/walk index.htm
106.07.14 15:11 B F:\CD Creations\DVD COC web site\walk\isaiah.htm --> home.hiwaay.net /public_html/walk isaiah.htm
106.07.14 15:11 B F:\CD Creations\DVD COC web site\walk\isaiah.pdf --> home.hiwaay.net /public_html/walk isaiah.pdf
106.07.14 15:11 B F:\CD Creations\DVD COC web site\walk\isaiah.wpd --> home.hiwaay.net /public_html/walk isaiah.wpd
106.07.14 15:11 B F:\CD Creations\DVD COC web site\walk\isr-fall.gif --> home.hiwaay.net /public_html/walk isr-fall.gif
106.07.14 15:11 B F:\CD Creations\DVD COC web site\walk\james.htm --> home.hiwaay.net /public_html/walk james.htm
106.07.14 15:11 B F:\CD Creations\DVD COC web site\walk\james.pdf --> home.hiwaay.net /public_html/walk james.pdf
106.07.14 15:12 B F:\CD Creations\DVD COC web site\walk\james.wpd --> home.hiwaay.net /public_html/walk james.wpd
106.07.14 15:12 B F:\CD Creations\DVD COC web site\walk\jeremiah.htm --> home.hiwaay.net /public_html/walk jeremiah.htm
106.07.14 15:12 B F:\CD Creations\DVD COC web site\walk\jeremiah.pdf --> home.hiwaay.net /public_html/walk jeremiah.pdf
106.07.14 15:12 B F:\CD Creations\DVD COC web site\walk\jeremiah.wpd --> home.hiwaay.net /public_html/walk jeremiah.wpd
106.07.14 15:12 B F:\CD Creations\DVD COC web site\walk\job.htm --> home.hiwaay.net /public_html/walk job.htm
106.07.14 15:12 B F:\CD Creations\DVD COC web site\walk\job.pdf --> home.hiwaay.net /public_html/walk job.pdf
106.07.14 15:12 B F:\CD Creations\DVD COC web site\walk\job.wpd --> home.hiwaay.net /public_html/walk job.wpd
106.07.14 15:12 B F:\CD Creations\DVD COC web site\walk\john.htm --> home.hiwaay.net /public_html/walk john.htm
106.07.14 15:12 B F:\CD Creations\DVD COC web site\walk\john.pdf --> home.hiwaay.net /public_html/walk john.pdf
106.07.14 15:12 B F:\CD Creations\DVD COC web site\walk\john.wpd --> home.hiwaay.net /public_html/walk john.wpd
106.07.14 15:12 B F:\CD Creations\DVD COC web site\walk\joshua.htm --> home.hiwaay.net /public_html/walk joshua.htm
106.07.14 15:12 B F:\CD Creations\DVD COC web site\walk\joshua.pdf --> home.hiwaay.net /public_html/walk joshua.pdf
106.07.14 15:12 B F:\CD Creations\DVD COC web site\walk\joshua.wpd --> home.hiwaay.net /public_html/walk joshua.wpd
106.07.14 15:12 B F:\CD Creations\DVD COC web site\walk\judg-rth.htm --> home.hiwaay.net /public_html/walk judg-rth.htm
106.07.14 15:12 B F:\CD Creations\DVD COC web site\walk\judges-ruth.pdf --> home.hiwaay.net /public_html/walk judges-ruth.pdf
106.07.14 15:12 B F:\CD Creations\DVD COC web site\walk\judges-ruth.wpd --> home.hiwaay.net /public_html/walk judges-ruth.wpd
106.07.14 15:12 B F:\CD Creations\DVD COC web site\walk\judges.htm --> home.hiwaay.net /public_html/walk judges.htm
106.07.14 15:12 B F:\CD Creations\DVD COC web site\walk\kings.htm --> home.hiwaay.net /public_html/walk kings.htm
106.07.14 15:13 B F:\CD Creations\DVD COC web site\walk\kings.pdf --> home.hiwaay.net /public_html/walk kings.pdf
106.07.14 15:13 B F:\CD Creations\DVD COC web site\walk\kings.wpd --> home.hiwaay.net /public_html/walk kings.wpd
106.07.14 15:13 B F:\CD Creations\DVD COC web site\walk\lamentations.htm --> home.hiwaay.net /public_html/walk lamentations.htm
106.07.14 15:13 B F:\CD Creations\DVD COC web site\walk\lamentations.pdf --> home.hiwaay.net /public_html/walk lamentations.pdf
106.07.14 15:13 B F:\CD Creations\DVD COC web site\walk\lamentations.wpd --> home.hiwaay.net /public_html/walk lamentations.wpd
106.07.14 15:13 B F:\CD Creations\DVD COC web site\walk\levitius-numbers.pdf --> home.hiwaay.net /public_html/walk levitius-numbers.pdf
106.07.14 15:13 B F:\CD Creations\DVD COC web site\walk\levitius-numbers.wpd --> home.hiwaay.net /public_html/walk levitius-numbers.wpd
106.07.14 15:13 B F:\CD Creations\DVD COC web site\walk\levnumde.htm --> home.hiwaay.net /public_html/walk levnumde.htm
106.07.14 15:13 B F:\CD Creations\DVD COC web site\walk\luke.htm --> home.hiwaay.net /public_html/walk luke.htm
106.07.14 15:13 B F:\CD Creations\DVD COC web site\walk\luke.pdf --> home.hiwaay.net /public_html/walk luke.pdf
106.07.14 15:13 B F:\CD Creations\DVD COC web site\walk\luke.wpd --> home.hiwaay.net /public_html/walk luke.wpd
106.07.14 15:13 B F:\CD Creations\DVD COC web site\walk\mailbox.gif --> home.hiwaay.net /public_html/walk mailbox.gif
106.07.14 15:13 B F:\CD Creations\DVD COC web site\walk\malachi.htm --> home.hiwaay.net /public_html/walk malachi.htm
106.07.14 15:13 B F:\CD Creations\DVD COC web site\walk\mark.htm --> home.hiwaay.net /public_html/walk mark.htm
106.07.14 15:13 B F:\CD Creations\DVD COC web site\walk\mark.pdf --> home.hiwaay.net /public_html/walk mark.pdf
106.07.14 15:13 B F:\CD Creations\DVD COC web site\walk\mark.wpd --> home.hiwaay.net /public_html/walk mark.wpd
106.07.14 15:13 B F:\CD Creations\DVD COC web site\walk\matthew.htm --> home.hiwaay.net /public_html/walk matthew.htm
106.07.14 15:13 B F:\CD Creations\DVD COC web site\walk\matthew.pdf --> home.hiwaay.net /public_html/walk matthew.pdf
106.07.14 15:13 B F:\CD Creations\DVD COC web site\walk\matthew.wpd --> home.hiwaay.net /public_html/walk matthew.wpd
106.07.14 15:14 B F:\CD Creations\DVD COC web site\walk\nahum-habakkuk-zephaniah.pdf --> home.hiwaay.net /public_html/walk nahum-habakkuk-zephaniah.pdf
106.07.14 15:14 B F:\CD Creations\DVD COC web site\walk\nahum-habakkuk-zephaniah.wpd --> home.hiwaay.net /public_html/walk nahum-habakkuk-zephaniah.wpd
106.07.14 15:14 B F:\CD Creations\DVD COC web site\walk\nahum.htm --> home.hiwaay.net /public_html/walk nahum.htm
106.07.14 15:14 B F:\CD Creations\DVD COC web site\walk\nehemiah.htm --> home.hiwaay.net /public_html/walk nehemiah.htm
106.07.14 15:14 B F:\CD Creations\DVD COC web site\walk\nehemiah.pdf --> home.hiwaay.net /public_html/walk nehemiah.pdf
106.07.14 15:14 B F:\CD Creations\DVD COC web site\walk\nehemiah.wpd --> home.hiwaay.net /public_html/walk nehemiah.wpd
106.07.14 15:16 B F:\CD Creations\DVD COC web site\walk\nt-walk-pdf.zip --> home.hiwaay.net /public_html/walk nt-walk-pdf.zip
106.07.14 15:17 B F:\CD Creations\DVD COC web site\walk\nt-walk-wpd.zip --> home.hiwaay.net /public_html/walk nt-walk-wpd.zip
106.07.14 15:17 B F:\CD Creations\DVD COC web site\walk\obadiah-jonah-micah.pdf --> home.hiwaay.net /public_html/walk obadiah-jonah-micah.pdf
106.07.14 15:17 B F:\CD Creations\DVD COC web site\walk\obadiah-jonah-micah.wpd --> home.hiwaay.net /public_html/walk obadiah-jonah-micah.wpd
106.07.14 15:17 B F:\CD Creations\DVD COC web site\walk\obadiah.htm --> home.hiwaay.net /public_html/walk obadiah.htm
106.07.14 15:19 B F:\CD Creations\DVD COC web site\walk\ot-walk-pdf.zip --> home.hiwaay.net /public_html/walk ot-walk-pdf.zip
106.07.14 15:19 B F:\CD Creations\DVD COC web site\walk\ot-walk-wpd.zip --> home.hiwaay.net /public_html/walk ot-walk-wpd.zip
106.07.14 15:19 B F:\CD Creations\DVD COC web site\walk\ot_1.gif --> home.hiwaay.net /public_html/walk ot_1.gif
106.07.14 15:19 B F:\CD Creations\DVD COC web site\walk\pauljor1.gif --> home.hiwaay.net /public_html/walk pauljor1.gif
106.07.14 15:19 B F:\CD Creations\DVD COC web site\walk\pdf-index.htm --> home.hiwaay.net /public_html/walk pdf-index.htm
106.07.14 15:19 B F:\CD Creations\DVD COC web site\walk\philippi.htm --> home.hiwaay.net /public_html/walk philippi.htm
106.07.14 15:20 B F:\CD Creations\DVD COC web site\walk\philippians.pdf --> home.hiwaay.net /public_html/walk philippians.pdf
106.07.14 15:20 B F:\CD Creations\DVD COC web site\walk\philippians.wpd --> home.hiwaay.net /public_html/walk philippians.wpd
106.07.14 15:20 B F:\CD Creations\DVD COC web site\walk\plainbrn.gif --> home.hiwaay.net /public_html/walk plainbrn.gif
106.07.14 15:20 B F:\CD Creations\DVD COC web site\walk\proverbs.htm --> home.hiwaay.net /public_html/walk proverbs.htm
106.07.14 15:20 B F:\CD Creations\DVD COC web site\walk\proverbs.pdf --> home.hiwaay.net /public_html/walk proverbs.pdf
106.07.14 15:20 B F:\CD Creations\DVD COC web site\walk\proverbs.wpd --> home.hiwaay.net /public_html/walk proverbs.wpd
106.07.14 15:20 B F:\CD Creations\DVD COC web site\walk\prvbs.zip --> home.hiwaay.net /public_html/walk prvbs.zip
106.07.14 15:20 B F:\CD Creations\DVD COC web site\walk\psalms.htm --> home.hiwaay.net /public_html/walk psalms.htm
106.07.14 15:20 B F:\CD Creations\DVD COC web site\walk\psalms.pdf --> home.hiwaay.net /public_html/walk psalms.pdf
106.07.14 15:20 B F:\CD Creations\DVD COC web site\walk\psalms.wpd --> home.hiwaay.net /public_html/walk psalms.wpd
106.07.14 15:20 B F:\CD Creations\DVD COC web site\walk\redball.gif --> home.hiwaay.net /public_html/walk redball.gif
106.07.14 15:20 B F:\CD Creations\DVD COC web site\walk\revelati.htm --> home.hiwaay.net /public_html/walk revelati.htm
106.07.14 15:20 B F:\CD Creations\DVD COC web site\walk\revelation.pdf --> home.hiwaay.net /public_html/walk revelation.pdf
106.07.14 15:20 B F:\CD Creations\DVD COC web site\walk\revelation.wpd --> home.hiwaay.net /public_html/walk revelation.wpd
106.07.14 15:20 B F:\CD Creations\DVD COC web site\walk\romans.htm --> home.hiwaay.net /public_html/walk romans.htm
106.07.14 15:20 B F:\CD Creations\DVD COC web site\walk\romans.pdf --> home.hiwaay.net /public_html/walk romans.pdf
106.07.14 15:20 B F:\CD Creations\DVD COC web site\walk\romans.wpd --> home.hiwaay.net /public_html/walk romans.wpd
106.07.14 15:20 B F:\CD Creations\DVD COC web site\walk\samuel.htm --> home.hiwaay.net /public_html/walk samuel.htm
106.07.14 15:20 B F:\CD Creations\DVD COC web site\walk\samuel.pdf --> home.hiwaay.net /public_html/walk samuel.pdf
106.07.14 15:21 B F:\CD Creations\DVD COC web site\walk\samuel.wpd --> home.hiwaay.net /public_html/walk samuel.wpd
106.07.14 15:21 B F:\CD Creations\DVD COC web site\walk\slate.gif --> home.hiwaay.net /public_html/walk slate.gif
106.07.14 15:21 B F:\CD Creations\DVD COC web site\walk\titus-ph.htm --> home.hiwaay.net /public_html/walk titus-ph.htm
106.07.14 15:21 B F:\CD Creations\DVD COC web site\walk\titus-philemon.pdf --> home.hiwaay.net /public_html/walk titus-philemon.pdf
106.07.14 15:21 B F:\CD Creations\DVD COC web site\walk\titus-philemon.wpd --> home.hiwaay.net /public_html/walk titus-philemon.wpd
106.07.14 15:21 B F:\CD Creations\DVD COC web site\walk\uc.gif --> home.hiwaay.net /public_html/walk uc.gif
106.07.14 15:21 B F:\CD Creations\DVD COC web site\walk\walk-05.htm --> home.hiwaay.net /public_html/walk walk-05.htm
106.07.14 15:21 B F:\CD Creations\DVD COC web site\walk\walk-index-0606.htm --> home.hiwaay.net /public_html/walk walk-index-0606.htm
106.07.14 15:21 B F:\CD Creations\DVD COC web site\walk\walk.htm --> home.hiwaay.net /public_html/walk walk.htm
106.07.14 15:21 B F:\CD Creations\DVD COC web site\walk\walking2.gif --> home.hiwaay.net /public_html/walk walking2.gif
106.07.14 15:21 B F:\CD Creations\DVD COC web site\walk\walking3.gif --> home.hiwaay.net /public_html/walk walking3.gif
106.07.14 15:21 B F:\CD Creations\DVD COC web site\walk\walking7.gif --> home.hiwaay.net /public_html/walk walking7.gif
