110.04.28 11:15 B I:\lessons\1timothy\1Timothy-wpd.zip <-- home.hiwaay.net /public_html/lessons/1timothy 1Timothy-wpd.zip
110.04.28 11:15 B I:\lessons\1timothy\1Timothy.jpg <-- home.hiwaay.net /public_html/lessons/1timothy 1Timothy.jpg
110.04.28 11:15 B I:\lessons\1timothy\1tim-bsls.gif <-- home.hiwaay.net /public_html/lessons/1timothy 1tim-bsls.gif
110.04.28 11:16 B I:\lessons\1timothy\1timothy-pdf.zip <-- home.hiwaay.net /public_html/lessons/1timothy 1timothy-pdf.zip
110.04.28 11:16 B I:\lessons\1timothy\1timothy_1.pdf <-- home.hiwaay.net /public_html/lessons/1timothy 1timothy_1.pdf
110.04.28 11:16 B I:\lessons\1timothy\1timothy_2.pdf <-- home.hiwaay.net /public_html/lessons/1timothy 1timothy_2.pdf
110.04.28 11:16 B I:\lessons\1timothy\1timothy_3.pdf <-- home.hiwaay.net /public_html/lessons/1timothy 1timothy_3.pdf
110.04.28 11:16 B I:\lessons\1timothy\1timothy_4.pdf <-- home.hiwaay.net /public_html/lessons/1timothy 1timothy_4.pdf
110.04.28 11:16 B I:\lessons\1timothy\1timothy_5.pdf <-- home.hiwaay.net /public_html/lessons/1timothy 1timothy_5.pdf
110.04.28 11:16 B I:\lessons\1timothy\1timothy_6.pdf <-- home.hiwaay.net /public_html/lessons/1timothy 1timothy_6.pdf
110.04.28 11:16 B I:\lessons\1timothy\1timothy_index.htm <-- home.hiwaay.net /public_html/lessons/1timothy 1timothy_index.htm
110.04.28 11:16 B I:\lessons\1timothy\1timothy_walk.htm <-- home.hiwaay.net /public_html/lessons/1timothy 1timothy_walk.htm
110.04.28 11:16 B I:\lessons\1timothy\1timothy_walk.pdf <-- home.hiwaay.net /public_html/lessons/1timothy 1timothy_walk.pdf
110.06.02 07:16 B M:\~wgann\lessons\1timothy\1tim-bsls.gif --> home.hiwaay.net /public_html/lessons/1timothy 1tim-bsls.gif
110.06.02 07:16 B M:\~wgann\lessons\1timothy\1timothy-pdf.zip --> home.hiwaay.net /public_html/lessons/1timothy 1timothy-pdf.zip
110.06.02 07:16 B M:\~wgann\lessons\1timothy\1Timothy-wpd.zip --> home.hiwaay.net /public_html/lessons/1timothy 1Timothy-wpd.zip
110.06.02 07:16 B M:\~wgann\lessons\1timothy\1Timothy.jpg --> home.hiwaay.net /public_html/lessons/1timothy 1Timothy.jpg
110.06.02 07:16 B M:\~wgann\lessons\1timothy\1timothy_1.pdf --> home.hiwaay.net /public_html/lessons/1timothy 1timothy_1.pdf
110.06.02 07:16 B M:\~wgann\lessons\1timothy\1timothy_2.pdf --> home.hiwaay.net /public_html/lessons/1timothy 1timothy_2.pdf
110.06.02 07:16 B M:\~wgann\lessons\1timothy\1timothy_3.pdf --> home.hiwaay.net /public_html/lessons/1timothy 1timothy_3.pdf
110.06.02 07:16 B M:\~wgann\lessons\1timothy\1timothy_4.pdf --> home.hiwaay.net /public_html/lessons/1timothy 1timothy_4.pdf
110.06.02 07:16 B M:\~wgann\lessons\1timothy\1timothy_5.pdf --> home.hiwaay.net /public_html/lessons/1timothy 1timothy_5.pdf
110.06.02 07:16 B M:\~wgann\lessons\1timothy\1timothy_6.pdf --> home.hiwaay.net /public_html/lessons/1timothy 1timothy_6.pdf
110.06.02 07:16 B M:\~wgann\lessons\1timothy\1timothy_index.htm --> home.hiwaay.net /public_html/lessons/1timothy 1timothy_index.htm
110.06.02 07:16 B M:\~wgann\lessons\1timothy\1timothy_walk.htm --> home.hiwaay.net /public_html/lessons/1timothy 1timothy_walk.htm
110.06.02 07:16 B M:\~wgann\lessons\1timothy\1timothy_walk.pdf --> home.hiwaay.net /public_html/lessons/1timothy 1timothy_walk.pdf
