106.07.13 19:23 B F:\CD Creations\DVD COC web site\sermons\What Kind of Faith\1x1.gif <-- www.rogersvillecoc.org /web/sermons/What Kind of Faith 1x1.gif
106.07.13 19:23 B F:\CD Creations\DVD COC web site\sermons\What Kind of Faith\TlxExport.dat <-- www.rogersvillecoc.org /web/sermons/What Kind of Faith TlxExport.dat
106.07.13 19:23 B F:\CD Creations\DVD COC web site\sermons\What Kind of Faith\TlxFiles.dat <-- www.rogersvillecoc.org /web/sermons/What Kind of Faith TlxFiles.dat
106.07.13 19:23 B F:\CD Creations\DVD COC web site\sermons\What Kind of Faith\bg_mapimage.gif <-- www.rogersvillecoc.org /web/sermons/What Kind of Faith bg_mapimage.gif
106.07.13 19:23 B F:\CD Creations\DVD COC web site\sermons\What Kind of Faith\default.htm <-- www.rogersvillecoc.org /web/sermons/What Kind of Faith default.htm
106.07.13 19:23 B F:\CD Creations\DVD COC web site\sermons\What Kind of Faith\default_cf.htm <-- www.rogersvillecoc.org /web/sermons/What Kind of Faith default_cf.htm
106.07.13 19:23 B F:\CD Creations\DVD COC web site\sermons\What Kind of Faith\default_l.htm <-- www.rogersvillecoc.org /web/sermons/What Kind of Faith default_l.htm
106.07.13 19:23 B F:\CD Creations\DVD COC web site\sermons\What Kind of Faith\default_m.htm <-- www.rogersvillecoc.org /web/sermons/What Kind of Faith default_m.htm
106.07.13 19:23 B F:\CD Creations\DVD COC web site\sermons\What Kind of Faith\default_map.gif <-- www.rogersvillecoc.org /web/sermons/What Kind of Faith default_map.gif
106.07.13 19:23 B F:\CD Creations\DVD COC web site\sermons\What Kind of Faith\default_mf.htm <-- www.rogersvillecoc.org /web/sermons/What Kind of Faith default_mf.htm
106.07.13 19:23 B F:\CD Creations\DVD COC web site\sermons\What Kind of Faith\default_t.htm <-- www.rogersvillecoc.org /web/sermons/What Kind of Faith default_t.htm
106.07.13 19:24 B F:\CD Creations\DVD COC web site\sermons\What Kind of Faith\map_index.htm <-- www.rogersvillecoc.org /web/sermons/What Kind of Faith map_index.htm
106.07.13 19:24 B F:\CD Creations\DVD COC web site\sermons\What Kind of Faith\mapimage.gif <-- www.rogersvillecoc.org /web/sermons/What Kind of Faith mapimage.gif
106.07.13 19:24 B F:\CD Creations\DVD COC web site\sermons\What Kind of Faith\mf.htm <-- www.rogersvillecoc.org /web/sermons/What Kind of Faith mf.htm
106.07.14 14:53 B F:\CD Creations\DVD COC web site\sermons\What Kind of Faith\1x1.gif --> home.hiwaay.net /public_html/sermons/What Kind of Faith 1x1.gif
106.07.14 14:53 B F:\CD Creations\DVD COC web site\sermons\What Kind of Faith\bg_mapimage.gif --> home.hiwaay.net /public_html/sermons/What Kind of Faith bg_mapimage.gif
106.07.14 14:53 B F:\CD Creations\DVD COC web site\sermons\What Kind of Faith\default.htm --> home.hiwaay.net /public_html/sermons/What Kind of Faith default.htm
106.07.14 14:53 B F:\CD Creations\DVD COC web site\sermons\What Kind of Faith\default_cf.htm --> home.hiwaay.net /public_html/sermons/What Kind of Faith default_cf.htm
106.07.14 14:53 B F:\CD Creations\DVD COC web site\sermons\What Kind of Faith\default_l.htm --> home.hiwaay.net /public_html/sermons/What Kind of Faith default_l.htm
106.07.14 14:53 B F:\CD Creations\DVD COC web site\sermons\What Kind of Faith\default_m.htm --> home.hiwaay.net /public_html/sermons/What Kind of Faith default_m.htm
106.07.14 14:53 B F:\CD Creations\DVD COC web site\sermons\What Kind of Faith\default_map.gif --> home.hiwaay.net /public_html/sermons/What Kind of Faith default_map.gif
106.07.14 14:53 B F:\CD Creations\DVD COC web site\sermons\What Kind of Faith\default_mf.htm --> home.hiwaay.net /public_html/sermons/What Kind of Faith default_mf.htm
106.07.14 14:53 B F:\CD Creations\DVD COC web site\sermons\What Kind of Faith\default_t.htm --> home.hiwaay.net /public_html/sermons/What Kind of Faith default_t.htm
106.07.14 14:53 B F:\CD Creations\DVD COC web site\sermons\What Kind of Faith\mapimage.gif --> home.hiwaay.net /public_html/sermons/What Kind of Faith mapimage.gif
106.07.14 14:53 B F:\CD Creations\DVD COC web site\sermons\What Kind of Faith\map_index.htm --> home.hiwaay.net /public_html/sermons/What Kind of Faith map_index.htm
106.07.14 14:53 B F:\CD Creations\DVD COC web site\sermons\What Kind of Faith\mf.htm --> home.hiwaay.net /public_html/sermons/What Kind of Faith mf.htm
106.07.14 14:53 B F:\CD Creations\DVD COC web site\sermons\What Kind of Faith\TlxExport.dat --> home.hiwaay.net /public_html/sermons/What Kind of Faith TlxExport.dat
106.07.14 14:53 B F:\CD Creations\DVD COC web site\sermons\What Kind of Faith\TlxFiles.dat --> home.hiwaay.net /public_html/sermons/What Kind of Faith TlxFiles.dat
